2022-09-03 17:14:16,892 ERROR [http-nio-8080-exec-8] c.n.c.c.a.ExceptionAdvice [ExceptionAdvice.java:32] 服务器发生异常：Failed to convert value of type 'java.lang.String' to required type 'int'; nested exception is java.lang.NumberFormatException: For input string: "profile.html"
2022-09-03 17:14:16,894 ERROR [http-nio-8080-exec-8] c.n.c.c.a.ExceptionAdvice [ExceptionAdvice.java:35] org.springframework.web.method.annotation.AbstractNamedValueMethodArgumentResolver.resolveArgument(AbstractNamedValueMethodArgumentResolver.java:133)
2022-09-03 17:14:16,894 ERROR [http-nio-8080-exec-8] c.n.c.c.a.ExceptionAdvice [ExceptionAdvice.java:35] org.springframework.web.method.support.HandlerMethodArgumentResolverComposite.resolveArgument(HandlerMethodArgumentResolverComposite.java:122)
2022-09-03 17:14:16,894 ERROR [http-nio-8080-exec-8] c.n.c.c.a.ExceptionAdvice [ExceptionAdvice.java:35] org.springframework.web.method.support.InvocableHandlerMethod.getMethodArgumentValues(InvocableHandlerMethod.java:179)
2022-09-03 17:14:16,894 ERROR [http-nio-8080-exec-8] c.n.c.c.a.ExceptionAdvice [ExceptionAdvice.java:35] org.springframework.web.method.support.InvocableHandlerMethod.invokeForRequest(InvocableHandlerMethod.java:146)
2022-09-03 17:14:16,894 ERROR [http-nio-8080-exec-8] c.n.c.c.a.ExceptionAdvice [ExceptionAdvice.java:35] org.springframework.web.servlet.mvc.method.annotation.ServletInvocableHandlerMethod.invokeAndHandle(ServletInvocableHandlerMethod.java:117)
2022-09-03 17:14:16,894 ERROR [http-nio-8080-exec-8] c.n.c.c.a.ExceptionAdvice [ExceptionAdvice.java:35] org.springframework.web.servlet.mvc.method.annotation.RequestMappingHandlerAdapter.invokeHandlerMethod(RequestMappingHandlerAdapter.java:895)
2022-09-03 17:14:16,895 ERROR [http-nio-8080-exec-8] c.n.c.c.a.ExceptionAdvice [ExceptionAdvice.java:35] org.springframework.web.servlet.mvc.method.annotation.RequestMappingHandlerAdapter.handleInternal(RequestMappingHandlerAdapter.java:808)
2022-09-03 17:14:16,895 ERROR [http-nio-8080-exec-8] c.n.c.c.a.ExceptionAdvice [ExceptionAdvice.java:35] org.springframework.web.servlet.mvc.method.AbstractHandlerMethodAdapter.handle(AbstractHandlerMethodAdapter.java:87)
2022-09-03 17:14:16,895 ERROR [http-nio-8080-exec-8] c.n.c.c.a.ExceptionAdvice [ExceptionAdvice.java:35] org.springframework.web.servlet.DispatcherServlet.doDispatch(DispatcherServlet.java:1070)
2022-09-03 17:14:16,895 ERROR [http-nio-8080-exec-8] c.n.c.c.a.ExceptionAdvice [ExceptionAdvice.java:35] org.springframework.web.servlet.DispatcherServlet.doService(DispatcherServlet.java:963)
2022-09-03 17:14:16,895 ERROR [http-nio-8080-exec-8] c.n.c.c.a.ExceptionAdvice [ExceptionAdvice.java:35] org.springframework.web.servlet.FrameworkServlet.processRequest(FrameworkServlet.java:1006)
2022-09-03 17:14:16,895 ERROR [http-nio-8080-exec-8] c.n.c.c.a.ExceptionAdvice [ExceptionAdvice.java:35] org.springframework.web.servlet.FrameworkServlet.doGet(FrameworkServlet.java:898)
2022-09-03 17:14:16,895 ERROR [http-nio-8080-exec-8] c.n.c.c.a.ExceptionAdvice [ExceptionAdvice.java:35] javax.servlet.http.HttpServlet.service(HttpServlet.java:655)
2022-09-03 17:14:16,895 ERROR [http-nio-8080-exec-8] c.n.c.c.a.ExceptionAdvice [ExceptionAdvice.java:35] org.springframework.web.servlet.FrameworkServlet.service(FrameworkServlet.java:883)
2022-09-03 17:14:16,895 ERROR [http-nio-8080-exec-8] c.n.c.c.a.ExceptionAdvice [ExceptionAdvice.java:35] javax.servlet.http.HttpServlet.service(HttpServlet.java:764)
2022-09-03 17:14:16,895 ERROR [http-nio-8080-exec-8] c.n.c.c.a.ExceptionAdvice [ExceptionAdvice.java:35] org.apache.catalina.core.ApplicationFilterChain.internalDoFilter(ApplicationFilterChain.java:227)
2022-09-03 17:14:16,895 ERROR [http-nio-8080-exec-8] c.n.c.c.a.ExceptionAdvice [ExceptionAdvice.java:35] org.apache.catalina.core.ApplicationFilterChain.doFilter(ApplicationFilterChain.java:162)
2022-09-03 17:14:16,895 ERROR [http-nio-8080-exec-8] c.n.c.c.a.ExceptionAdvice [ExceptionAdvice.java:35] org.apache.tomcat.websocket.server.WsFilter.doFilter(WsFilter.java:53)
2022-09-03 17:14:16,895 ERROR [http-nio-8080-exec-8] c.n.c.c.a.ExceptionAdvice [ExceptionAdvice.java:35] org.apache.catalina.core.ApplicationFilterChain.internalDoFilter(ApplicationFilterChain.java:189)
2022-09-03 17:14:16,895 ERROR [http-nio-8080-exec-8] c.n.c.c.a.ExceptionAdvice [ExceptionAdvice.java:35] org.apache.catalina.core.ApplicationFilterChain.doFilter(ApplicationFilterChain.java:162)
2022-09-03 17:14:16,895 ERROR [http-nio-8080-exec-8] c.n.c.c.a.ExceptionAdvice [ExceptionAdvice.java:35] org.springframework.web.filter.RequestContextFilter.doFilterInternal(RequestContextFilter.java:100)
2022-09-03 17:14:16,895 ERROR [http-nio-8080-exec-8] c.n.c.c.a.ExceptionAdvice [ExceptionAdvice.java:35] org.springframework.web.filter.OncePerRequestFilter.doFilter(OncePerRequestFilter.java:117)
2022-09-03 17:14:16,895 ERROR [http-nio-8080-exec-8] c.n.c.c.a.ExceptionAdvice [ExceptionAdvice.java:35] org.apache.catalina.core.ApplicationFilterChain.internalDoFilter(ApplicationFilterChain.java:189)
2022-09-03 17:14:16,896 ERROR [http-nio-8080-exec-8] c.n.c.c.a.ExceptionAdvice [ExceptionAdvice.java:35] org.apache.catalina.core.ApplicationFilterChain.doFilter(ApplicationFilterChain.java:162)
2022-09-03 17:14:16,896 ERROR [http-nio-8080-exec-8] c.n.c.c.a.ExceptionAdvice [ExceptionAdvice.java:35] org.springframework.web.filter.FormContentFilter.doFilterInternal(FormContentFilter.java:93)
2022-09-03 17:14:16,896 ERROR [http-nio-8080-exec-8] c.n.c.c.a.ExceptionAdvice [ExceptionAdvice.java:35] org.springframework.web.filter.OncePerRequestFilter.doFilter(OncePerRequestFilter.java:117)
2022-09-03 17:14:16,896 ERROR [http-nio-8080-exec-8] c.n.c.c.a.ExceptionAdvice [ExceptionAdvice.java:35] org.apache.catalina.core.ApplicationFilterChain.internalDoFilter(ApplicationFilterChain.java:189)
2022-09-03 17:14:16,896 ERROR [http-nio-8080-exec-8] c.n.c.c.a.ExceptionAdvice [ExceptionAdvice.java:35] org.apache.catalina.core.ApplicationFilterChain.doFilter(ApplicationFilterChain.java:162)
2022-09-03 17:14:16,896 ERROR [http-nio-8080-exec-8] c.n.c.c.a.ExceptionAdvice [ExceptionAdvice.java:35] org.springframework.web.filter.CharacterEncodingFilter.doFilterInternal(CharacterEncodingFilter.java:201)
2022-09-03 17:14:16,896 ERROR [http-nio-8080-exec-8] c.n.c.c.a.ExceptionAdvice [ExceptionAdvice.java:35] org.springframework.web.filter.OncePerRequestFilter.doFilter(OncePerRequestFilter.java:117)
2022-09-03 17:14:16,896 ERROR [http-nio-8080-exec-8] c.n.c.c.a.ExceptionAdvice [ExceptionAdvice.java:35] org.apache.catalina.core.ApplicationFilterChain.internalDoFilter(ApplicationFilterChain.java:189)
2022-09-03 17:14:16,896 ERROR [http-nio-8080-exec-8] c.n.c.c.a.ExceptionAdvice [ExceptionAdvice.java:35] org.apache.catalina.core.ApplicationFilterChain.doFilter(ApplicationFilterChain.java:162)
2022-09-03 17:14:16,897 ERROR [http-nio-8080-exec-8] c.n.c.c.a.ExceptionAdvice [ExceptionAdvice.java:35] org.apache.catalina.core.StandardWrapperValve.invoke(StandardWrapperValve.java:197)
2022-09-03 17:14:16,897 ERROR [http-nio-8080-exec-8] c.n.c.c.a.ExceptionAdvice [ExceptionAdvice.java:35] org.apache.catalina.core.StandardContextValve.invoke(StandardContextValve.java:97)
2022-09-03 17:14:16,897 ERROR [http-nio-8080-exec-8] c.n.c.c.a.ExceptionAdvice [ExceptionAdvice.java:35] org.apache.catalina.authenticator.AuthenticatorBase.invoke(AuthenticatorBase.java:541)
2022-09-03 17:14:16,897 ERROR [http-nio-8080-exec-8] c.n.c.c.a.ExceptionAdvice [ExceptionAdvice.java:35] org.apache.catalina.core.StandardHostValve.invoke(StandardHostValve.java:135)
2022-09-03 17:14:16,897 ERROR [http-nio-8080-exec-8] c.n.c.c.a.ExceptionAdvice [ExceptionAdvice.java:35] org.apache.catalina.valves.ErrorReportValve.invoke(ErrorReportValve.java:92)
2022-09-03 17:14:16,897 ERROR [http-nio-8080-exec-8] c.n.c.c.a.ExceptionAdvice [ExceptionAdvice.java:35] org.apache.catalina.core.StandardEngineValve.invoke(StandardEngineValve.java:78)
2022-09-03 17:14:16,898 ERROR [http-nio-8080-exec-8] c.n.c.c.a.ExceptionAdvice [ExceptionAdvice.java:35] org.apache.catalina.connector.CoyoteAdapter.service(CoyoteAdapter.java:360)
2022-09-03 17:14:16,898 ERROR [http-nio-8080-exec-8] c.n.c.c.a.ExceptionAdvice [ExceptionAdvice.java:35] org.apache.coyote.http11.Http11Processor.service(Http11Processor.java:399)
2022-09-03 17:14:16,898 ERROR [http-nio-8080-exec-8] c.n.c.c.a.ExceptionAdvice [ExceptionAdvice.java:35] org.apache.coyote.AbstractProcessorLight.process(AbstractProcessorLight.java:65)
2022-09-03 17:14:16,898 ERROR [http-nio-8080-exec-8] c.n.c.c.a.ExceptionAdvice [ExceptionAdvice.java:35] org.apache.coyote.AbstractProtocol$ConnectionHandler.process(AbstractProtocol.java:890)
2022-09-03 17:14:16,898 ERROR [http-nio-8080-exec-8] c.n.c.c.a.ExceptionAdvice [ExceptionAdvice.java:35] org.apache.tomcat.util.net.NioEndpoint$SocketProcessor.doRun(NioEndpoint.java:1789)
2022-09-03 17:14:16,898 ERROR [http-nio-8080-exec-8] c.n.c.c.a.ExceptionAdvice [ExceptionAdvice.java:35] org.apache.tomcat.util.net.SocketProcessorBase.run(SocketProcessorBase.java:49)
2022-09-03 17:14:16,899 ERROR [http-nio-8080-exec-8] c.n.c.c.a.ExceptionAdvice [ExceptionAdvice.java:35] org.apache.tomcat.util.threads.ThreadPoolExecutor.runWorker(ThreadPoolExecutor.java:1191)
2022-09-03 17:14:16,899 ERROR [http-nio-8080-exec-8] c.n.c.c.a.ExceptionAdvice [ExceptionAdvice.java:35] org.apache.tomcat.util.threads.ThreadPoolExecutor$Worker.run(ThreadPoolExecutor.java:659)
2022-09-03 17:14:16,899 ERROR [http-nio-8080-exec-8] c.n.c.c.a.ExceptionAdvice [ExceptionAdvice.java:35] org.apache.tomcat.util.threads.TaskThread$WrappingRunnable.run(TaskThread.java:61)
2022-09-03 17:14:16,899 ERROR [http-nio-8080-exec-8] c.n.c.c.a.ExceptionAdvice [ExceptionAdvice.java:35] java.base/java.lang.Thread.run(Thread.java:833)
