2022-09-03 16:28:02,766 INFO [restartedMain] c.n.c.CommunityApplication [StartupInfoLogger.java:55] Starting CommunityApplication using Java 18.0.2 on wukaiwendeMacBook-Air.local with PID 96462 (/Users/wukaiwen/code/java/community/target/classes started by wukaiwen in /Users/wukaiwen/code/java/community)
2022-09-03 16:28:02,773 INFO [restartedMain] c.n.c.CommunityApplication [SpringApplication.java:634] No active profile set, falling back to 1 default profile: "default"
2022-09-03 16:28:02,803 INFO [restartedMain] o.s.b.d.e.DevToolsPropertyDefaultsPostProcessor [DeferredLog.java:255] Devtools property defaults active! Set 'spring.devtools.add-properties' to 'false' to disable
2022-09-03 16:28:02,803 INFO [restartedMain] o.s.b.d.e.DevToolsPropertyDefaultsPostProcessor [DeferredLog.java:255] For additional web related logging consider setting the 'logging.level.web' property to 'DEBUG'
2022-09-03 16:28:03,205 INFO [restartedMain] o.s.d.r.c.RepositoryConfigurationDelegate [RepositoryConfigurationDelegate.java:262] Multiple Spring Data modules found, entering strict repository configuration mode
2022-09-03 16:28:03,206 INFO [restartedMain] o.s.d.r.c.RepositoryConfigurationDelegate [RepositoryConfigurationDelegate.java:132] Bootstrapping Spring Data Redis repositories in DEFAULT mode.
2022-09-03 16:28:03,220 INFO [restartedMain] o.s.d.r.c.RepositoryConfigurationDelegate [RepositoryConfigurationDelegate.java:201] Finished Spring Data repository scanning in 5 ms. Found 0 Redis repository interfaces.
2022-09-03 16:28:03,712 INFO [restartedMain] o.s.b.w.e.t.TomcatWebServer [TomcatWebServer.java:108] Tomcat initialized with port(s): 8080 (http)
2022-09-03 16:28:03,716 INFO [restartedMain] o.a.c.h.Http11NioProtocol [DirectJDKLog.java:173] Initializing ProtocolHandler ["http-nio-8080"]
2022-09-03 16:28:03,717 INFO [restartedMain] o.a.c.c.StandardService [DirectJDKLog.java:173] Starting service [Tomcat]
2022-09-03 16:28:03,717 INFO [restartedMain] o.a.c.c.StandardEngine [DirectJDKLog.java:173] Starting Servlet engine: [Apache Tomcat/9.0.65]
2022-09-03 16:28:03,744 INFO [restartedMain] o.a.c.c.C.[.[.[/community] [DirectJDKLog.java:173] Initializing Spring embedded WebApplicationContext
2022-09-03 16:28:03,744 INFO [restartedMain] o.s.b.w.s.c.ServletWebServerApplicationContext [ServletWebServerApplicationContext.java:292] Root WebApplicationContext: initialization completed in 940 ms
2022-09-03 16:28:04,269 INFO [restartedMain] o.s.b.a.w.s.WelcomePageHandlerMapping [WelcomePageHandlerMapping.java:57] Adding welcome page template: index
2022-09-03 16:28:04,475 INFO [restartedMain] o.s.b.d.a.OptionalLiveReloadServer [OptionalLiveReloadServer.java:58] LiveReload server is running on port 35729
2022-09-03 16:28:04,485 INFO [restartedMain] o.a.c.h.Http11NioProtocol [DirectJDKLog.java:173] Starting ProtocolHandler ["http-nio-8080"]
2022-09-03 16:28:04,493 INFO [restartedMain] o.s.b.w.e.t.TomcatWebServer [TomcatWebServer.java:220] Tomcat started on port(s): 8080 (http) with context path '/community'
2022-09-03 16:28:04,498 INFO [restartedMain] c.n.c.CommunityApplication [StartupInfoLogger.java:61] Started CommunityApplication in 2.119 seconds (JVM running for 2.402)
2022-09-03 16:28:06,707 INFO [http-nio-8080-exec-1] o.a.c.c.C.[.[.[/community] [DirectJDKLog.java:173] Initializing Spring DispatcherServlet 'dispatcherServlet'
2022-09-03 16:28:06,707 INFO [http-nio-8080-exec-1] o.s.w.s.DispatcherServlet [FrameworkServlet.java:525] Initializing Servlet 'dispatcherServlet'
2022-09-03 16:28:06,708 INFO [http-nio-8080-exec-1] o.s.w.s.DispatcherServlet [FrameworkServlet.java:547] Completed initialization in 1 ms
2022-09-03 16:28:06,730 INFO [http-nio-8080-exec-1] c.n.c.c.a.ServiceLogAspect [ServiceLogAspect.java:43] 用户[0:0:0:0:0:0:0:1]，在[2022-09-03 16:28:06]，访问了[com.nowcoder.community.service.DiscussPostService.findDiscussPostRows].
2022-09-03 16:28:06,749 INFO [http-nio-8080-exec-1] c.z.h.HikariDataSource [HikariDataSource.java:110] HikariPool-1 - Starting...
2022-09-03 16:28:06,851 INFO [http-nio-8080-exec-1] c.z.h.HikariDataSource [HikariDataSource.java:123] HikariPool-1 - Start completed.
2022-09-03 16:28:06,892 INFO [http-nio-8080-exec-1] c.n.c.c.a.ServiceLogAspect [ServiceLogAspect.java:43] 用户[0:0:0:0:0:0:0:1]，在[2022-09-03 16:28:06]，访问了[com.nowcoder.community.service.DiscussPostService.findDiscussPosts].
2022-09-03 16:28:06,909 INFO [http-nio-8080-exec-1] c.n.c.c.a.ServiceLogAspect [ServiceLogAspect.java:43] 用户[0:0:0:0:0:0:0:1]，在[2022-09-03 16:28:06]，访问了[com.nowcoder.community.service.UserService.findUserById].
2022-09-03 16:28:06,914 INFO [http-nio-8080-exec-1] c.n.c.c.a.ServiceLogAspect [ServiceLogAspect.java:43] 用户[0:0:0:0:0:0:0:1]，在[2022-09-03 16:28:06]，访问了[com.nowcoder.community.service.LikeService.findEntityLikeCount].
2022-09-03 16:28:07,046 INFO [http-nio-8080-exec-1] c.n.c.c.a.ServiceLogAspect [ServiceLogAspect.java:43] 用户[0:0:0:0:0:0:0:1]，在[2022-09-03 16:28:07]，访问了[com.nowcoder.community.service.UserService.findUserById].
2022-09-03 16:28:07,048 INFO [http-nio-8080-exec-1] c.n.c.c.a.ServiceLogAspect [ServiceLogAspect.java:43] 用户[0:0:0:0:0:0:0:1]，在[2022-09-03 16:28:07]，访问了[com.nowcoder.community.service.LikeService.findEntityLikeCount].
2022-09-03 16:28:07,049 INFO [http-nio-8080-exec-1] c.n.c.c.a.ServiceLogAspect [ServiceLogAspect.java:43] 用户[0:0:0:0:0:0:0:1]，在[2022-09-03 16:28:07]，访问了[com.nowcoder.community.service.UserService.findUserById].
2022-09-03 16:28:07,050 INFO [http-nio-8080-exec-1] c.n.c.c.a.ServiceLogAspect [ServiceLogAspect.java:43] 用户[0:0:0:0:0:0:0:1]，在[2022-09-03 16:28:07]，访问了[com.nowcoder.community.service.LikeService.findEntityLikeCount].
2022-09-03 16:28:07,052 INFO [http-nio-8080-exec-1] c.n.c.c.a.ServiceLogAspect [ServiceLogAspect.java:43] 用户[0:0:0:0:0:0:0:1]，在[2022-09-03 16:28:07]，访问了[com.nowcoder.community.service.UserService.findUserById].
2022-09-03 16:28:07,053 INFO [http-nio-8080-exec-1] c.n.c.c.a.ServiceLogAspect [ServiceLogAspect.java:43] 用户[0:0:0:0:0:0:0:1]，在[2022-09-03 16:28:07]，访问了[com.nowcoder.community.service.LikeService.findEntityLikeCount].
2022-09-03 16:28:07,054 INFO [http-nio-8080-exec-1] c.n.c.c.a.ServiceLogAspect [ServiceLogAspect.java:43] 用户[0:0:0:0:0:0:0:1]，在[2022-09-03 16:28:07]，访问了[com.nowcoder.community.service.UserService.findUserById].
2022-09-03 16:28:07,056 INFO [http-nio-8080-exec-1] c.n.c.c.a.ServiceLogAspect [ServiceLogAspect.java:43] 用户[0:0:0:0:0:0:0:1]，在[2022-09-03 16:28:07]，访问了[com.nowcoder.community.service.LikeService.findEntityLikeCount].
2022-09-03 16:28:07,057 INFO [http-nio-8080-exec-1] c.n.c.c.a.ServiceLogAspect [ServiceLogAspect.java:43] 用户[0:0:0:0:0:0:0:1]，在[2022-09-03 16:28:07]，访问了[com.nowcoder.community.service.UserService.findUserById].
2022-09-03 16:28:07,058 INFO [http-nio-8080-exec-1] c.n.c.c.a.ServiceLogAspect [ServiceLogAspect.java:43] 用户[0:0:0:0:0:0:0:1]，在[2022-09-03 16:28:07]，访问了[com.nowcoder.community.service.LikeService.findEntityLikeCount].
2022-09-03 16:28:07,059 INFO [http-nio-8080-exec-1] c.n.c.c.a.ServiceLogAspect [ServiceLogAspect.java:43] 用户[0:0:0:0:0:0:0:1]，在[2022-09-03 16:28:07]，访问了[com.nowcoder.community.service.UserService.findUserById].
2022-09-03 16:28:07,067 INFO [http-nio-8080-exec-1] c.n.c.c.a.ServiceLogAspect [ServiceLogAspect.java:43] 用户[0:0:0:0:0:0:0:1]，在[2022-09-03 16:28:07]，访问了[com.nowcoder.community.service.LikeService.findEntityLikeCount].
2022-09-03 16:28:07,069 INFO [http-nio-8080-exec-1] c.n.c.c.a.ServiceLogAspect [ServiceLogAspect.java:43] 用户[0:0:0:0:0:0:0:1]，在[2022-09-03 16:28:07]，访问了[com.nowcoder.community.service.UserService.findUserById].
2022-09-03 16:28:07,071 INFO [http-nio-8080-exec-1] c.n.c.c.a.ServiceLogAspect [ServiceLogAspect.java:43] 用户[0:0:0:0:0:0:0:1]，在[2022-09-03 16:28:07]，访问了[com.nowcoder.community.service.LikeService.findEntityLikeCount].
2022-09-03 16:28:07,073 INFO [http-nio-8080-exec-1] c.n.c.c.a.ServiceLogAspect [ServiceLogAspect.java:43] 用户[0:0:0:0:0:0:0:1]，在[2022-09-03 16:28:07]，访问了[com.nowcoder.community.service.UserService.findUserById].
2022-09-03 16:28:07,075 INFO [http-nio-8080-exec-1] c.n.c.c.a.ServiceLogAspect [ServiceLogAspect.java:43] 用户[0:0:0:0:0:0:0:1]，在[2022-09-03 16:28:07]，访问了[com.nowcoder.community.service.LikeService.findEntityLikeCount].
2022-09-03 16:28:07,076 INFO [http-nio-8080-exec-1] c.n.c.c.a.ServiceLogAspect [ServiceLogAspect.java:43] 用户[0:0:0:0:0:0:0:1]，在[2022-09-03 16:28:07]，访问了[com.nowcoder.community.service.UserService.findUserById].
2022-09-03 16:28:07,077 INFO [http-nio-8080-exec-1] c.n.c.c.a.ServiceLogAspect [ServiceLogAspect.java:43] 用户[0:0:0:0:0:0:0:1]，在[2022-09-03 16:28:07]，访问了[com.nowcoder.community.service.LikeService.findEntityLikeCount].
2022-09-03 16:28:14,042 INFO [http-nio-8080-exec-6] c.n.c.c.a.ServiceLogAspect [ServiceLogAspect.java:43] 用户[0:0:0:0:0:0:0:1]，在[2022-09-03 16:28:14]，访问了[com.nowcoder.community.service.DiscussPostService.findDiscussPostById].
2022-09-03 16:28:14,049 INFO [http-nio-8080-exec-6] c.n.c.c.a.ServiceLogAspect [ServiceLogAspect.java:43] 用户[0:0:0:0:0:0:0:1]，在[2022-09-03 16:28:14]，访问了[com.nowcoder.community.service.UserService.findUserById].
2022-09-03 16:28:14,054 INFO [http-nio-8080-exec-6] c.n.c.c.a.ServiceLogAspect [ServiceLogAspect.java:43] 用户[0:0:0:0:0:0:0:1]，在[2022-09-03 16:28:14]，访问了[com.nowcoder.community.service.LikeService.findEntityLikeCount].
2022-09-03 16:28:14,057 INFO [http-nio-8080-exec-6] c.n.c.c.a.ServiceLogAspect [ServiceLogAspect.java:43] 用户[0:0:0:0:0:0:0:1]，在[2022-09-03 16:28:14]，访问了[com.nowcoder.community.service.CommentService.findCommentsByEntity].
2022-09-03 16:28:14,067 INFO [http-nio-8080-exec-6] c.n.c.c.a.ServiceLogAspect [ServiceLogAspect.java:43] 用户[0:0:0:0:0:0:0:1]，在[2022-09-03 16:28:14]，访问了[com.nowcoder.community.service.UserService.findUserById].
2022-09-03 16:28:14,069 INFO [http-nio-8080-exec-6] c.n.c.c.a.ServiceLogAspect [ServiceLogAspect.java:43] 用户[0:0:0:0:0:0:0:1]，在[2022-09-03 16:28:14]，访问了[com.nowcoder.community.service.LikeService.findEntityLikeCount].
2022-09-03 16:28:14,071 INFO [http-nio-8080-exec-6] c.n.c.c.a.ServiceLogAspect [ServiceLogAspect.java:43] 用户[0:0:0:0:0:0:0:1]，在[2022-09-03 16:28:14]，访问了[com.nowcoder.community.service.CommentService.findCommentsByEntity].
2022-09-03 16:28:14,081 INFO [http-nio-8080-exec-6] c.n.c.c.a.ServiceLogAspect [ServiceLogAspect.java:43] 用户[0:0:0:0:0:0:0:1]，在[2022-09-03 16:28:14]，访问了[com.nowcoder.community.service.UserService.findUserById].
2022-09-03 16:28:14,083 INFO [http-nio-8080-exec-6] c.n.c.c.a.ServiceLogAspect [ServiceLogAspect.java:43] 用户[0:0:0:0:0:0:0:1]，在[2022-09-03 16:28:14]，访问了[com.nowcoder.community.service.LikeService.findEntityLikeCount].
2022-09-03 16:28:14,084 INFO [http-nio-8080-exec-6] c.n.c.c.a.ServiceLogAspect [ServiceLogAspect.java:43] 用户[0:0:0:0:0:0:0:1]，在[2022-09-03 16:28:14]，访问了[com.nowcoder.community.service.CommentService.findCommentCount].
2022-09-03 16:28:14,086 INFO [http-nio-8080-exec-6] c.n.c.c.a.ServiceLogAspect [ServiceLogAspect.java:43] 用户[0:0:0:0:0:0:0:1]，在[2022-09-03 16:28:14]，访问了[com.nowcoder.community.service.UserService.findUserById].
2022-09-03 16:28:14,088 INFO [http-nio-8080-exec-6] c.n.c.c.a.ServiceLogAspect [ServiceLogAspect.java:43] 用户[0:0:0:0:0:0:0:1]，在[2022-09-03 16:28:14]，访问了[com.nowcoder.community.service.LikeService.findEntityLikeCount].
2022-09-03 16:28:14,088 INFO [http-nio-8080-exec-6] c.n.c.c.a.ServiceLogAspect [ServiceLogAspect.java:43] 用户[0:0:0:0:0:0:0:1]，在[2022-09-03 16:28:14]，访问了[com.nowcoder.community.service.CommentService.findCommentsByEntity].
2022-09-03 16:28:14,090 INFO [http-nio-8080-exec-6] c.n.c.c.a.ServiceLogAspect [ServiceLogAspect.java:43] 用户[0:0:0:0:0:0:0:1]，在[2022-09-03 16:28:14]，访问了[com.nowcoder.community.service.CommentService.findCommentCount].
2022-09-03 16:28:14,091 INFO [http-nio-8080-exec-6] c.n.c.c.a.ServiceLogAspect [ServiceLogAspect.java:43] 用户[0:0:0:0:0:0:0:1]，在[2022-09-03 16:28:14]，访问了[com.nowcoder.community.service.UserService.findUserById].
2022-09-03 16:28:14,092 INFO [http-nio-8080-exec-6] c.n.c.c.a.ServiceLogAspect [ServiceLogAspect.java:43] 用户[0:0:0:0:0:0:0:1]，在[2022-09-03 16:28:14]，访问了[com.nowcoder.community.service.LikeService.findEntityLikeCount].
2022-09-03 16:28:14,094 INFO [http-nio-8080-exec-6] c.n.c.c.a.ServiceLogAspect [ServiceLogAspect.java:43] 用户[0:0:0:0:0:0:0:1]，在[2022-09-03 16:28:14]，访问了[com.nowcoder.community.service.CommentService.findCommentsByEntity].
2022-09-03 16:28:14,095 INFO [http-nio-8080-exec-6] c.n.c.c.a.ServiceLogAspect [ServiceLogAspect.java:43] 用户[0:0:0:0:0:0:0:1]，在[2022-09-03 16:28:14]，访问了[com.nowcoder.community.service.CommentService.findCommentCount].
2022-09-03 16:28:14,097 INFO [http-nio-8080-exec-6] c.n.c.c.a.ServiceLogAspect [ServiceLogAspect.java:43] 用户[0:0:0:0:0:0:0:1]，在[2022-09-03 16:28:14]，访问了[com.nowcoder.community.service.UserService.findUserById].
2022-09-03 16:28:14,102 INFO [http-nio-8080-exec-6] c.n.c.c.a.ServiceLogAspect [ServiceLogAspect.java:43] 用户[0:0:0:0:0:0:0:1]，在[2022-09-03 16:28:14]，访问了[com.nowcoder.community.service.LikeService.findEntityLikeCount].
2022-09-03 16:28:14,105 INFO [http-nio-8080-exec-6] c.n.c.c.a.ServiceLogAspect [ServiceLogAspect.java:43] 用户[0:0:0:0:0:0:0:1]，在[2022-09-03 16:28:14]，访问了[com.nowcoder.community.service.CommentService.findCommentsByEntity].
2022-09-03 16:28:14,108 INFO [http-nio-8080-exec-6] c.n.c.c.a.ServiceLogAspect [ServiceLogAspect.java:43] 用户[0:0:0:0:0:0:0:1]，在[2022-09-03 16:28:14]，访问了[com.nowcoder.community.service.CommentService.findCommentCount].
2022-09-03 16:28:14,110 INFO [http-nio-8080-exec-6] c.n.c.c.a.ServiceLogAspect [ServiceLogAspect.java:43] 用户[0:0:0:0:0:0:0:1]，在[2022-09-03 16:28:14]，访问了[com.nowcoder.community.service.UserService.findUserById].
2022-09-03 16:28:14,112 INFO [http-nio-8080-exec-6] c.n.c.c.a.ServiceLogAspect [ServiceLogAspect.java:43] 用户[0:0:0:0:0:0:0:1]，在[2022-09-03 16:28:14]，访问了[com.nowcoder.community.service.LikeService.findEntityLikeCount].
2022-09-03 16:28:14,113 INFO [http-nio-8080-exec-6] c.n.c.c.a.ServiceLogAspect [ServiceLogAspect.java:43] 用户[0:0:0:0:0:0:0:1]，在[2022-09-03 16:28:14]，访问了[com.nowcoder.community.service.CommentService.findCommentsByEntity].
2022-09-03 16:28:14,115 INFO [http-nio-8080-exec-6] c.n.c.c.a.ServiceLogAspect [ServiceLogAspect.java:43] 用户[0:0:0:0:0:0:0:1]，在[2022-09-03 16:28:14]，访问了[com.nowcoder.community.service.CommentService.findCommentCount].
2022-09-03 16:28:19,681 INFO [http-nio-8080-exec-1] c.n.c.c.a.ServiceLogAspect [ServiceLogAspect.java:43] 用户[0:0:0:0:0:0:0:1]，在[2022-09-03 16:28:19]，访问了[com.nowcoder.community.service.UserService.findUserById].
2022-09-03 16:28:19,687 INFO [http-nio-8080-exec-1] c.n.c.c.a.ServiceLogAspect [ServiceLogAspect.java:43] 用户[0:0:0:0:0:0:0:1]，在[2022-09-03 16:28:19]，访问了[com.nowcoder.community.service.LikeService.findUserLikeCount].
2022-09-03 16:29:02,813 INFO [http-nio-8080-exec-3] c.n.c.c.a.ServiceLogAspect [ServiceLogAspect.java:43] 用户[0:0:0:0:0:0:0:1]，在[2022-09-03 16:29:02]，访问了[com.nowcoder.community.service.UserService.login].
2022-09-03 16:29:02,850 INFO [http-nio-8080-exec-4] c.n.c.c.a.ServiceLogAspect [ServiceLogAspect.java:43] 用户[0:0:0:0:0:0:0:1]，在[2022-09-03 16:29:02]，访问了[com.nowcoder.community.service.UserService.findLoginTicket].
2022-09-03 16:29:02,853 INFO [http-nio-8080-exec-4] c.n.c.c.a.ServiceLogAspect [ServiceLogAspect.java:43] 用户[0:0:0:0:0:0:0:1]，在[2022-09-03 16:29:02]，访问了[com.nowcoder.community.service.UserService.findUserById].
2022-09-03 16:29:02,854 INFO [http-nio-8080-exec-4] c.n.c.c.a.ServiceLogAspect [ServiceLogAspect.java:43] 用户[0:0:0:0:0:0:0:1]，在[2022-09-03 16:29:02]，访问了[com.nowcoder.community.service.DiscussPostService.findDiscussPostRows].
2022-09-03 16:29:02,856 INFO [http-nio-8080-exec-4] c.n.c.c.a.ServiceLogAspect [ServiceLogAspect.java:43] 用户[0:0:0:0:0:0:0:1]，在[2022-09-03 16:29:02]，访问了[com.nowcoder.community.service.DiscussPostService.findDiscussPosts].
2022-09-03 16:29:02,892 INFO [http-nio-8080-exec-4] c.n.c.c.a.ServiceLogAspect [ServiceLogAspect.java:43] 用户[0:0:0:0:0:0:0:1]，在[2022-09-03 16:29:02]，访问了[com.nowcoder.community.service.UserService.findUserById].
2022-09-03 16:29:02,896 INFO [http-nio-8080-exec-4] c.n.c.c.a.ServiceLogAspect [ServiceLogAspect.java:43] 用户[0:0:0:0:0:0:0:1]，在[2022-09-03 16:29:02]，访问了[com.nowcoder.community.service.LikeService.findEntityLikeCount].
2022-09-03 16:29:02,897 INFO [http-nio-8080-exec-4] c.n.c.c.a.ServiceLogAspect [ServiceLogAspect.java:43] 用户[0:0:0:0:0:0:0:1]，在[2022-09-03 16:29:02]，访问了[com.nowcoder.community.service.UserService.findUserById].
2022-09-03 16:29:02,899 INFO [http-nio-8080-exec-4] c.n.c.c.a.ServiceLogAspect [ServiceLogAspect.java:43] 用户[0:0:0:0:0:0:0:1]，在[2022-09-03 16:29:02]，访问了[com.nowcoder.community.service.LikeService.findEntityLikeCount].
2022-09-03 16:29:02,901 INFO [http-nio-8080-exec-4] c.n.c.c.a.ServiceLogAspect [ServiceLogAspect.java:43] 用户[0:0:0:0:0:0:0:1]，在[2022-09-03 16:29:02]，访问了[com.nowcoder.community.service.UserService.findUserById].
2022-09-03 16:29:02,902 INFO [http-nio-8080-exec-4] c.n.c.c.a.ServiceLogAspect [ServiceLogAspect.java:43] 用户[0:0:0:0:0:0:0:1]，在[2022-09-03 16:29:02]，访问了[com.nowcoder.community.service.LikeService.findEntityLikeCount].
2022-09-03 16:29:02,903 INFO [http-nio-8080-exec-4] c.n.c.c.a.ServiceLogAspect [ServiceLogAspect.java:43] 用户[0:0:0:0:0:0:0:1]，在[2022-09-03 16:29:02]，访问了[com.nowcoder.community.service.UserService.findUserById].
2022-09-03 16:29:02,904 INFO [http-nio-8080-exec-4] c.n.c.c.a.ServiceLogAspect [ServiceLogAspect.java:43] 用户[0:0:0:0:0:0:0:1]，在[2022-09-03 16:29:02]，访问了[com.nowcoder.community.service.LikeService.findEntityLikeCount].
2022-09-03 16:29:02,904 INFO [http-nio-8080-exec-4] c.n.c.c.a.ServiceLogAspect [ServiceLogAspect.java:43] 用户[0:0:0:0:0:0:0:1]，在[2022-09-03 16:29:02]，访问了[com.nowcoder.community.service.UserService.findUserById].
2022-09-03 16:29:02,905 INFO [http-nio-8080-exec-4] c.n.c.c.a.ServiceLogAspect [ServiceLogAspect.java:43] 用户[0:0:0:0:0:0:0:1]，在[2022-09-03 16:29:02]，访问了[com.nowcoder.community.service.LikeService.findEntityLikeCount].
2022-09-03 16:29:02,905 INFO [http-nio-8080-exec-4] c.n.c.c.a.ServiceLogAspect [ServiceLogAspect.java:43] 用户[0:0:0:0:0:0:0:1]，在[2022-09-03 16:29:02]，访问了[com.nowcoder.community.service.UserService.findUserById].
2022-09-03 16:29:02,906 INFO [http-nio-8080-exec-4] c.n.c.c.a.ServiceLogAspect [ServiceLogAspect.java:43] 用户[0:0:0:0:0:0:0:1]，在[2022-09-03 16:29:02]，访问了[com.nowcoder.community.service.LikeService.findEntityLikeCount].
2022-09-03 16:29:02,908 INFO [http-nio-8080-exec-4] c.n.c.c.a.ServiceLogAspect [ServiceLogAspect.java:43] 用户[0:0:0:0:0:0:0:1]，在[2022-09-03 16:29:02]，访问了[com.nowcoder.community.service.UserService.findUserById].
2022-09-03 16:29:02,909 INFO [http-nio-8080-exec-4] c.n.c.c.a.ServiceLogAspect [ServiceLogAspect.java:43] 用户[0:0:0:0:0:0:0:1]，在[2022-09-03 16:29:02]，访问了[com.nowcoder.community.service.LikeService.findEntityLikeCount].
2022-09-03 16:29:02,910 INFO [http-nio-8080-exec-4] c.n.c.c.a.ServiceLogAspect [ServiceLogAspect.java:43] 用户[0:0:0:0:0:0:0:1]，在[2022-09-03 16:29:02]，访问了[com.nowcoder.community.service.UserService.findUserById].
2022-09-03 16:29:02,911 INFO [http-nio-8080-exec-4] c.n.c.c.a.ServiceLogAspect [ServiceLogAspect.java:43] 用户[0:0:0:0:0:0:0:1]，在[2022-09-03 16:29:02]，访问了[com.nowcoder.community.service.LikeService.findEntityLikeCount].
2022-09-03 16:29:02,912 INFO [http-nio-8080-exec-4] c.n.c.c.a.ServiceLogAspect [ServiceLogAspect.java:43] 用户[0:0:0:0:0:0:0:1]，在[2022-09-03 16:29:02]，访问了[com.nowcoder.community.service.UserService.findUserById].
2022-09-03 16:29:02,914 INFO [http-nio-8080-exec-4] c.n.c.c.a.ServiceLogAspect [ServiceLogAspect.java:43] 用户[0:0:0:0:0:0:0:1]，在[2022-09-03 16:29:02]，访问了[com.nowcoder.community.service.LikeService.findEntityLikeCount].
2022-09-03 16:29:02,915 INFO [http-nio-8080-exec-4] c.n.c.c.a.ServiceLogAspect [ServiceLogAspect.java:43] 用户[0:0:0:0:0:0:0:1]，在[2022-09-03 16:29:02]，访问了[com.nowcoder.community.service.UserService.findUserById].
2022-09-03 16:29:02,916 INFO [http-nio-8080-exec-4] c.n.c.c.a.ServiceLogAspect [ServiceLogAspect.java:43] 用户[0:0:0:0:0:0:0:1]，在[2022-09-03 16:29:02]，访问了[com.nowcoder.community.service.LikeService.findEntityLikeCount].
2022-09-03 16:29:02,937 INFO [http-nio-8080-exec-7] c.n.c.c.a.ServiceLogAspect [ServiceLogAspect.java:43] 用户[0:0:0:0:0:0:0:1]，在[2022-09-03 16:29:02]，访问了[com.nowcoder.community.service.UserService.findLoginTicket].
2022-09-03 16:29:02,942 INFO [http-nio-8080-exec-7] c.n.c.c.a.ServiceLogAspect [ServiceLogAspect.java:43] 用户[0:0:0:0:0:0:0:1]，在[2022-09-03 16:29:02]，访问了[com.nowcoder.community.service.UserService.findUserById].
2022-09-03 16:29:04,230 INFO [http-nio-8080-exec-1] c.n.c.c.a.ServiceLogAspect [ServiceLogAspect.java:43] 用户[0:0:0:0:0:0:0:1]，在[2022-09-03 16:29:04]，访问了[com.nowcoder.community.service.UserService.findLoginTicket].
2022-09-03 16:29:04,237 INFO [http-nio-8080-exec-1] c.n.c.c.a.ServiceLogAspect [ServiceLogAspect.java:43] 用户[0:0:0:0:0:0:0:1]，在[2022-09-03 16:29:04]，访问了[com.nowcoder.community.service.UserService.findUserById].
2022-09-03 16:29:04,241 INFO [http-nio-8080-exec-1] c.n.c.c.a.ServiceLogAspect [ServiceLogAspect.java:43] 用户[0:0:0:0:0:0:0:1]，在[2022-09-03 16:29:04]，访问了[com.nowcoder.community.service.UserService.findUserById].
2022-09-03 16:29:04,249 INFO [http-nio-8080-exec-1] c.n.c.c.a.ServiceLogAspect [ServiceLogAspect.java:43] 用户[0:0:0:0:0:0:0:1]，在[2022-09-03 16:29:04]，访问了[com.nowcoder.community.service.LikeService.findUserLikeCount].
2022-09-03 16:29:04,276 INFO [http-nio-8080-exec-2] c.n.c.c.a.ServiceLogAspect [ServiceLogAspect.java:43] 用户[0:0:0:0:0:0:0:1]，在[2022-09-03 16:29:04]，访问了[com.nowcoder.community.service.UserService.findLoginTicket].
2022-09-03 16:29:04,280 INFO [http-nio-8080-exec-2] c.n.c.c.a.ServiceLogAspect [ServiceLogAspect.java:43] 用户[0:0:0:0:0:0:0:1]，在[2022-09-03 16:29:04]，访问了[com.nowcoder.community.service.UserService.findUserById].
2022-09-03 16:29:05,636 INFO [http-nio-8080-exec-4] c.n.c.c.a.ServiceLogAspect [ServiceLogAspect.java:43] 用户[0:0:0:0:0:0:0:1]，在[2022-09-03 16:29:05]，访问了[com.nowcoder.community.service.UserService.findLoginTicket].
2022-09-03 16:29:05,641 INFO [http-nio-8080-exec-4] c.n.c.c.a.ServiceLogAspect [ServiceLogAspect.java:43] 用户[0:0:0:0:0:0:0:1]，在[2022-09-03 16:29:05]，访问了[com.nowcoder.community.service.UserService.findUserById].
2022-09-03 16:29:05,650 INFO [http-nio-8080-exec-4] c.n.c.c.a.ServiceLogAspect [ServiceLogAspect.java:43] 用户[0:0:0:0:0:0:0:1]，在[2022-09-03 16:29:05]，访问了[com.nowcoder.community.service.FollowService.follow].
2022-09-03 16:29:05,729 INFO [http-nio-8080-exec-6] c.n.c.c.a.ServiceLogAspect [ServiceLogAspect.java:43] 用户[0:0:0:0:0:0:0:1]，在[2022-09-03 16:29:05]，访问了[com.nowcoder.community.service.UserService.findLoginTicket].
2022-09-03 16:29:05,730 INFO [http-nio-8080-exec-6] c.n.c.c.a.ServiceLogAspect [ServiceLogAspect.java:43] 用户[0:0:0:0:0:0:0:1]，在[2022-09-03 16:29:05]，访问了[com.nowcoder.community.service.UserService.findUserById].
2022-09-03 16:29:05,731 INFO [http-nio-8080-exec-6] c.n.c.c.a.ServiceLogAspect [ServiceLogAspect.java:43] 用户[0:0:0:0:0:0:0:1]，在[2022-09-03 16:29:05]，访问了[com.nowcoder.community.service.UserService.findUserById].
2022-09-03 16:29:05,732 INFO [http-nio-8080-exec-6] c.n.c.c.a.ServiceLogAspect [ServiceLogAspect.java:43] 用户[0:0:0:0:0:0:0:1]，在[2022-09-03 16:29:05]，访问了[com.nowcoder.community.service.LikeService.findUserLikeCount].
2022-09-03 16:29:05,745 INFO [http-nio-8080-exec-9] c.n.c.c.a.ServiceLogAspect [ServiceLogAspect.java:43] 用户[0:0:0:0:0:0:0:1]，在[2022-09-03 16:29:05]，访问了[com.nowcoder.community.service.UserService.findLoginTicket].
2022-09-03 16:29:05,749 INFO [http-nio-8080-exec-9] c.n.c.c.a.ServiceLogAspect [ServiceLogAspect.java:43] 用户[0:0:0:0:0:0:0:1]，在[2022-09-03 16:29:05]，访问了[com.nowcoder.community.service.UserService.findUserById].
2022-09-03 16:29:33,967 INFO [http-nio-8080-exec-10] c.n.c.c.a.ServiceLogAspect [ServiceLogAspect.java:43] 用户[0:0:0:0:0:0:0:1]，在[2022-09-03 16:29:33]，访问了[com.nowcoder.community.service.UserService.findLoginTicket].
2022-09-03 16:29:33,974 INFO [http-nio-8080-exec-10] c.n.c.c.a.ServiceLogAspect [ServiceLogAspect.java:43] 用户[0:0:0:0:0:0:0:1]，在[2022-09-03 16:29:33]，访问了[com.nowcoder.community.service.UserService.findUserById].
2022-09-03 16:29:33,981 INFO [http-nio-8080-exec-10] c.n.c.c.a.ServiceLogAspect [ServiceLogAspect.java:43] 用户[0:0:0:0:0:0:0:1]，在[2022-09-03 16:29:33]，访问了[com.nowcoder.community.service.DiscussPostService.findDiscussPostRows].
2022-09-03 16:29:33,989 INFO [http-nio-8080-exec-10] c.n.c.c.a.ServiceLogAspect [ServiceLogAspect.java:43] 用户[0:0:0:0:0:0:0:1]，在[2022-09-03 16:29:33]，访问了[com.nowcoder.community.service.DiscussPostService.findDiscussPosts].
2022-09-03 16:29:33,997 INFO [http-nio-8080-exec-10] c.n.c.c.a.ServiceLogAspect [ServiceLogAspect.java:43] 用户[0:0:0:0:0:0:0:1]，在[2022-09-03 16:29:33]，访问了[com.nowcoder.community.service.UserService.findUserById].
2022-09-03 16:29:34,000 INFO [http-nio-8080-exec-10] c.n.c.c.a.ServiceLogAspect [ServiceLogAspect.java:43] 用户[0:0:0:0:0:0:0:1]，在[2022-09-03 16:29:34]，访问了[com.nowcoder.community.service.LikeService.findEntityLikeCount].
2022-09-03 16:29:34,001 INFO [http-nio-8080-exec-10] c.n.c.c.a.ServiceLogAspect [ServiceLogAspect.java:43] 用户[0:0:0:0:0:0:0:1]，在[2022-09-03 16:29:34]，访问了[com.nowcoder.community.service.UserService.findUserById].
2022-09-03 16:29:34,003 INFO [http-nio-8080-exec-10] c.n.c.c.a.ServiceLogAspect [ServiceLogAspect.java:43] 用户[0:0:0:0:0:0:0:1]，在[2022-09-03 16:29:34]，访问了[com.nowcoder.community.service.LikeService.findEntityLikeCount].
2022-09-03 16:29:34,004 INFO [http-nio-8080-exec-10] c.n.c.c.a.ServiceLogAspect [ServiceLogAspect.java:43] 用户[0:0:0:0:0:0:0:1]，在[2022-09-03 16:29:34]，访问了[com.nowcoder.community.service.UserService.findUserById].
2022-09-03 16:29:34,005 INFO [http-nio-8080-exec-10] c.n.c.c.a.ServiceLogAspect [ServiceLogAspect.java:43] 用户[0:0:0:0:0:0:0:1]，在[2022-09-03 16:29:34]，访问了[com.nowcoder.community.service.LikeService.findEntityLikeCount].
2022-09-03 16:29:34,006 INFO [http-nio-8080-exec-10] c.n.c.c.a.ServiceLogAspect [ServiceLogAspect.java:43] 用户[0:0:0:0:0:0:0:1]，在[2022-09-03 16:29:34]，访问了[com.nowcoder.community.service.UserService.findUserById].
2022-09-03 16:29:34,008 INFO [http-nio-8080-exec-10] c.n.c.c.a.ServiceLogAspect [ServiceLogAspect.java:43] 用户[0:0:0:0:0:0:0:1]，在[2022-09-03 16:29:34]，访问了[com.nowcoder.community.service.LikeService.findEntityLikeCount].
2022-09-03 16:29:34,009 INFO [http-nio-8080-exec-10] c.n.c.c.a.ServiceLogAspect [ServiceLogAspect.java:43] 用户[0:0:0:0:0:0:0:1]，在[2022-09-03 16:29:34]，访问了[com.nowcoder.community.service.UserService.findUserById].
2022-09-03 16:29:34,010 INFO [http-nio-8080-exec-10] c.n.c.c.a.ServiceLogAspect [ServiceLogAspect.java:43] 用户[0:0:0:0:0:0:0:1]，在[2022-09-03 16:29:34]，访问了[com.nowcoder.community.service.LikeService.findEntityLikeCount].
2022-09-03 16:29:34,011 INFO [http-nio-8080-exec-10] c.n.c.c.a.ServiceLogAspect [ServiceLogAspect.java:43] 用户[0:0:0:0:0:0:0:1]，在[2022-09-03 16:29:34]，访问了[com.nowcoder.community.service.UserService.findUserById].
2022-09-03 16:29:34,012 INFO [http-nio-8080-exec-10] c.n.c.c.a.ServiceLogAspect [ServiceLogAspect.java:43] 用户[0:0:0:0:0:0:0:1]，在[2022-09-03 16:29:34]，访问了[com.nowcoder.community.service.LikeService.findEntityLikeCount].
2022-09-03 16:29:34,013 INFO [http-nio-8080-exec-10] c.n.c.c.a.ServiceLogAspect [ServiceLogAspect.java:43] 用户[0:0:0:0:0:0:0:1]，在[2022-09-03 16:29:34]，访问了[com.nowcoder.community.service.UserService.findUserById].
2022-09-03 16:29:34,014 INFO [http-nio-8080-exec-10] c.n.c.c.a.ServiceLogAspect [ServiceLogAspect.java:43] 用户[0:0:0:0:0:0:0:1]，在[2022-09-03 16:29:34]，访问了[com.nowcoder.community.service.LikeService.findEntityLikeCount].
2022-09-03 16:29:34,020 INFO [http-nio-8080-exec-10] c.n.c.c.a.ServiceLogAspect [ServiceLogAspect.java:43] 用户[0:0:0:0:0:0:0:1]，在[2022-09-03 16:29:34]，访问了[com.nowcoder.community.service.UserService.findUserById].
2022-09-03 16:29:34,022 INFO [http-nio-8080-exec-10] c.n.c.c.a.ServiceLogAspect [ServiceLogAspect.java:43] 用户[0:0:0:0:0:0:0:1]，在[2022-09-03 16:29:34]，访问了[com.nowcoder.community.service.LikeService.findEntityLikeCount].
2022-09-03 16:29:34,023 INFO [http-nio-8080-exec-10] c.n.c.c.a.ServiceLogAspect [ServiceLogAspect.java:43] 用户[0:0:0:0:0:0:0:1]，在[2022-09-03 16:29:34]，访问了[com.nowcoder.community.service.UserService.findUserById].
2022-09-03 16:29:34,024 INFO [http-nio-8080-exec-10] c.n.c.c.a.ServiceLogAspect [ServiceLogAspect.java:43] 用户[0:0:0:0:0:0:0:1]，在[2022-09-03 16:29:34]，访问了[com.nowcoder.community.service.LikeService.findEntityLikeCount].
2022-09-03 16:29:34,025 INFO [http-nio-8080-exec-10] c.n.c.c.a.ServiceLogAspect [ServiceLogAspect.java:43] 用户[0:0:0:0:0:0:0:1]，在[2022-09-03 16:29:34]，访问了[com.nowcoder.community.service.UserService.findUserById].
2022-09-03 16:29:34,027 INFO [http-nio-8080-exec-10] c.n.c.c.a.ServiceLogAspect [ServiceLogAspect.java:43] 用户[0:0:0:0:0:0:0:1]，在[2022-09-03 16:29:34]，访问了[com.nowcoder.community.service.LikeService.findEntityLikeCount].
2022-09-03 16:29:34,051 INFO [http-nio-8080-exec-3] c.n.c.c.a.ServiceLogAspect [ServiceLogAspect.java:43] 用户[0:0:0:0:0:0:0:1]，在[2022-09-03 16:29:34]，访问了[com.nowcoder.community.service.UserService.findLoginTicket].
2022-09-03 16:29:34,054 INFO [http-nio-8080-exec-3] c.n.c.c.a.ServiceLogAspect [ServiceLogAspect.java:43] 用户[0:0:0:0:0:0:0:1]，在[2022-09-03 16:29:34]，访问了[com.nowcoder.community.service.UserService.findUserById].
2022-09-03 16:29:39,300 INFO [http-nio-8080-exec-6] c.n.c.c.a.ServiceLogAspect [ServiceLogAspect.java:43] 用户[0:0:0:0:0:0:0:1]，在[2022-09-03 16:29:39]，访问了[com.nowcoder.community.service.UserService.findLoginTicket].
2022-09-03 16:29:39,307 INFO [http-nio-8080-exec-6] c.n.c.c.a.ServiceLogAspect [ServiceLogAspect.java:43] 用户[0:0:0:0:0:0:0:1]，在[2022-09-03 16:29:39]，访问了[com.nowcoder.community.service.UserService.findUserById].
2022-09-03 16:29:39,316 INFO [http-nio-8080-exec-6] c.n.c.c.a.ServiceLogAspect [ServiceLogAspect.java:43] 用户[0:0:0:0:0:0:0:1]，在[2022-09-03 16:29:39]，访问了[com.nowcoder.community.service.UserService.findUserById].
2022-09-03 16:29:39,321 INFO [http-nio-8080-exec-6] c.n.c.c.a.ServiceLogAspect [ServiceLogAspect.java:43] 用户[0:0:0:0:0:0:0:1]，在[2022-09-03 16:29:39]，访问了[com.nowcoder.community.service.LikeService.findUserLikeCount].
2022-09-03 16:29:39,347 INFO [http-nio-8080-exec-7] c.n.c.c.a.ServiceLogAspect [ServiceLogAspect.java:43] 用户[0:0:0:0:0:0:0:1]，在[2022-09-03 16:29:39]，访问了[com.nowcoder.community.service.UserService.findLoginTicket].
2022-09-03 16:29:39,352 INFO [http-nio-8080-exec-7] c.n.c.c.a.ServiceLogAspect [ServiceLogAspect.java:43] 用户[0:0:0:0:0:0:0:1]，在[2022-09-03 16:29:39]，访问了[com.nowcoder.community.service.UserService.findUserById].
2022-09-03 16:29:40,903 INFO [http-nio-8080-exec-10] c.n.c.c.a.ServiceLogAspect [ServiceLogAspect.java:43] 用户[0:0:0:0:0:0:0:1]，在[2022-09-03 16:29:40]，访问了[com.nowcoder.community.service.UserService.findLoginTicket].
2022-09-03 16:29:40,909 INFO [http-nio-8080-exec-10] c.n.c.c.a.ServiceLogAspect [ServiceLogAspect.java:43] 用户[0:0:0:0:0:0:0:1]，在[2022-09-03 16:29:40]，访问了[com.nowcoder.community.service.UserService.findUserById].
2022-09-03 16:29:40,917 INFO [http-nio-8080-exec-10] c.n.c.c.a.ServiceLogAspect [ServiceLogAspect.java:43] 用户[0:0:0:0:0:0:0:1]，在[2022-09-03 16:29:40]，访问了[com.nowcoder.community.service.FollowService.follow].
2022-09-03 16:29:40,944 INFO [http-nio-8080-exec-4] c.n.c.c.a.ServiceLogAspect [ServiceLogAspect.java:43] 用户[0:0:0:0:0:0:0:1]，在[2022-09-03 16:29:40]，访问了[com.nowcoder.community.service.UserService.findLoginTicket].
2022-09-03 16:29:40,946 INFO [http-nio-8080-exec-4] c.n.c.c.a.ServiceLogAspect [ServiceLogAspect.java:43] 用户[0:0:0:0:0:0:0:1]，在[2022-09-03 16:29:40]，访问了[com.nowcoder.community.service.UserService.findUserById].
2022-09-03 16:29:40,948 INFO [http-nio-8080-exec-4] c.n.c.c.a.ServiceLogAspect [ServiceLogAspect.java:43] 用户[0:0:0:0:0:0:0:1]，在[2022-09-03 16:29:40]，访问了[com.nowcoder.community.service.UserService.findUserById].
2022-09-03 16:29:40,951 INFO [http-nio-8080-exec-4] c.n.c.c.a.ServiceLogAspect [ServiceLogAspect.java:43] 用户[0:0:0:0:0:0:0:1]，在[2022-09-03 16:29:40]，访问了[com.nowcoder.community.service.LikeService.findUserLikeCount].
2022-09-03 16:29:40,977 INFO [http-nio-8080-exec-2] c.n.c.c.a.ServiceLogAspect [ServiceLogAspect.java:43] 用户[0:0:0:0:0:0:0:1]，在[2022-09-03 16:29:40]，访问了[com.nowcoder.community.service.UserService.findLoginTicket].
2022-09-03 16:29:40,980 INFO [http-nio-8080-exec-2] c.n.c.c.a.ServiceLogAspect [ServiceLogAspect.java:43] 用户[0:0:0:0:0:0:0:1]，在[2022-09-03 16:29:40]，访问了[com.nowcoder.community.service.UserService.findUserById].
2022-09-03 16:30:36,102 INFO [SpringApplicationShutdownHook] c.z.h.HikariDataSource [HikariDataSource.java:350] HikariPool-1 - Shutdown initiated...
2022-09-03 16:30:36,113 INFO [SpringApplicationShutdownHook] c.z.h.HikariDataSource [HikariDataSource.java:352] HikariPool-1 - Shutdown completed.
2022-09-03 17:13:47,970 INFO [restartedMain] c.n.c.CommunityApplication [StartupInfoLogger.java:55] Starting CommunityApplication using Java 18.0.2 on wukaiwendeMacBook-Air.local with PID 97788 (/Users/wukaiwen/code/java/community/target/classes started by wukaiwen in /Users/wukaiwen/code/java/community)
2022-09-03 17:13:47,971 INFO [restartedMain] c.n.c.CommunityApplication [SpringApplication.java:634] No active profile set, falling back to 1 default profile: "default"
2022-09-03 17:13:47,997 INFO [restartedMain] o.s.b.d.e.DevToolsPropertyDefaultsPostProcessor [DeferredLog.java:255] Devtools property defaults active! Set 'spring.devtools.add-properties' to 'false' to disable
2022-09-03 17:13:47,997 INFO [restartedMain] o.s.b.d.e.DevToolsPropertyDefaultsPostProcessor [DeferredLog.java:255] For additional web related logging consider setting the 'logging.level.web' property to 'DEBUG'
2022-09-03 17:13:48,303 INFO [restartedMain] o.s.d.r.c.RepositoryConfigurationDelegate [RepositoryConfigurationDelegate.java:262] Multiple Spring Data modules found, entering strict repository configuration mode
2022-09-03 17:13:48,304 INFO [restartedMain] o.s.d.r.c.RepositoryConfigurationDelegate [RepositoryConfigurationDelegate.java:132] Bootstrapping Spring Data Redis repositories in DEFAULT mode.
2022-09-03 17:13:48,323 INFO [restartedMain] o.s.d.r.c.RepositoryConfigurationDelegate [RepositoryConfigurationDelegate.java:201] Finished Spring Data repository scanning in 8 ms. Found 0 Redis repository interfaces.
2022-09-03 17:13:48,794 INFO [restartedMain] o.s.b.w.e.t.TomcatWebServer [TomcatWebServer.java:108] Tomcat initialized with port(s): 8080 (http)
2022-09-03 17:13:48,801 INFO [restartedMain] o.a.c.h.Http11NioProtocol [DirectJDKLog.java:173] Initializing ProtocolHandler ["http-nio-8080"]
2022-09-03 17:13:48,802 INFO [restartedMain] o.a.c.c.StandardService [DirectJDKLog.java:173] Starting service [Tomcat]
2022-09-03 17:13:48,802 INFO [restartedMain] o.a.c.c.StandardEngine [DirectJDKLog.java:173] Starting Servlet engine: [Apache Tomcat/9.0.65]
2022-09-03 17:13:48,840 INFO [restartedMain] o.a.c.c.C.[.[.[/community] [DirectJDKLog.java:173] Initializing Spring embedded WebApplicationContext
2022-09-03 17:13:48,841 INFO [restartedMain] o.s.b.w.s.c.ServletWebServerApplicationContext [ServletWebServerApplicationContext.java:292] Root WebApplicationContext: initialization completed in 844 ms
2022-09-03 17:13:49,439 INFO [restartedMain] o.s.b.a.w.s.WelcomePageHandlerMapping [WelcomePageHandlerMapping.java:57] Adding welcome page template: index
2022-09-03 17:13:49,647 INFO [restartedMain] o.s.b.d.a.OptionalLiveReloadServer [OptionalLiveReloadServer.java:58] LiveReload server is running on port 35729
2022-09-03 17:13:49,652 INFO [restartedMain] o.a.c.h.Http11NioProtocol [DirectJDKLog.java:173] Starting ProtocolHandler ["http-nio-8080"]
2022-09-03 17:13:49,659 INFO [restartedMain] o.s.b.w.e.t.TomcatWebServer [TomcatWebServer.java:220] Tomcat started on port(s): 8080 (http) with context path '/community'
2022-09-03 17:13:49,665 INFO [restartedMain] c.n.c.CommunityApplication [StartupInfoLogger.java:61] Started CommunityApplication in 1.932 seconds (JVM running for 2.168)
2022-09-03 17:13:52,425 INFO [http-nio-8080-exec-1] o.a.c.c.C.[.[.[/community] [DirectJDKLog.java:173] Initializing Spring DispatcherServlet 'dispatcherServlet'
2022-09-03 17:13:52,426 INFO [http-nio-8080-exec-1] o.s.w.s.DispatcherServlet [FrameworkServlet.java:525] Initializing Servlet 'dispatcherServlet'
2022-09-03 17:13:52,427 INFO [http-nio-8080-exec-1] o.s.w.s.DispatcherServlet [FrameworkServlet.java:547] Completed initialization in 1 ms
2022-09-03 17:13:52,438 INFO [http-nio-8080-exec-1] c.n.c.c.a.ServiceLogAspect [ServiceLogAspect.java:43] 用户[0:0:0:0:0:0:0:1]，在[2022-09-03 17:13:52]，访问了[com.nowcoder.community.service.UserService.findLoginTicket].
2022-09-03 17:13:52,449 INFO [http-nio-8080-exec-1] c.z.h.HikariDataSource [HikariDataSource.java:110] HikariPool-1 - Starting...
2022-09-03 17:13:52,519 INFO [http-nio-8080-exec-1] c.z.h.HikariDataSource [HikariDataSource.java:123] HikariPool-1 - Start completed.
2022-09-03 17:13:52,554 INFO [http-nio-8080-exec-1] c.n.c.c.a.ServiceLogAspect [ServiceLogAspect.java:43] 用户[0:0:0:0:0:0:0:1]，在[2022-09-03 17:13:52]，访问了[com.nowcoder.community.service.UserService.findUserById].
2022-09-03 17:13:52,563 INFO [http-nio-8080-exec-1] c.n.c.c.a.ServiceLogAspect [ServiceLogAspect.java:43] 用户[0:0:0:0:0:0:0:1]，在[2022-09-03 17:13:52]，访问了[com.nowcoder.community.service.UserService.findUserById].
2022-09-03 17:13:52,566 INFO [http-nio-8080-exec-1] c.n.c.c.a.ServiceLogAspect [ServiceLogAspect.java:43] 用户[0:0:0:0:0:0:0:1]，在[2022-09-03 17:13:52]，访问了[com.nowcoder.community.service.LikeService.findUserLikeCount].
2022-09-03 17:13:52,725 INFO [http-nio-8080-exec-1] c.n.c.c.a.ServiceLogAspect [ServiceLogAspect.java:43] 用户[0:0:0:0:0:0:0:1]，在[2022-09-03 17:13:52]，访问了[com.nowcoder.community.service.FollowService.hasFollowed].
2022-09-03 17:13:52,731 INFO [http-nio-8080-exec-1] c.n.c.c.a.ServiceLogAspect [ServiceLogAspect.java:43] 用户[0:0:0:0:0:0:0:1]，在[2022-09-03 17:13:52]，访问了[com.nowcoder.community.service.FollowService.findFollowerCount].
2022-09-03 17:13:52,732 INFO [http-nio-8080-exec-1] c.n.c.c.a.ServiceLogAspect [ServiceLogAspect.java:43] 用户[0:0:0:0:0:0:0:1]，在[2022-09-03 17:13:52]，访问了[com.nowcoder.community.service.FollowService.findFolloweeCount].
2022-09-03 17:13:52,935 INFO [http-nio-8080-exec-3] c.n.c.c.a.ServiceLogAspect [ServiceLogAspect.java:43] 用户[0:0:0:0:0:0:0:1]，在[2022-09-03 17:13:52]，访问了[com.nowcoder.community.service.UserService.findLoginTicket].
2022-09-03 17:13:52,944 INFO [http-nio-8080-exec-3] c.n.c.c.a.ServiceLogAspect [ServiceLogAspect.java:43] 用户[0:0:0:0:0:0:0:1]，在[2022-09-03 17:13:52]，访问了[com.nowcoder.community.service.UserService.findUserById].
2022-09-03 17:13:55,926 INFO [http-nio-8080-exec-6] c.n.c.c.a.ServiceLogAspect [ServiceLogAspect.java:43] 用户[0:0:0:0:0:0:0:1]，在[2022-09-03 17:13:55]，访问了[com.nowcoder.community.service.UserService.findLoginTicket].
2022-09-03 17:13:55,933 INFO [http-nio-8080-exec-6] c.n.c.c.a.ServiceLogAspect [ServiceLogAspect.java:43] 用户[0:0:0:0:0:0:0:1]，在[2022-09-03 17:13:55]，访问了[com.nowcoder.community.service.UserService.findUserById].
2022-09-03 17:13:55,942 INFO [http-nio-8080-exec-6] c.n.c.c.a.ServiceLogAspect [ServiceLogAspect.java:43] 用户[0:0:0:0:0:0:0:1]，在[2022-09-03 17:13:55]，访问了[com.nowcoder.community.service.DiscussPostService.findDiscussPostRows].
2022-09-03 17:13:55,975 INFO [http-nio-8080-exec-6] c.n.c.c.a.ServiceLogAspect [ServiceLogAspect.java:43] 用户[0:0:0:0:0:0:0:1]，在[2022-09-03 17:13:55]，访问了[com.nowcoder.community.service.DiscussPostService.findDiscussPosts].
2022-09-03 17:13:55,985 INFO [http-nio-8080-exec-6] c.n.c.c.a.ServiceLogAspect [ServiceLogAspect.java:43] 用户[0:0:0:0:0:0:0:1]，在[2022-09-03 17:13:55]，访问了[com.nowcoder.community.service.UserService.findUserById].
2022-09-03 17:13:55,987 INFO [http-nio-8080-exec-6] c.n.c.c.a.ServiceLogAspect [ServiceLogAspect.java:43] 用户[0:0:0:0:0:0:0:1]，在[2022-09-03 17:13:55]，访问了[com.nowcoder.community.service.LikeService.findEntityLikeCount].
2022-09-03 17:13:55,990 INFO [http-nio-8080-exec-6] c.n.c.c.a.ServiceLogAspect [ServiceLogAspect.java:43] 用户[0:0:0:0:0:0:0:1]，在[2022-09-03 17:13:55]，访问了[com.nowcoder.community.service.UserService.findUserById].
2022-09-03 17:13:55,992 INFO [http-nio-8080-exec-6] c.n.c.c.a.ServiceLogAspect [ServiceLogAspect.java:43] 用户[0:0:0:0:0:0:0:1]，在[2022-09-03 17:13:55]，访问了[com.nowcoder.community.service.LikeService.findEntityLikeCount].
2022-09-03 17:13:55,994 INFO [http-nio-8080-exec-6] c.n.c.c.a.ServiceLogAspect [ServiceLogAspect.java:43] 用户[0:0:0:0:0:0:0:1]，在[2022-09-03 17:13:55]，访问了[com.nowcoder.community.service.UserService.findUserById].
2022-09-03 17:13:55,996 INFO [http-nio-8080-exec-6] c.n.c.c.a.ServiceLogAspect [ServiceLogAspect.java:43] 用户[0:0:0:0:0:0:0:1]，在[2022-09-03 17:13:55]，访问了[com.nowcoder.community.service.LikeService.findEntityLikeCount].
2022-09-03 17:13:55,998 INFO [http-nio-8080-exec-6] c.n.c.c.a.ServiceLogAspect [ServiceLogAspect.java:43] 用户[0:0:0:0:0:0:0:1]，在[2022-09-03 17:13:55]，访问了[com.nowcoder.community.service.UserService.findUserById].
2022-09-03 17:13:56,000 INFO [http-nio-8080-exec-6] c.n.c.c.a.ServiceLogAspect [ServiceLogAspect.java:43] 用户[0:0:0:0:0:0:0:1]，在[2022-09-03 17:13:56]，访问了[com.nowcoder.community.service.LikeService.findEntityLikeCount].
2022-09-03 17:13:56,001 INFO [http-nio-8080-exec-6] c.n.c.c.a.ServiceLogAspect [ServiceLogAspect.java:43] 用户[0:0:0:0:0:0:0:1]，在[2022-09-03 17:13:56]，访问了[com.nowcoder.community.service.UserService.findUserById].
2022-09-03 17:13:56,002 INFO [http-nio-8080-exec-6] c.n.c.c.a.ServiceLogAspect [ServiceLogAspect.java:43] 用户[0:0:0:0:0:0:0:1]，在[2022-09-03 17:13:56]，访问了[com.nowcoder.community.service.LikeService.findEntityLikeCount].
2022-09-03 17:13:56,003 INFO [http-nio-8080-exec-6] c.n.c.c.a.ServiceLogAspect [ServiceLogAspect.java:43] 用户[0:0:0:0:0:0:0:1]，在[2022-09-03 17:13:56]，访问了[com.nowcoder.community.service.UserService.findUserById].
2022-09-03 17:13:56,004 INFO [http-nio-8080-exec-6] c.n.c.c.a.ServiceLogAspect [ServiceLogAspect.java:43] 用户[0:0:0:0:0:0:0:1]，在[2022-09-03 17:13:56]，访问了[com.nowcoder.community.service.LikeService.findEntityLikeCount].
2022-09-03 17:13:56,005 INFO [http-nio-8080-exec-6] c.n.c.c.a.ServiceLogAspect [ServiceLogAspect.java:43] 用户[0:0:0:0:0:0:0:1]，在[2022-09-03 17:13:56]，访问了[com.nowcoder.community.service.UserService.findUserById].
2022-09-03 17:13:56,010 INFO [http-nio-8080-exec-6] c.n.c.c.a.ServiceLogAspect [ServiceLogAspect.java:43] 用户[0:0:0:0:0:0:0:1]，在[2022-09-03 17:13:56]，访问了[com.nowcoder.community.service.LikeService.findEntityLikeCount].
2022-09-03 17:13:56,011 INFO [http-nio-8080-exec-6] c.n.c.c.a.ServiceLogAspect [ServiceLogAspect.java:43] 用户[0:0:0:0:0:0:0:1]，在[2022-09-03 17:13:56]，访问了[com.nowcoder.community.service.UserService.findUserById].
2022-09-03 17:13:56,013 INFO [http-nio-8080-exec-6] c.n.c.c.a.ServiceLogAspect [ServiceLogAspect.java:43] 用户[0:0:0:0:0:0:0:1]，在[2022-09-03 17:13:56]，访问了[com.nowcoder.community.service.LikeService.findEntityLikeCount].
2022-09-03 17:13:56,014 INFO [http-nio-8080-exec-6] c.n.c.c.a.ServiceLogAspect [ServiceLogAspect.java:43] 用户[0:0:0:0:0:0:0:1]，在[2022-09-03 17:13:56]，访问了[com.nowcoder.community.service.UserService.findUserById].
2022-09-03 17:13:56,016 INFO [http-nio-8080-exec-6] c.n.c.c.a.ServiceLogAspect [ServiceLogAspect.java:43] 用户[0:0:0:0:0:0:0:1]，在[2022-09-03 17:13:56]，访问了[com.nowcoder.community.service.LikeService.findEntityLikeCount].
2022-09-03 17:13:56,016 INFO [http-nio-8080-exec-6] c.n.c.c.a.ServiceLogAspect [ServiceLogAspect.java:43] 用户[0:0:0:0:0:0:0:1]，在[2022-09-03 17:13:56]，访问了[com.nowcoder.community.service.UserService.findUserById].
2022-09-03 17:13:56,018 INFO [http-nio-8080-exec-6] c.n.c.c.a.ServiceLogAspect [ServiceLogAspect.java:43] 用户[0:0:0:0:0:0:0:1]，在[2022-09-03 17:13:56]，访问了[com.nowcoder.community.service.LikeService.findEntityLikeCount].
2022-09-03 17:13:56,050 INFO [http-nio-8080-exec-7] c.n.c.c.a.ServiceLogAspect [ServiceLogAspect.java:43] 用户[0:0:0:0:0:0:0:1]，在[2022-09-03 17:13:56]，访问了[com.nowcoder.community.service.UserService.findLoginTicket].
2022-09-03 17:13:56,054 INFO [http-nio-8080-exec-7] c.n.c.c.a.ServiceLogAspect [ServiceLogAspect.java:43] 用户[0:0:0:0:0:0:0:1]，在[2022-09-03 17:13:56]，访问了[com.nowcoder.community.service.UserService.findUserById].
2022-09-03 17:13:57,598 INFO [http-nio-8080-exec-1] c.n.c.c.a.ServiceLogAspect [ServiceLogAspect.java:43] 用户[0:0:0:0:0:0:0:1]，在[2022-09-03 17:13:57]，访问了[com.nowcoder.community.service.UserService.findLoginTicket].
2022-09-03 17:13:57,604 INFO [http-nio-8080-exec-1] c.n.c.c.a.ServiceLogAspect [ServiceLogAspect.java:43] 用户[0:0:0:0:0:0:0:1]，在[2022-09-03 17:13:57]，访问了[com.nowcoder.community.service.UserService.findUserById].
2022-09-03 17:13:57,609 INFO [http-nio-8080-exec-1] c.n.c.c.a.ServiceLogAspect [ServiceLogAspect.java:43] 用户[0:0:0:0:0:0:0:1]，在[2022-09-03 17:13:57]，访问了[com.nowcoder.community.service.UserService.findUserById].
2022-09-03 17:13:57,613 INFO [http-nio-8080-exec-1] c.n.c.c.a.ServiceLogAspect [ServiceLogAspect.java:43] 用户[0:0:0:0:0:0:0:1]，在[2022-09-03 17:13:57]，访问了[com.nowcoder.community.service.LikeService.findUserLikeCount].
2022-09-03 17:13:57,615 INFO [http-nio-8080-exec-1] c.n.c.c.a.ServiceLogAspect [ServiceLogAspect.java:43] 用户[0:0:0:0:0:0:0:1]，在[2022-09-03 17:13:57]，访问了[com.nowcoder.community.service.FollowService.hasFollowed].
2022-09-03 17:13:57,619 INFO [http-nio-8080-exec-1] c.n.c.c.a.ServiceLogAspect [ServiceLogAspect.java:43] 用户[0:0:0:0:0:0:0:1]，在[2022-09-03 17:13:57]，访问了[com.nowcoder.community.service.FollowService.findFollowerCount].
2022-09-03 17:13:57,621 INFO [http-nio-8080-exec-1] c.n.c.c.a.ServiceLogAspect [ServiceLogAspect.java:43] 用户[0:0:0:0:0:0:0:1]，在[2022-09-03 17:13:57]，访问了[com.nowcoder.community.service.FollowService.findFolloweeCount].
2022-09-03 17:13:57,658 INFO [http-nio-8080-exec-4] c.n.c.c.a.ServiceLogAspect [ServiceLogAspect.java:43] 用户[0:0:0:0:0:0:0:1]，在[2022-09-03 17:13:57]，访问了[com.nowcoder.community.service.UserService.findLoginTicket].
2022-09-03 17:13:57,661 INFO [http-nio-8080-exec-4] c.n.c.c.a.ServiceLogAspect [ServiceLogAspect.java:43] 用户[0:0:0:0:0:0:0:1]，在[2022-09-03 17:13:57]，访问了[com.nowcoder.community.service.UserService.findUserById].
2022-09-03 17:14:01,926 INFO [http-nio-8080-exec-8] c.n.c.c.a.ServiceLogAspect [ServiceLogAspect.java:43] 用户[0:0:0:0:0:0:0:1]，在[2022-09-03 17:14:01]，访问了[com.nowcoder.community.service.UserService.findLoginTicket].
2022-09-03 17:14:01,932 INFO [http-nio-8080-exec-8] c.n.c.c.a.ServiceLogAspect [ServiceLogAspect.java:43] 用户[0:0:0:0:0:0:0:1]，在[2022-09-03 17:14:01]，访问了[com.nowcoder.community.service.UserService.findUserById].
2022-09-03 17:14:01,938 INFO [http-nio-8080-exec-8] c.n.c.c.a.ServiceLogAspect [ServiceLogAspect.java:43] 用户[0:0:0:0:0:0:0:1]，在[2022-09-03 17:14:01]，访问了[com.nowcoder.community.service.UserService.findUserById].
2022-09-03 17:14:01,943 INFO [http-nio-8080-exec-8] c.n.c.c.a.ServiceLogAspect [ServiceLogAspect.java:43] 用户[0:0:0:0:0:0:0:1]，在[2022-09-03 17:14:01]，访问了[com.nowcoder.community.service.LikeService.findUserLikeCount].
2022-09-03 17:14:01,946 INFO [http-nio-8080-exec-8] c.n.c.c.a.ServiceLogAspect [ServiceLogAspect.java:43] 用户[0:0:0:0:0:0:0:1]，在[2022-09-03 17:14:01]，访问了[com.nowcoder.community.service.FollowService.hasFollowed].
2022-09-03 17:14:01,948 INFO [http-nio-8080-exec-8] c.n.c.c.a.ServiceLogAspect [ServiceLogAspect.java:43] 用户[0:0:0:0:0:0:0:1]，在[2022-09-03 17:14:01]，访问了[com.nowcoder.community.service.FollowService.findFollowerCount].
2022-09-03 17:14:01,949 INFO [http-nio-8080-exec-8] c.n.c.c.a.ServiceLogAspect [ServiceLogAspect.java:43] 用户[0:0:0:0:0:0:0:1]，在[2022-09-03 17:14:01]，访问了[com.nowcoder.community.service.FollowService.findFolloweeCount].
2022-09-03 17:14:01,977 INFO [http-nio-8080-exec-6] c.n.c.c.a.ServiceLogAspect [ServiceLogAspect.java:43] 用户[0:0:0:0:0:0:0:1]，在[2022-09-03 17:14:01]，访问了[com.nowcoder.community.service.UserService.findLoginTicket].
2022-09-03 17:14:01,982 INFO [http-nio-8080-exec-6] c.n.c.c.a.ServiceLogAspect [ServiceLogAspect.java:43] 用户[0:0:0:0:0:0:0:1]，在[2022-09-03 17:14:01]，访问了[com.nowcoder.community.service.UserService.findUserById].
2022-09-03 17:14:05,055 INFO [http-nio-8080-exec-1] c.n.c.c.a.ServiceLogAspect [ServiceLogAspect.java:43] 用户[0:0:0:0:0:0:0:1]，在[2022-09-03 17:14:05]，访问了[com.nowcoder.community.service.UserService.findLoginTicket].
2022-09-03 17:14:05,062 INFO [http-nio-8080-exec-1] c.n.c.c.a.ServiceLogAspect [ServiceLogAspect.java:43] 用户[0:0:0:0:0:0:0:1]，在[2022-09-03 17:14:05]，访问了[com.nowcoder.community.service.UserService.findUserById].
2022-09-03 17:14:05,073 INFO [http-nio-8080-exec-1] c.n.c.c.a.ServiceLogAspect [ServiceLogAspect.java:43] 用户[0:0:0:0:0:0:0:1]，在[2022-09-03 17:14:05]，访问了[com.nowcoder.community.service.FollowService.unfollow].
2022-09-03 17:14:05,149 INFO [http-nio-8080-exec-5] c.n.c.c.a.ServiceLogAspect [ServiceLogAspect.java:43] 用户[0:0:0:0:0:0:0:1]，在[2022-09-03 17:14:05]，访问了[com.nowcoder.community.service.UserService.findLoginTicket].
2022-09-03 17:14:05,151 INFO [http-nio-8080-exec-5] c.n.c.c.a.ServiceLogAspect [ServiceLogAspect.java:43] 用户[0:0:0:0:0:0:0:1]，在[2022-09-03 17:14:05]，访问了[com.nowcoder.community.service.UserService.findUserById].
2022-09-03 17:14:05,152 INFO [http-nio-8080-exec-5] c.n.c.c.a.ServiceLogAspect [ServiceLogAspect.java:43] 用户[0:0:0:0:0:0:0:1]，在[2022-09-03 17:14:05]，访问了[com.nowcoder.community.service.UserService.findUserById].
2022-09-03 17:14:05,153 INFO [http-nio-8080-exec-5] c.n.c.c.a.ServiceLogAspect [ServiceLogAspect.java:43] 用户[0:0:0:0:0:0:0:1]，在[2022-09-03 17:14:05]，访问了[com.nowcoder.community.service.LikeService.findUserLikeCount].
2022-09-03 17:14:05,154 INFO [http-nio-8080-exec-5] c.n.c.c.a.ServiceLogAspect [ServiceLogAspect.java:43] 用户[0:0:0:0:0:0:0:1]，在[2022-09-03 17:14:05]，访问了[com.nowcoder.community.service.FollowService.hasFollowed].
2022-09-03 17:14:05,154 INFO [http-nio-8080-exec-5] c.n.c.c.a.ServiceLogAspect [ServiceLogAspect.java:43] 用户[0:0:0:0:0:0:0:1]，在[2022-09-03 17:14:05]，访问了[com.nowcoder.community.service.FollowService.findFollowerCount].
2022-09-03 17:14:05,155 INFO [http-nio-8080-exec-5] c.n.c.c.a.ServiceLogAspect [ServiceLogAspect.java:43] 用户[0:0:0:0:0:0:0:1]，在[2022-09-03 17:14:05]，访问了[com.nowcoder.community.service.FollowService.findFolloweeCount].
2022-09-03 17:14:05,176 INFO [http-nio-8080-exec-3] c.n.c.c.a.ServiceLogAspect [ServiceLogAspect.java:43] 用户[0:0:0:0:0:0:0:1]，在[2022-09-03 17:14:05]，访问了[com.nowcoder.community.service.UserService.findLoginTicket].
2022-09-03 17:14:05,178 INFO [http-nio-8080-exec-3] c.n.c.c.a.ServiceLogAspect [ServiceLogAspect.java:43] 用户[0:0:0:0:0:0:0:1]，在[2022-09-03 17:14:05]，访问了[com.nowcoder.community.service.UserService.findUserById].
2022-09-03 17:14:09,173 INFO [http-nio-8080-exec-7] c.n.c.c.a.ServiceLogAspect [ServiceLogAspect.java:43] 用户[0:0:0:0:0:0:0:1]，在[2022-09-03 17:14:09]，访问了[com.nowcoder.community.service.UserService.findLoginTicket].
2022-09-03 17:14:09,179 INFO [http-nio-8080-exec-7] c.n.c.c.a.ServiceLogAspect [ServiceLogAspect.java:43] 用户[0:0:0:0:0:0:0:1]，在[2022-09-03 17:14:09]，访问了[com.nowcoder.community.service.UserService.findUserById].
2022-09-03 17:14:09,191 INFO [http-nio-8080-exec-7] c.n.c.c.a.ServiceLogAspect [ServiceLogAspect.java:43] 用户[0:0:0:0:0:0:0:1]，在[2022-09-03 17:14:09]，访问了[com.nowcoder.community.service.FollowService.follow].
2022-09-03 17:14:09,216 INFO [http-nio-8080-exec-9] c.n.c.c.a.ServiceLogAspect [ServiceLogAspect.java:43] 用户[0:0:0:0:0:0:0:1]，在[2022-09-03 17:14:09]，访问了[com.nowcoder.community.service.UserService.findLoginTicket].
2022-09-03 17:14:09,221 INFO [http-nio-8080-exec-9] c.n.c.c.a.ServiceLogAspect [ServiceLogAspect.java:43] 用户[0:0:0:0:0:0:0:1]，在[2022-09-03 17:14:09]，访问了[com.nowcoder.community.service.UserService.findUserById].
2022-09-03 17:14:09,226 INFO [http-nio-8080-exec-9] c.n.c.c.a.ServiceLogAspect [ServiceLogAspect.java:43] 用户[0:0:0:0:0:0:0:1]，在[2022-09-03 17:14:09]，访问了[com.nowcoder.community.service.UserService.findUserById].
2022-09-03 17:14:09,228 INFO [http-nio-8080-exec-9] c.n.c.c.a.ServiceLogAspect [ServiceLogAspect.java:43] 用户[0:0:0:0:0:0:0:1]，在[2022-09-03 17:14:09]，访问了[com.nowcoder.community.service.LikeService.findUserLikeCount].
2022-09-03 17:14:09,230 INFO [http-nio-8080-exec-9] c.n.c.c.a.ServiceLogAspect [ServiceLogAspect.java:43] 用户[0:0:0:0:0:0:0:1]，在[2022-09-03 17:14:09]，访问了[com.nowcoder.community.service.FollowService.hasFollowed].
2022-09-03 17:14:09,231 INFO [http-nio-8080-exec-9] c.n.c.c.a.ServiceLogAspect [ServiceLogAspect.java:43] 用户[0:0:0:0:0:0:0:1]，在[2022-09-03 17:14:09]，访问了[com.nowcoder.community.service.FollowService.findFollowerCount].
2022-09-03 17:14:09,232 INFO [http-nio-8080-exec-9] c.n.c.c.a.ServiceLogAspect [ServiceLogAspect.java:43] 用户[0:0:0:0:0:0:0:1]，在[2022-09-03 17:14:09]，访问了[com.nowcoder.community.service.FollowService.findFolloweeCount].
2022-09-03 17:14:09,249 INFO [http-nio-8080-exec-10] c.n.c.c.a.ServiceLogAspect [ServiceLogAspect.java:43] 用户[0:0:0:0:0:0:0:1]，在[2022-09-03 17:14:09]，访问了[com.nowcoder.community.service.UserService.findLoginTicket].
2022-09-03 17:14:09,256 INFO [http-nio-8080-exec-10] c.n.c.c.a.ServiceLogAspect [ServiceLogAspect.java:43] 用户[0:0:0:0:0:0:0:1]，在[2022-09-03 17:14:09]，访问了[com.nowcoder.community.service.UserService.findUserById].
2022-09-03 17:14:12,337 INFO [http-nio-8080-exec-4] c.n.c.c.a.ServiceLogAspect [ServiceLogAspect.java:43] 用户[0:0:0:0:0:0:0:1]，在[2022-09-03 17:14:12]，访问了[com.nowcoder.community.service.UserService.findLoginTicket].
2022-09-03 17:14:12,343 INFO [http-nio-8080-exec-4] c.n.c.c.a.ServiceLogAspect [ServiceLogAspect.java:43] 用户[0:0:0:0:0:0:0:1]，在[2022-09-03 17:14:12]，访问了[com.nowcoder.community.service.UserService.findUserById].
2022-09-03 17:14:12,347 INFO [http-nio-8080-exec-4] c.n.c.c.a.ServiceLogAspect [ServiceLogAspect.java:43] 用户[0:0:0:0:0:0:0:1]，在[2022-09-03 17:14:12]，访问了[com.nowcoder.community.service.DiscussPostService.findDiscussPostRows].
2022-09-03 17:14:12,350 INFO [http-nio-8080-exec-4] c.n.c.c.a.ServiceLogAspect [ServiceLogAspect.java:43] 用户[0:0:0:0:0:0:0:1]，在[2022-09-03 17:14:12]，访问了[com.nowcoder.community.service.DiscussPostService.findDiscussPosts].
2022-09-03 17:14:12,361 INFO [http-nio-8080-exec-4] c.n.c.c.a.ServiceLogAspect [ServiceLogAspect.java:43] 用户[0:0:0:0:0:0:0:1]，在[2022-09-03 17:14:12]，访问了[com.nowcoder.community.service.UserService.findUserById].
2022-09-03 17:14:12,363 INFO [http-nio-8080-exec-4] c.n.c.c.a.ServiceLogAspect [ServiceLogAspect.java:43] 用户[0:0:0:0:0:0:0:1]，在[2022-09-03 17:14:12]，访问了[com.nowcoder.community.service.LikeService.findEntityLikeCount].
2022-09-03 17:14:12,365 INFO [http-nio-8080-exec-4] c.n.c.c.a.ServiceLogAspect [ServiceLogAspect.java:43] 用户[0:0:0:0:0:0:0:1]，在[2022-09-03 17:14:12]，访问了[com.nowcoder.community.service.UserService.findUserById].
2022-09-03 17:14:12,367 INFO [http-nio-8080-exec-4] c.n.c.c.a.ServiceLogAspect [ServiceLogAspect.java:43] 用户[0:0:0:0:0:0:0:1]，在[2022-09-03 17:14:12]，访问了[com.nowcoder.community.service.LikeService.findEntityLikeCount].
2022-09-03 17:14:12,367 INFO [http-nio-8080-exec-4] c.n.c.c.a.ServiceLogAspect [ServiceLogAspect.java:43] 用户[0:0:0:0:0:0:0:1]，在[2022-09-03 17:14:12]，访问了[com.nowcoder.community.service.UserService.findUserById].
2022-09-03 17:14:12,369 INFO [http-nio-8080-exec-4] c.n.c.c.a.ServiceLogAspect [ServiceLogAspect.java:43] 用户[0:0:0:0:0:0:0:1]，在[2022-09-03 17:14:12]，访问了[com.nowcoder.community.service.LikeService.findEntityLikeCount].
2022-09-03 17:14:12,370 INFO [http-nio-8080-exec-4] c.n.c.c.a.ServiceLogAspect [ServiceLogAspect.java:43] 用户[0:0:0:0:0:0:0:1]，在[2022-09-03 17:14:12]，访问了[com.nowcoder.community.service.UserService.findUserById].
2022-09-03 17:14:12,371 INFO [http-nio-8080-exec-4] c.n.c.c.a.ServiceLogAspect [ServiceLogAspect.java:43] 用户[0:0:0:0:0:0:0:1]，在[2022-09-03 17:14:12]，访问了[com.nowcoder.community.service.LikeService.findEntityLikeCount].
2022-09-03 17:14:12,373 INFO [http-nio-8080-exec-4] c.n.c.c.a.ServiceLogAspect [ServiceLogAspect.java:43] 用户[0:0:0:0:0:0:0:1]，在[2022-09-03 17:14:12]，访问了[com.nowcoder.community.service.UserService.findUserById].
2022-09-03 17:14:12,376 INFO [http-nio-8080-exec-4] c.n.c.c.a.ServiceLogAspect [ServiceLogAspect.java:43] 用户[0:0:0:0:0:0:0:1]，在[2022-09-03 17:14:12]，访问了[com.nowcoder.community.service.LikeService.findEntityLikeCount].
2022-09-03 17:14:12,377 INFO [http-nio-8080-exec-4] c.n.c.c.a.ServiceLogAspect [ServiceLogAspect.java:43] 用户[0:0:0:0:0:0:0:1]，在[2022-09-03 17:14:12]，访问了[com.nowcoder.community.service.UserService.findUserById].
2022-09-03 17:14:12,380 INFO [http-nio-8080-exec-4] c.n.c.c.a.ServiceLogAspect [ServiceLogAspect.java:43] 用户[0:0:0:0:0:0:0:1]，在[2022-09-03 17:14:12]，访问了[com.nowcoder.community.service.LikeService.findEntityLikeCount].
2022-09-03 17:14:12,386 INFO [http-nio-8080-exec-4] c.n.c.c.a.ServiceLogAspect [ServiceLogAspect.java:43] 用户[0:0:0:0:0:0:0:1]，在[2022-09-03 17:14:12]，访问了[com.nowcoder.community.service.UserService.findUserById].
2022-09-03 17:14:12,390 INFO [http-nio-8080-exec-4] c.n.c.c.a.ServiceLogAspect [ServiceLogAspect.java:43] 用户[0:0:0:0:0:0:0:1]，在[2022-09-03 17:14:12]，访问了[com.nowcoder.community.service.LikeService.findEntityLikeCount].
2022-09-03 17:14:12,395 INFO [http-nio-8080-exec-4] c.n.c.c.a.ServiceLogAspect [ServiceLogAspect.java:43] 用户[0:0:0:0:0:0:0:1]，在[2022-09-03 17:14:12]，访问了[com.nowcoder.community.service.UserService.findUserById].
2022-09-03 17:14:12,400 INFO [http-nio-8080-exec-4] c.n.c.c.a.ServiceLogAspect [ServiceLogAspect.java:43] 用户[0:0:0:0:0:0:0:1]，在[2022-09-03 17:14:12]，访问了[com.nowcoder.community.service.LikeService.findEntityLikeCount].
2022-09-03 17:14:12,403 INFO [http-nio-8080-exec-4] c.n.c.c.a.ServiceLogAspect [ServiceLogAspect.java:43] 用户[0:0:0:0:0:0:0:1]，在[2022-09-03 17:14:12]，访问了[com.nowcoder.community.service.UserService.findUserById].
2022-09-03 17:14:12,406 INFO [http-nio-8080-exec-4] c.n.c.c.a.ServiceLogAspect [ServiceLogAspect.java:43] 用户[0:0:0:0:0:0:0:1]，在[2022-09-03 17:14:12]，访问了[com.nowcoder.community.service.LikeService.findEntityLikeCount].
2022-09-03 17:14:12,408 INFO [http-nio-8080-exec-4] c.n.c.c.a.ServiceLogAspect [ServiceLogAspect.java:43] 用户[0:0:0:0:0:0:0:1]，在[2022-09-03 17:14:12]，访问了[com.nowcoder.community.service.UserService.findUserById].
2022-09-03 17:14:12,411 INFO [http-nio-8080-exec-4] c.n.c.c.a.ServiceLogAspect [ServiceLogAspect.java:43] 用户[0:0:0:0:0:0:0:1]，在[2022-09-03 17:14:12]，访问了[com.nowcoder.community.service.LikeService.findEntityLikeCount].
2022-09-03 17:14:12,433 INFO [http-nio-8080-exec-2] c.n.c.c.a.ServiceLogAspect [ServiceLogAspect.java:43] 用户[0:0:0:0:0:0:0:1]，在[2022-09-03 17:14:12]，访问了[com.nowcoder.community.service.UserService.findLoginTicket].
2022-09-03 17:14:12,435 INFO [http-nio-8080-exec-2] c.n.c.c.a.ServiceLogAspect [ServiceLogAspect.java:43] 用户[0:0:0:0:0:0:0:1]，在[2022-09-03 17:14:12]，访问了[com.nowcoder.community.service.UserService.findUserById].
2022-09-03 17:14:14,371 INFO [http-nio-8080-exec-9] c.n.c.c.a.ServiceLogAspect [ServiceLogAspect.java:43] 用户[0:0:0:0:0:0:0:1]，在[2022-09-03 17:14:14]，访问了[com.nowcoder.community.service.UserService.findLoginTicket].
2022-09-03 17:14:14,383 INFO [http-nio-8080-exec-9] c.n.c.c.a.ServiceLogAspect [ServiceLogAspect.java:43] 用户[0:0:0:0:0:0:0:1]，在[2022-09-03 17:14:14]，访问了[com.nowcoder.community.service.UserService.findUserById].
2022-09-03 17:14:14,396 INFO [http-nio-8080-exec-9] c.n.c.c.a.ServiceLogAspect [ServiceLogAspect.java:43] 用户[0:0:0:0:0:0:0:1]，在[2022-09-03 17:14:14]，访问了[com.nowcoder.community.service.DiscussPostService.findDiscussPostById].
2022-09-03 17:14:14,400 INFO [http-nio-8080-exec-9] c.n.c.c.a.ServiceLogAspect [ServiceLogAspect.java:43] 用户[0:0:0:0:0:0:0:1]，在[2022-09-03 17:14:14]，访问了[com.nowcoder.community.service.UserService.findUserById].
2022-09-03 17:14:14,402 INFO [http-nio-8080-exec-9] c.n.c.c.a.ServiceLogAspect [ServiceLogAspect.java:43] 用户[0:0:0:0:0:0:0:1]，在[2022-09-03 17:14:14]，访问了[com.nowcoder.community.service.LikeService.findEntityLikeCount].
2022-09-03 17:14:14,405 INFO [http-nio-8080-exec-9] c.n.c.c.a.ServiceLogAspect [ServiceLogAspect.java:43] 用户[0:0:0:0:0:0:0:1]，在[2022-09-03 17:14:14]，访问了[com.nowcoder.community.service.LikeService.findEntityLikeStatus].
2022-09-03 17:14:14,406 INFO [http-nio-8080-exec-9] c.n.c.c.a.ServiceLogAspect [ServiceLogAspect.java:43] 用户[0:0:0:0:0:0:0:1]，在[2022-09-03 17:14:14]，访问了[com.nowcoder.community.service.CommentService.findCommentsByEntity].
2022-09-03 17:14:14,450 INFO [http-nio-8080-exec-2] c.n.c.c.a.ServiceLogAspect [ServiceLogAspect.java:43] 用户[0:0:0:0:0:0:0:1]，在[2022-09-03 17:14:14]，访问了[com.nowcoder.community.service.UserService.findLoginTicket].
2022-09-03 17:14:14,453 INFO [http-nio-8080-exec-2] c.n.c.c.a.ServiceLogAspect [ServiceLogAspect.java:43] 用户[0:0:0:0:0:0:0:1]，在[2022-09-03 17:14:14]，访问了[com.nowcoder.community.service.UserService.findUserById].
2022-09-03 17:14:16,886 INFO [http-nio-8080-exec-8] c.n.c.c.a.ServiceLogAspect [ServiceLogAspect.java:43] 用户[0:0:0:0:0:0:0:1]，在[2022-09-03 17:14:16]，访问了[com.nowcoder.community.service.UserService.findLoginTicket].
2022-09-03 17:14:16,888 INFO [http-nio-8080-exec-8] c.n.c.c.a.ServiceLogAspect [ServiceLogAspect.java:43] 用户[0:0:0:0:0:0:0:1]，在[2022-09-03 17:14:16]，访问了[com.nowcoder.community.service.UserService.findUserById].
2022-09-03 17:14:16,907 INFO [http-nio-8080-exec-4] c.n.c.c.a.ServiceLogAspect [ServiceLogAspect.java:43] 用户[0:0:0:0:0:0:0:1]，在[2022-09-03 17:14:16]，访问了[com.nowcoder.community.service.UserService.findLoginTicket].
2022-09-03 17:14:16,909 INFO [http-nio-8080-exec-4] c.n.c.c.a.ServiceLogAspect [ServiceLogAspect.java:43] 用户[0:0:0:0:0:0:0:1]，在[2022-09-03 17:14:16]，访问了[com.nowcoder.community.service.UserService.findUserById].
2022-09-03 17:14:16,933 INFO [http-nio-8080-exec-3] c.n.c.c.a.ServiceLogAspect [ServiceLogAspect.java:43] 用户[0:0:0:0:0:0:0:1]，在[2022-09-03 17:14:16]，访问了[com.nowcoder.community.service.UserService.findLoginTicket].
2022-09-03 17:14:16,938 INFO [http-nio-8080-exec-3] c.n.c.c.a.ServiceLogAspect [ServiceLogAspect.java:43] 用户[0:0:0:0:0:0:0:1]，在[2022-09-03 17:14:16]，访问了[com.nowcoder.community.service.UserService.findUserById].
2022-09-03 17:14:21,563 INFO [http-nio-8080-exec-5] c.n.c.c.a.ServiceLogAspect [ServiceLogAspect.java:43] 用户[0:0:0:0:0:0:0:1]，在[2022-09-03 17:14:21]，访问了[com.nowcoder.community.service.UserService.findLoginTicket].
2022-09-03 17:14:21,570 INFO [http-nio-8080-exec-5] c.n.c.c.a.ServiceLogAspect [ServiceLogAspect.java:43] 用户[0:0:0:0:0:0:0:1]，在[2022-09-03 17:14:21]，访问了[com.nowcoder.community.service.UserService.findUserById].
2022-09-03 17:14:21,575 INFO [http-nio-8080-exec-5] c.n.c.c.a.ServiceLogAspect [ServiceLogAspect.java:43] 用户[0:0:0:0:0:0:0:1]，在[2022-09-03 17:14:21]，访问了[com.nowcoder.community.service.UserService.findUserById].
2022-09-03 17:14:21,578 INFO [http-nio-8080-exec-5] c.n.c.c.a.ServiceLogAspect [ServiceLogAspect.java:43] 用户[0:0:0:0:0:0:0:1]，在[2022-09-03 17:14:21]，访问了[com.nowcoder.community.service.LikeService.findUserLikeCount].
2022-09-03 17:14:21,580 INFO [http-nio-8080-exec-5] c.n.c.c.a.ServiceLogAspect [ServiceLogAspect.java:43] 用户[0:0:0:0:0:0:0:1]，在[2022-09-03 17:14:21]，访问了[com.nowcoder.community.service.FollowService.hasFollowed].
2022-09-03 17:14:21,582 INFO [http-nio-8080-exec-5] c.n.c.c.a.ServiceLogAspect [ServiceLogAspect.java:43] 用户[0:0:0:0:0:0:0:1]，在[2022-09-03 17:14:21]，访问了[com.nowcoder.community.service.FollowService.findFollowerCount].
2022-09-03 17:14:21,584 INFO [http-nio-8080-exec-5] c.n.c.c.a.ServiceLogAspect [ServiceLogAspect.java:43] 用户[0:0:0:0:0:0:0:1]，在[2022-09-03 17:14:21]，访问了[com.nowcoder.community.service.FollowService.findFolloweeCount].
2022-09-03 17:14:21,609 INFO [http-nio-8080-exec-2] c.n.c.c.a.ServiceLogAspect [ServiceLogAspect.java:43] 用户[0:0:0:0:0:0:0:1]，在[2022-09-03 17:14:21]，访问了[com.nowcoder.community.service.UserService.findLoginTicket].
2022-09-03 17:14:21,611 INFO [http-nio-8080-exec-2] c.n.c.c.a.ServiceLogAspect [ServiceLogAspect.java:43] 用户[0:0:0:0:0:0:0:1]，在[2022-09-03 17:14:21]，访问了[com.nowcoder.community.service.UserService.findUserById].
2022-09-03 17:14:24,094 INFO [http-nio-8080-exec-4] c.n.c.c.a.ServiceLogAspect [ServiceLogAspect.java:43] 用户[0:0:0:0:0:0:0:1]，在[2022-09-03 17:14:24]，访问了[com.nowcoder.community.service.UserService.findLoginTicket].
2022-09-03 17:14:24,099 INFO [http-nio-8080-exec-4] c.n.c.c.a.ServiceLogAspect [ServiceLogAspect.java:43] 用户[0:0:0:0:0:0:0:1]，在[2022-09-03 17:14:24]，访问了[com.nowcoder.community.service.UserService.findUserById].
2022-09-03 17:14:24,106 INFO [http-nio-8080-exec-4] c.n.c.c.a.ServiceLogAspect [ServiceLogAspect.java:43] 用户[0:0:0:0:0:0:0:1]，在[2022-09-03 17:14:24]，访问了[com.nowcoder.community.service.FollowService.follow].
2022-09-03 17:14:24,184 INFO [http-nio-8080-exec-9] c.n.c.c.a.ServiceLogAspect [ServiceLogAspect.java:43] 用户[0:0:0:0:0:0:0:1]，在[2022-09-03 17:14:24]，访问了[com.nowcoder.community.service.UserService.findLoginTicket].
2022-09-03 17:14:24,186 INFO [http-nio-8080-exec-9] c.n.c.c.a.ServiceLogAspect [ServiceLogAspect.java:43] 用户[0:0:0:0:0:0:0:1]，在[2022-09-03 17:14:24]，访问了[com.nowcoder.community.service.UserService.findUserById].
2022-09-03 17:14:24,187 INFO [http-nio-8080-exec-9] c.n.c.c.a.ServiceLogAspect [ServiceLogAspect.java:43] 用户[0:0:0:0:0:0:0:1]，在[2022-09-03 17:14:24]，访问了[com.nowcoder.community.service.UserService.findUserById].
2022-09-03 17:14:24,188 INFO [http-nio-8080-exec-9] c.n.c.c.a.ServiceLogAspect [ServiceLogAspect.java:43] 用户[0:0:0:0:0:0:0:1]，在[2022-09-03 17:14:24]，访问了[com.nowcoder.community.service.LikeService.findUserLikeCount].
2022-09-03 17:14:24,189 INFO [http-nio-8080-exec-9] c.n.c.c.a.ServiceLogAspect [ServiceLogAspect.java:43] 用户[0:0:0:0:0:0:0:1]，在[2022-09-03 17:14:24]，访问了[com.nowcoder.community.service.FollowService.hasFollowed].
2022-09-03 17:14:24,190 INFO [http-nio-8080-exec-9] c.n.c.c.a.ServiceLogAspect [ServiceLogAspect.java:43] 用户[0:0:0:0:0:0:0:1]，在[2022-09-03 17:14:24]，访问了[com.nowcoder.community.service.FollowService.findFollowerCount].
2022-09-03 17:14:24,190 INFO [http-nio-8080-exec-9] c.n.c.c.a.ServiceLogAspect [ServiceLogAspect.java:43] 用户[0:0:0:0:0:0:0:1]，在[2022-09-03 17:14:24]，访问了[com.nowcoder.community.service.FollowService.findFolloweeCount].
2022-09-03 17:14:24,212 INFO [http-nio-8080-exec-3] c.n.c.c.a.ServiceLogAspect [ServiceLogAspect.java:43] 用户[0:0:0:0:0:0:0:1]，在[2022-09-03 17:14:24]，访问了[com.nowcoder.community.service.UserService.findLoginTicket].
2022-09-03 17:14:24,215 INFO [http-nio-8080-exec-3] c.n.c.c.a.ServiceLogAspect [ServiceLogAspect.java:43] 用户[0:0:0:0:0:0:0:1]，在[2022-09-03 17:14:24]，访问了[com.nowcoder.community.service.UserService.findUserById].
2022-09-03 17:14:25,083 INFO [http-nio-8080-exec-10] c.n.c.c.a.ServiceLogAspect [ServiceLogAspect.java:43] 用户[0:0:0:0:0:0:0:1]，在[2022-09-03 17:14:25]，访问了[com.nowcoder.community.service.UserService.findLoginTicket].
2022-09-03 17:14:25,088 INFO [http-nio-8080-exec-10] c.n.c.c.a.ServiceLogAspect [ServiceLogAspect.java:43] 用户[0:0:0:0:0:0:0:1]，在[2022-09-03 17:14:25]，访问了[com.nowcoder.community.service.UserService.findUserById].
2022-09-03 17:14:25,093 INFO [http-nio-8080-exec-10] c.n.c.c.a.ServiceLogAspect [ServiceLogAspect.java:43] 用户[0:0:0:0:0:0:0:1]，在[2022-09-03 17:14:25]，访问了[com.nowcoder.community.service.FollowService.unfollow].
2022-09-03 17:14:25,121 INFO [http-nio-8080-exec-6] c.n.c.c.a.ServiceLogAspect [ServiceLogAspect.java:43] 用户[0:0:0:0:0:0:0:1]，在[2022-09-03 17:14:25]，访问了[com.nowcoder.community.service.UserService.findLoginTicket].
2022-09-03 17:14:25,125 INFO [http-nio-8080-exec-6] c.n.c.c.a.ServiceLogAspect [ServiceLogAspect.java:43] 用户[0:0:0:0:0:0:0:1]，在[2022-09-03 17:14:25]，访问了[com.nowcoder.community.service.UserService.findUserById].
2022-09-03 17:14:25,127 INFO [http-nio-8080-exec-6] c.n.c.c.a.ServiceLogAspect [ServiceLogAspect.java:43] 用户[0:0:0:0:0:0:0:1]，在[2022-09-03 17:14:25]，访问了[com.nowcoder.community.service.UserService.findUserById].
2022-09-03 17:14:25,130 INFO [http-nio-8080-exec-6] c.n.c.c.a.ServiceLogAspect [ServiceLogAspect.java:43] 用户[0:0:0:0:0:0:0:1]，在[2022-09-03 17:14:25]，访问了[com.nowcoder.community.service.LikeService.findUserLikeCount].
2022-09-03 17:14:25,132 INFO [http-nio-8080-exec-6] c.n.c.c.a.ServiceLogAspect [ServiceLogAspect.java:43] 用户[0:0:0:0:0:0:0:1]，在[2022-09-03 17:14:25]，访问了[com.nowcoder.community.service.FollowService.hasFollowed].
2022-09-03 17:14:25,133 INFO [http-nio-8080-exec-6] c.n.c.c.a.ServiceLogAspect [ServiceLogAspect.java:43] 用户[0:0:0:0:0:0:0:1]，在[2022-09-03 17:14:25]，访问了[com.nowcoder.community.service.FollowService.findFollowerCount].
2022-09-03 17:14:25,136 INFO [http-nio-8080-exec-6] c.n.c.c.a.ServiceLogAspect [ServiceLogAspect.java:43] 用户[0:0:0:0:0:0:0:1]，在[2022-09-03 17:14:25]，访问了[com.nowcoder.community.service.FollowService.findFolloweeCount].
2022-09-03 17:14:25,158 INFO [http-nio-8080-exec-2] c.n.c.c.a.ServiceLogAspect [ServiceLogAspect.java:43] 用户[0:0:0:0:0:0:0:1]，在[2022-09-03 17:14:25]，访问了[com.nowcoder.community.service.UserService.findLoginTicket].
2022-09-03 17:14:25,160 INFO [http-nio-8080-exec-2] c.n.c.c.a.ServiceLogAspect [ServiceLogAspect.java:43] 用户[0:0:0:0:0:0:0:1]，在[2022-09-03 17:14:25]，访问了[com.nowcoder.community.service.UserService.findUserById].
2022-09-03 17:14:27,267 INFO [http-nio-8080-exec-1] c.n.c.c.a.ServiceLogAspect [ServiceLogAspect.java:43] 用户[0:0:0:0:0:0:0:1]，在[2022-09-03 17:14:27]，访问了[com.nowcoder.community.service.UserService.findLoginTicket].
2022-09-03 17:14:27,272 INFO [http-nio-8080-exec-1] c.n.c.c.a.ServiceLogAspect [ServiceLogAspect.java:43] 用户[0:0:0:0:0:0:0:1]，在[2022-09-03 17:14:27]，访问了[com.nowcoder.community.service.UserService.findUserById].
2022-09-03 17:14:27,277 INFO [http-nio-8080-exec-1] c.n.c.c.a.ServiceLogAspect [ServiceLogAspect.java:43] 用户[0:0:0:0:0:0:0:1]，在[2022-09-03 17:14:27]，访问了[com.nowcoder.community.service.FollowService.follow].
2022-09-03 17:14:27,297 INFO [http-nio-8080-exec-7] c.n.c.c.a.ServiceLogAspect [ServiceLogAspect.java:43] 用户[0:0:0:0:0:0:0:1]，在[2022-09-03 17:14:27]，访问了[com.nowcoder.community.service.UserService.findLoginTicket].
2022-09-03 17:14:27,299 INFO [http-nio-8080-exec-7] c.n.c.c.a.ServiceLogAspect [ServiceLogAspect.java:43] 用户[0:0:0:0:0:0:0:1]，在[2022-09-03 17:14:27]，访问了[com.nowcoder.community.service.UserService.findUserById].
2022-09-03 17:14:27,301 INFO [http-nio-8080-exec-7] c.n.c.c.a.ServiceLogAspect [ServiceLogAspect.java:43] 用户[0:0:0:0:0:0:0:1]，在[2022-09-03 17:14:27]，访问了[com.nowcoder.community.service.UserService.findUserById].
2022-09-03 17:14:27,303 INFO [http-nio-8080-exec-7] c.n.c.c.a.ServiceLogAspect [ServiceLogAspect.java:43] 用户[0:0:0:0:0:0:0:1]，在[2022-09-03 17:14:27]，访问了[com.nowcoder.community.service.LikeService.findUserLikeCount].
2022-09-03 17:14:27,304 INFO [http-nio-8080-exec-7] c.n.c.c.a.ServiceLogAspect [ServiceLogAspect.java:43] 用户[0:0:0:0:0:0:0:1]，在[2022-09-03 17:14:27]，访问了[com.nowcoder.community.service.FollowService.hasFollowed].
2022-09-03 17:14:27,305 INFO [http-nio-8080-exec-7] c.n.c.c.a.ServiceLogAspect [ServiceLogAspect.java:43] 用户[0:0:0:0:0:0:0:1]，在[2022-09-03 17:14:27]，访问了[com.nowcoder.community.service.FollowService.findFollowerCount].
2022-09-03 17:14:27,306 INFO [http-nio-8080-exec-7] c.n.c.c.a.ServiceLogAspect [ServiceLogAspect.java:43] 用户[0:0:0:0:0:0:0:1]，在[2022-09-03 17:14:27]，访问了[com.nowcoder.community.service.FollowService.findFolloweeCount].
2022-09-03 17:14:27,329 INFO [http-nio-8080-exec-3] c.n.c.c.a.ServiceLogAspect [ServiceLogAspect.java:43] 用户[0:0:0:0:0:0:0:1]，在[2022-09-03 17:14:27]，访问了[com.nowcoder.community.service.UserService.findLoginTicket].
2022-09-03 17:14:27,332 INFO [http-nio-8080-exec-3] c.n.c.c.a.ServiceLogAspect [ServiceLogAspect.java:43] 用户[0:0:0:0:0:0:0:1]，在[2022-09-03 17:14:27]，访问了[com.nowcoder.community.service.UserService.findUserById].
2022-09-03 17:14:54,346 INFO [SpringApplicationShutdownHook] c.z.h.HikariDataSource [HikariDataSource.java:350] HikariPool-1 - Shutdown initiated...
2022-09-03 17:14:54,352 INFO [SpringApplicationShutdownHook] c.z.h.HikariDataSource [HikariDataSource.java:352] HikariPool-1 - Shutdown completed.
