2022-08-25 16:11:57,033 INFO [restartedMain] c.n.c.CommunityApplication [StartupInfoLogger.java:55] Starting CommunityApplication using Java 18.0.2 on wukaiwendeMacBook-Air.local with PID 5171 (/Users/wukaiwen/code/java/community/target/classes started by wukaiwen in /Users/wukaiwen/code/java/community)
2022-08-25 16:11:57,036 INFO [restartedMain] c.n.c.CommunityApplication [SpringApplication.java:634] No active profile set, falling back to 1 default profile: "default"
2022-08-25 16:11:57,067 INFO [restartedMain] o.s.b.d.e.DevToolsPropertyDefaultsPostProcessor [DeferredLog.java:255] Devtools property defaults active! Set 'spring.devtools.add-properties' to 'false' to disable
2022-08-25 16:11:57,068 INFO [restartedMain] o.s.b.d.e.DevToolsPropertyDefaultsPostProcessor [DeferredLog.java:255] For additional web related logging consider setting the 'logging.level.web' property to 'DEBUG'
2022-08-25 16:11:57,556 INFO [restartedMain] o.s.b.w.e.t.TomcatWebServer [TomcatWebServer.java:108] Tomcat initialized with port(s): 8080 (http)
2022-08-25 16:11:57,560 INFO [restartedMain] o.a.c.h.Http11NioProtocol [DirectJDKLog.java:173] Initializing ProtocolHandler ["http-nio-8080"]
2022-08-25 16:11:57,560 INFO [restartedMain] o.a.c.c.StandardService [DirectJDKLog.java:173] Starting service [Tomcat]
2022-08-25 16:11:57,561 INFO [restartedMain] o.a.c.c.StandardEngine [DirectJDKLog.java:173] Starting Servlet engine: [Apache Tomcat/9.0.65]
2022-08-25 16:11:57,586 INFO [restartedMain] o.a.c.c.C.[.[.[/community] [DirectJDKLog.java:173] Initializing Spring embedded WebApplicationContext
2022-08-25 16:11:57,586 INFO [restartedMain] o.s.b.w.s.c.ServletWebServerApplicationContext [ServletWebServerApplicationContext.java:292] Root WebApplicationContext: initialization completed in 518 ms
2022-08-25 16:11:57,877 INFO [restartedMain] o.s.b.a.w.s.WelcomePageHandlerMapping [WelcomePageHandlerMapping.java:57] Adding welcome page template: index
2022-08-25 16:11:57,977 INFO [restartedMain] o.s.b.d.a.OptionalLiveReloadServer [OptionalLiveReloadServer.java:58] LiveReload server is running on port 35729
2022-08-25 16:11:57,983 INFO [restartedMain] o.a.c.h.Http11NioProtocol [DirectJDKLog.java:173] Starting ProtocolHandler ["http-nio-8080"]
2022-08-25 16:11:57,993 INFO [restartedMain] o.s.b.w.e.t.TomcatWebServer [TomcatWebServer.java:220] Tomcat started on port(s): 8080 (http) with context path '/community'
2022-08-25 16:11:57,998 INFO [restartedMain] c.n.c.CommunityApplication [StartupInfoLogger.java:61] Started CommunityApplication in 1.666 seconds (JVM running for 1.923)
2022-08-25 16:12:05,812 INFO [http-nio-8080-exec-1] o.a.c.c.C.[.[.[/community] [DirectJDKLog.java:173] Initializing Spring DispatcherServlet 'dispatcherServlet'
2022-08-25 16:12:05,813 INFO [http-nio-8080-exec-1] o.s.w.s.DispatcherServlet [FrameworkServlet.java:525] Initializing Servlet 'dispatcherServlet'
2022-08-25 16:12:05,813 INFO [http-nio-8080-exec-1] o.s.w.s.DispatcherServlet [FrameworkServlet.java:547] Completed initialization in 0 ms
2022-08-25 16:12:05,852 INFO [http-nio-8080-exec-1] c.z.h.HikariDataSource [HikariDataSource.java:110] HikariPool-1 - Starting...
2022-08-25 16:12:05,941 INFO [http-nio-8080-exec-1] c.z.h.HikariDataSource [HikariDataSource.java:123] HikariPool-1 - Start completed.
2022-08-25 16:12:16,141 INFO [SpringApplicationShutdownHook] c.z.h.HikariDataSource [HikariDataSource.java:350] HikariPool-1 - Shutdown initiated...
2022-08-25 16:12:16,146 INFO [SpringApplicationShutdownHook] c.z.h.HikariDataSource [HikariDataSource.java:352] HikariPool-1 - Shutdown completed.
2022-08-25 16:17:16,317 INFO [main] c.n.c.CommunityApplicationTests [StartupInfoLogger.java:55] Starting CommunityApplicationTests using Java 18.0.2 on wukaiwendeMacBook-Air.local with PID 5506 (started by wukaiwen in /Users/wukaiwen/code/java/community)
2022-08-25 16:17:16,318 INFO [main] c.n.c.CommunityApplicationTests [SpringApplication.java:634] No active profile set, falling back to 1 default profile: "default"
2022-08-25 16:17:17,003 INFO [main] o.s.b.a.w.s.WelcomePageHandlerMapping [WelcomePageHandlerMapping.java:57] Adding welcome page template: index
2022-08-25 16:17:17,109 INFO [main] c.n.c.CommunityApplicationTests [StartupInfoLogger.java:61] Started CommunityApplicationTests in 1.464 seconds (JVM running for 1.811)
2022-08-25 16:19:07,456 INFO [main] c.n.c.CommunityApplicationTests [StartupInfoLogger.java:55] Starting CommunityApplicationTests using Java 18.0.2 on wukaiwendeMacBook-Air.local with PID 5572 (started by wukaiwen in /Users/wukaiwen/code/java/community)
2022-08-25 16:19:07,457 INFO [main] c.n.c.CommunityApplicationTests [SpringApplication.java:634] No active profile set, falling back to 1 default profile: "default"
2022-08-25 16:19:08,114 INFO [main] o.s.b.a.w.s.WelcomePageHandlerMapping [WelcomePageHandlerMapping.java:57] Adding welcome page template: index
2022-08-25 16:19:08,213 INFO [main] c.n.c.CommunityApplicationTests [StartupInfoLogger.java:61] Started CommunityApplicationTests in 0.907 seconds (JVM running for 1.261)
2022-08-25 16:19:20,452 INFO [main] c.n.c.SensitiveTests [StartupInfoLogger.java:55] Starting SensitiveTests using Java 18.0.2 on wukaiwendeMacBook-Air.local with PID 5586 (started by wukaiwen in /Users/wukaiwen/code/java/community)
2022-08-25 16:19:20,453 INFO [main] c.n.c.SensitiveTests [SpringApplication.java:634] No active profile set, falling back to 1 default profile: "default"
2022-08-25 16:19:21,055 INFO [main] o.s.b.a.w.s.WelcomePageHandlerMapping [WelcomePageHandlerMapping.java:57] Adding welcome page template: index
2022-08-25 16:19:21,148 INFO [main] c.n.c.SensitiveTests [StartupInfoLogger.java:61] Started SensitiveTests in 1.172 seconds (JVM running for 1.485)
2022-08-25 16:23:47,915 INFO [main] c.n.c.CommunityApplicationTests [StartupInfoLogger.java:55] Starting CommunityApplicationTests using Java 18.0.2 on wukaiwendeMacBook-Air.local with PID 5828 (started by wukaiwen in /Users/wukaiwen/code/java/community)
2022-08-25 16:23:47,915 INFO [main] c.n.c.CommunityApplicationTests [SpringApplication.java:634] No active profile set, falling back to 1 default profile: "default"
2022-08-25 16:23:48,571 INFO [main] o.s.b.a.w.s.WelcomePageHandlerMapping [WelcomePageHandlerMapping.java:57] Adding welcome page template: index
2022-08-25 16:23:48,672 INFO [main] c.n.c.CommunityApplicationTests [StartupInfoLogger.java:61] Started CommunityApplicationTests in 1.315 seconds (JVM running for 1.683)
2022-08-25 16:25:27,834 INFO [main] c.n.c.SensitiveFilterTests [StartupInfoLogger.java:55] Starting SensitiveFilterTests using Java 18.0.2 on wukaiwendeMacBook-Air.local with PID 5876 (started by wukaiwen in /Users/wukaiwen/code/java/community)
2022-08-25 16:25:27,835 INFO [main] c.n.c.SensitiveFilterTests [SpringApplication.java:634] No active profile set, falling back to 1 default profile: "default"
2022-08-25 16:25:28,486 INFO [main] o.s.b.a.w.s.WelcomePageHandlerMapping [WelcomePageHandlerMapping.java:57] Adding welcome page template: index
2022-08-25 16:25:28,584 INFO [main] c.n.c.SensitiveFilterTests [StartupInfoLogger.java:61] Started SensitiveFilterTests in 0.889 seconds (JVM running for 1.217)
2022-08-25 16:25:51,766 INFO [main] c.n.c.SensitiveFilterTests [StartupInfoLogger.java:55] Starting SensitiveFilterTests using Java 18.0.2 on wukaiwendeMacBook-Air.local with PID 5913 (started by wukaiwen in /Users/wukaiwen/code/java/community)
2022-08-25 16:25:51,767 INFO [main] c.n.c.SensitiveFilterTests [SpringApplication.java:634] No active profile set, falling back to 1 default profile: "default"
2022-08-25 16:25:52,385 INFO [main] o.s.b.a.w.s.WelcomePageHandlerMapping [WelcomePageHandlerMapping.java:57] Adding welcome page template: index
2022-08-25 16:25:52,487 INFO [main] c.n.c.SensitiveFilterTests [StartupInfoLogger.java:61] Started SensitiveFilterTests in 1.222 seconds (JVM running for 1.539)
2022-08-25 19:58:31,820 INFO [main] c.n.c.SensitiveFilterTests [StartupInfoLogger.java:55] Starting SensitiveFilterTests using Java 18.0.2 on wukaiwendeMacBook-Air.local with PID 11013 (started by wukaiwen in /Users/wukaiwen/code/java/community)
2022-08-25 19:58:31,821 INFO [main] c.n.c.SensitiveFilterTests [SpringApplication.java:634] No active profile set, falling back to 1 default profile: "default"
2022-08-25 19:58:32,613 INFO [main] o.s.b.a.w.s.WelcomePageHandlerMapping [WelcomePageHandlerMapping.java:57] Adding welcome page template: index
2022-08-25 19:58:32,717 INFO [main] c.n.c.SensitiveFilterTests [StartupInfoLogger.java:61] Started SensitiveFilterTests in 1.423 seconds (JVM running for 1.855)
2022-08-25 20:06:47,411 INFO [main] c.n.c.LoggerTests [StartupInfoLogger.java:55] Starting LoggerTests using Java 18.0.2 on wukaiwendeMacBook-Air.local with PID 11266 (started by wukaiwen in /Users/wukaiwen/code/java/community)
2022-08-25 20:06:47,413 INFO [main] c.n.c.LoggerTests [SpringApplication.java:634] No active profile set, falling back to 1 default profile: "default"
2022-08-25 20:06:48,087 INFO [main] o.s.b.a.w.s.WelcomePageHandlerMapping [WelcomePageHandlerMapping.java:57] Adding welcome page template: index
2022-08-25 20:06:48,184 INFO [main] c.n.c.LoggerTests [StartupInfoLogger.java:61] Started LoggerTests in 1.355 seconds (JVM running for 1.679)
2022-08-25 20:06:48,346 INFO [main] c.n.c.LoggerTests [LoggerTests.java:19] info log
2022-08-25 20:06:48,352 INFO [main] o.s.t.c.s.AbstractContextLoader [AbstractContextLoader.java:264] Could not detect default resource locations for test class [com.nowcoder.community.SensitiveFilterTests]: no resource found for suffixes {-context.xml, Context.groovy}.
2022-08-25 20:06:48,353 INFO [main] o.s.b.t.c.SpringBootTestContextBootstrapper [AbstractTestContextBootstrapper.java:245] Loaded default TestExecutionListener class names from location [META-INF/spring.factories]: [org.springframework.boot.test.mock.mockito.MockitoTestExecutionListener, org.springframework.boot.test.mock.mockito.ResetMocksTestExecutionListener, org.springframework.boot.test.autoconfigure.restdocs.RestDocsTestExecutionListener, org.springframework.boot.test.autoconfigure.web.client.MockRestServiceServerResetTestExecutionListener, org.springframework.boot.test.autoconfigure.web.servlet.MockMvcPrintOnlyOnFailureTestExecutionListener, org.springframework.boot.test.autoconfigure.web.servlet.WebDriverTestExecutionListener, org.springframework.boot.test.autoconfigure.webservices.client.MockWebServiceServerTestExecutionListener, org.springframework.test.context.web.ServletTestExecutionListener, org.springframework.test.context.support.DirtiesContextBeforeModesTestExecutionListener, org.springframework.test.context.event.ApplicationEventsTestExecutionListener, org.springframework.test.context.support.DependencyInjectionTestExecutionListener, org.springframework.test.context.support.DirtiesContextTestExecutionListener, org.springframework.test.context.transaction.TransactionalTestExecutionListener, org.springframework.test.context.jdbc.SqlScriptsTestExecutionListener, org.springframework.test.context.event.EventPublishingTestExecutionListener]
2022-08-25 20:06:48,353 INFO [main] o.s.b.t.c.SpringBootTestContextBootstrapper [AbstractTestContextBootstrapper.java:174] Using TestExecutionListeners: [org.springframework.test.context.web.ServletTestExecutionListener@12f9f896, org.springframework.test.context.support.DirtiesContextBeforeModesTestExecutionListener@7548e1fb, org.springframework.test.context.event.ApplicationEventsTestExecutionListener@505f45cc, org.springframework.boot.test.mock.mockito.MockitoTestExecutionListener@994544, org.springframework.boot.test.autoconfigure.SpringBootDependencyInjectionTestExecutionListener@5df92089, org.springframework.test.context.support.DirtiesContextTestExecutionListener@6f0c45f4, org.springframework.test.context.transaction.TransactionalTestExecutionListener@45571cfc, org.springframework.test.context.jdbc.SqlScriptsTestExecutionListener@faec277, org.springframework.test.context.event.EventPublishingTestExecutionListener@1b475663, org.springframework.boot.test.mock.mockito.ResetMocksTestExecutionListener@1669931a, org.springframework.boot.test.autoconfigure.restdocs.RestDocsTestExecutionListener@6b24ddd7, org.springframework.boot.test.autoconfigure.web.client.MockRestServiceServerResetTestExecutionListener@12e007be, org.springframework.boot.test.autoconfigure.web.servlet.MockMvcPrintOnlyOnFailureTestExecutionListener@3335afcf, org.springframework.boot.test.autoconfigure.web.servlet.WebDriverTestExecutionListener@699e0bf0, org.springframework.boot.test.autoconfigure.webservices.client.MockWebServiceServerTestExecutionListener@2499b971]
2022-08-25 20:29:43,028 INFO [restartedMain] c.n.c.CommunityApplication [StartupInfoLogger.java:55] Starting CommunityApplication using Java 18.0.2 on wukaiwendeMacBook-Air.local with PID 12947 (/Users/wukaiwen/code/java/community/target/classes started by wukaiwen in /Users/wukaiwen/code/java/community)
2022-08-25 20:29:43,028 INFO [restartedMain] c.n.c.CommunityApplication [SpringApplication.java:634] No active profile set, falling back to 1 default profile: "default"
2022-08-25 20:29:43,053 INFO [restartedMain] o.s.b.d.e.DevToolsPropertyDefaultsPostProcessor [DeferredLog.java:255] Devtools property defaults active! Set 'spring.devtools.add-properties' to 'false' to disable
2022-08-25 20:29:43,065 INFO [restartedMain] o.s.b.d.e.DevToolsPropertyDefaultsPostProcessor [DeferredLog.java:255] For additional web related logging consider setting the 'logging.level.web' property to 'DEBUG'
2022-08-25 20:29:43,582 INFO [restartedMain] o.s.b.w.e.t.TomcatWebServer [TomcatWebServer.java:108] Tomcat initialized with port(s): 8080 (http)
2022-08-25 20:29:43,587 INFO [restartedMain] o.a.c.h.Http11NioProtocol [DirectJDKLog.java:173] Initializing ProtocolHandler ["http-nio-8080"]
2022-08-25 20:29:43,588 INFO [restartedMain] o.a.c.c.StandardService [DirectJDKLog.java:173] Starting service [Tomcat]
2022-08-25 20:29:43,588 INFO [restartedMain] o.a.c.c.StandardEngine [DirectJDKLog.java:173] Starting Servlet engine: [Apache Tomcat/9.0.65]
2022-08-25 20:29:43,617 INFO [restartedMain] o.a.c.c.C.[.[.[/community] [DirectJDKLog.java:173] Initializing Spring embedded WebApplicationContext
2022-08-25 20:29:43,617 INFO [restartedMain] o.s.b.w.s.c.ServletWebServerApplicationContext [ServletWebServerApplicationContext.java:292] Root WebApplicationContext: initialization completed in 552 ms
2022-08-25 20:29:43,863 INFO [restartedMain] o.s.b.a.w.s.WelcomePageHandlerMapping [WelcomePageHandlerMapping.java:57] Adding welcome page template: index
2022-08-25 20:29:43,964 INFO [restartedMain] o.s.b.d.a.OptionalLiveReloadServer [OptionalLiveReloadServer.java:58] LiveReload server is running on port 35729
2022-08-25 20:29:43,972 INFO [restartedMain] o.a.c.h.Http11NioProtocol [DirectJDKLog.java:173] Starting ProtocolHandler ["http-nio-8080"]
2022-08-25 20:29:43,981 INFO [restartedMain] o.s.b.w.e.t.TomcatWebServer [TomcatWebServer.java:220] Tomcat started on port(s): 8080 (http) with context path '/community'
2022-08-25 20:29:43,985 INFO [restartedMain] c.n.c.CommunityApplication [StartupInfoLogger.java:61] Started CommunityApplication in 1.15 seconds (JVM running for 1.335)
2022-08-25 23:40:19,362 INFO [restartedMain] c.n.c.CommunityApplication [StartupInfoLogger.java:55] Starting CommunityApplication using Java 18.0.2 on wukaiwendeMacBook-Air.local with PID 19035 (/Users/wukaiwen/code/java/community/target/classes started by wukaiwen in /Users/wukaiwen/code/java/community)
2022-08-25 23:40:19,363 INFO [restartedMain] c.n.c.CommunityApplication [SpringApplication.java:634] No active profile set, falling back to 1 default profile: "default"
2022-08-25 23:40:19,390 INFO [restartedMain] o.s.b.d.e.DevToolsPropertyDefaultsPostProcessor [DeferredLog.java:255] Devtools property defaults active! Set 'spring.devtools.add-properties' to 'false' to disable
2022-08-25 23:40:19,390 INFO [restartedMain] o.s.b.d.e.DevToolsPropertyDefaultsPostProcessor [DeferredLog.java:255] For additional web related logging consider setting the 'logging.level.web' property to 'DEBUG'
2022-08-25 23:40:19,873 INFO [restartedMain] o.s.b.w.e.t.TomcatWebServer [TomcatWebServer.java:108] Tomcat initialized with port(s): 8080 (http)
2022-08-25 23:40:19,877 INFO [restartedMain] o.a.c.h.Http11NioProtocol [DirectJDKLog.java:173] Initializing ProtocolHandler ["http-nio-8080"]
2022-08-25 23:40:19,878 INFO [restartedMain] o.a.c.c.StandardService [DirectJDKLog.java:173] Starting service [Tomcat]
2022-08-25 23:40:19,878 INFO [restartedMain] o.a.c.c.StandardEngine [DirectJDKLog.java:173] Starting Servlet engine: [Apache Tomcat/9.0.65]
2022-08-25 23:40:19,904 INFO [restartedMain] o.a.c.c.C.[.[.[/community] [DirectJDKLog.java:173] Initializing Spring embedded WebApplicationContext
2022-08-25 23:40:19,904 INFO [restartedMain] o.s.b.w.s.c.ServletWebServerApplicationContext [ServletWebServerApplicationContext.java:292] Root WebApplicationContext: initialization completed in 513 ms
2022-08-25 23:40:20,176 INFO [restartedMain] o.s.b.a.w.s.WelcomePageHandlerMapping [WelcomePageHandlerMapping.java:57] Adding welcome page template: index
2022-08-25 23:40:20,272 INFO [restartedMain] o.s.b.d.a.OptionalLiveReloadServer [OptionalLiveReloadServer.java:58] LiveReload server is running on port 35729
2022-08-25 23:40:20,279 INFO [restartedMain] o.a.c.h.Http11NioProtocol [DirectJDKLog.java:173] Starting ProtocolHandler ["http-nio-8080"]
2022-08-25 23:40:20,287 INFO [restartedMain] o.s.b.w.e.t.TomcatWebServer [TomcatWebServer.java:220] Tomcat started on port(s): 8080 (http) with context path '/community'
2022-08-25 23:40:20,292 INFO [restartedMain] c.n.c.CommunityApplication [StartupInfoLogger.java:61] Started CommunityApplication in 1.582 seconds (JVM running for 1.765)
2022-08-25 23:41:23,374 INFO [http-nio-8080-exec-1] o.a.c.c.C.[.[.[/community] [DirectJDKLog.java:173] Initializing Spring DispatcherServlet 'dispatcherServlet'
2022-08-25 23:41:23,374 INFO [http-nio-8080-exec-1] o.s.w.s.DispatcherServlet [FrameworkServlet.java:525] Initializing Servlet 'dispatcherServlet'
2022-08-25 23:41:23,375 INFO [http-nio-8080-exec-1] o.s.w.s.DispatcherServlet [FrameworkServlet.java:547] Completed initialization in 1 ms
