2022-08-18 00:14:13,451 INFO [main] c.n.c.MapperTests [StartupInfoLogger.java:55] Starting MapperTests using Java 18.0.2 on wukaiwendeMacBook-Air.local with PID 43262 (started by wukaiwen in /Users/wukaiwen/code/java/community)
2022-08-18 00:14:13,453 INFO [main] c.n.c.MapperTests [SpringApplication.java:634] No active profile set, falling back to 1 default profile: "default"
2022-08-18 00:14:14,081 INFO [main] o.s.b.a.w.s.WelcomePageHandlerMapping [WelcomePageHandlerMapping.java:57] Adding welcome page template: index
2022-08-18 00:14:14,183 INFO [main] c.n.c.MapperTests [StartupInfoLogger.java:61] Started MapperTests in 1.227 seconds (JVM running for 1.565)
2022-08-18 00:14:14,348 INFO [main] c.z.h.HikariDataSource [HikariDataSource.java:110] HikariPool-1 - Starting...
2022-08-18 00:14:14,431 INFO [main] c.z.h.HikariDataSource [HikariDataSource.java:123] HikariPool-1 - Start completed.
2022-08-18 00:14:14,483 INFO [SpringApplicationShutdownHook] c.z.h.HikariDataSource [HikariDataSource.java:350] HikariPool-1 - Shutdown initiated...
2022-08-18 00:14:14,486 INFO [SpringApplicationShutdownHook] c.z.h.HikariDataSource [HikariDataSource.java:352] HikariPool-1 - Shutdown completed.
2022-08-18 00:15:29,715 INFO [main] c.n.c.MapperTests [StartupInfoLogger.java:55] Starting MapperTests using Java 18.0.2 on wukaiwendeMacBook-Air.local with PID 43303 (started by wukaiwen in /Users/wukaiwen/code/java/community)
2022-08-18 00:15:29,716 INFO [main] c.n.c.MapperTests [SpringApplication.java:634] No active profile set, falling back to 1 default profile: "default"
2022-08-18 00:15:30,412 INFO [main] o.s.b.a.w.s.WelcomePageHandlerMapping [WelcomePageHandlerMapping.java:57] Adding welcome page template: index
2022-08-18 00:15:30,528 INFO [main] c.n.c.MapperTests [StartupInfoLogger.java:61] Started MapperTests in 0.953 seconds (JVM running for 1.303)
2022-08-18 00:15:30,703 INFO [main] c.z.h.HikariDataSource [HikariDataSource.java:110] HikariPool-1 - Starting...
2022-08-18 00:15:30,784 INFO [main] c.z.h.HikariDataSource [HikariDataSource.java:123] HikariPool-1 - Start completed.
2022-08-18 00:15:30,833 INFO [SpringApplicationShutdownHook] c.z.h.HikariDataSource [HikariDataSource.java:350] HikariPool-1 - Shutdown initiated...
2022-08-18 00:15:30,836 INFO [SpringApplicationShutdownHook] c.z.h.HikariDataSource [HikariDataSource.java:352] HikariPool-1 - Shutdown completed.
2022-08-18 00:16:46,695 INFO [main] c.n.c.MapperTests [StartupInfoLogger.java:55] Starting MapperTests using Java 18.0.2 on wukaiwendeMacBook-Air.local with PID 43356 (started by wukaiwen in /Users/wukaiwen/code/java/community)
2022-08-18 00:16:46,696 INFO [main] c.n.c.MapperTests [SpringApplication.java:634] No active profile set, falling back to 1 default profile: "default"
2022-08-18 00:16:47,296 INFO [main] o.s.b.a.w.s.WelcomePageHandlerMapping [WelcomePageHandlerMapping.java:57] Adding welcome page template: index
2022-08-18 00:16:47,394 INFO [main] c.n.c.MapperTests [StartupInfoLogger.java:61] Started MapperTests in 0.835 seconds (JVM running for 1.154)
2022-08-18 00:16:47,555 INFO [main] c.z.h.HikariDataSource [HikariDataSource.java:110] HikariPool-1 - Starting...
2022-08-18 00:16:47,629 INFO [main] c.z.h.HikariDataSource [HikariDataSource.java:123] HikariPool-1 - Start completed.
2022-08-18 00:16:47,671 INFO [SpringApplicationShutdownHook] c.z.h.HikariDataSource [HikariDataSource.java:350] HikariPool-1 - Shutdown initiated...
2022-08-18 00:16:47,674 INFO [SpringApplicationShutdownHook] c.z.h.HikariDataSource [HikariDataSource.java:352] HikariPool-1 - Shutdown completed.
2022-08-18 00:18:02,062 INFO [main] c.n.c.MapperTests [StartupInfoLogger.java:55] Starting MapperTests using Java 18.0.2 on wukaiwendeMacBook-Air.local with PID 43386 (started by wukaiwen in /Users/wukaiwen/code/java/community)
2022-08-18 00:18:02,062 INFO [main] c.n.c.MapperTests [SpringApplication.java:634] No active profile set, falling back to 1 default profile: "default"
2022-08-18 00:18:02,656 INFO [main] o.s.b.a.w.s.WelcomePageHandlerMapping [WelcomePageHandlerMapping.java:57] Adding welcome page template: index
2022-08-18 00:18:02,757 INFO [main] c.n.c.MapperTests [StartupInfoLogger.java:61] Started MapperTests in 1.123 seconds (JVM running for 1.451)
2022-08-18 00:18:02,920 INFO [main] c.z.h.HikariDataSource [HikariDataSource.java:110] HikariPool-1 - Starting...
2022-08-18 00:18:02,993 INFO [main] c.z.h.HikariDataSource [HikariDataSource.java:123] HikariPool-1 - Start completed.
2022-08-18 00:18:03,039 INFO [SpringApplicationShutdownHook] c.z.h.HikariDataSource [HikariDataSource.java:350] HikariPool-1 - Shutdown initiated...
2022-08-18 00:18:03,042 INFO [SpringApplicationShutdownHook] c.z.h.HikariDataSource [HikariDataSource.java:352] HikariPool-1 - Shutdown completed.
2022-08-18 00:21:18,582 INFO [main] c.n.c.MapperTests [StartupInfoLogger.java:55] Starting MapperTests using Java 18.0.2 on wukaiwendeMacBook-Air.local with PID 43499 (started by wukaiwen in /Users/wukaiwen/code/java/community)
2022-08-18 00:21:18,582 INFO [main] c.n.c.MapperTests [SpringApplication.java:634] No active profile set, falling back to 1 default profile: "default"
2022-08-18 00:21:19,237 INFO [main] o.s.b.a.w.s.WelcomePageHandlerMapping [WelcomePageHandlerMapping.java:57] Adding welcome page template: index
2022-08-18 00:21:19,352 INFO [main] c.n.c.MapperTests [StartupInfoLogger.java:61] Started MapperTests in 1.127 seconds (JVM running for 1.638)
2022-08-18 00:22:09,524 INFO [main] c.z.h.HikariDataSource [HikariDataSource.java:110] HikariPool-1 - Starting...
2022-08-18 00:22:12,590 INFO [main] c.z.h.HikariDataSource [HikariDataSource.java:123] HikariPool-1 - Start completed.
2022-08-18 00:22:55,432 INFO [SpringApplicationShutdownHook] c.z.h.HikariDataSource [HikariDataSource.java:350] HikariPool-1 - Shutdown initiated...
2022-08-18 00:22:55,435 INFO [SpringApplicationShutdownHook] c.z.h.HikariDataSource [HikariDataSource.java:352] HikariPool-1 - Shutdown completed.
2022-08-18 00:23:13,861 INFO [main] c.n.c.MapperTests [StartupInfoLogger.java:55] Starting MapperTests using Java 18.0.2 on wukaiwendeMacBook-Air.local with PID 43542 (started by wukaiwen in /Users/wukaiwen/code/java/community)
2022-08-18 00:23:13,862 INFO [main] c.n.c.MapperTests [SpringApplication.java:634] No active profile set, falling back to 1 default profile: "default"
2022-08-18 00:23:14,567 INFO [main] o.s.b.a.w.s.WelcomePageHandlerMapping [WelcomePageHandlerMapping.java:57] Adding welcome page template: index
2022-08-18 00:23:14,671 INFO [main] c.n.c.MapperTests [StartupInfoLogger.java:61] Started MapperTests in 0.956 seconds (JVM running for 1.29)
2022-08-18 00:23:14,832 INFO [main] c.z.h.HikariDataSource [HikariDataSource.java:110] HikariPool-1 - Starting...
2022-08-18 00:23:14,902 INFO [main] c.z.h.HikariDataSource [HikariDataSource.java:123] HikariPool-1 - Start completed.
2022-08-18 00:23:14,949 INFO [SpringApplicationShutdownHook] c.z.h.HikariDataSource [HikariDataSource.java:350] HikariPool-1 - Shutdown initiated...
2022-08-18 00:23:14,952 INFO [SpringApplicationShutdownHook] c.z.h.HikariDataSource [HikariDataSource.java:352] HikariPool-1 - Shutdown completed.
2022-08-18 15:02:36,082 INFO [restartedMain] c.n.c.CommunityApplication [StartupInfoLogger.java:55] Starting CommunityApplication using Java 18.0.2 on wukaiwendeMacBook-Air.local with PID 54669 (/Users/wukaiwen/code/java/community/target/classes started by wukaiwen in /Users/wukaiwen/code/java/community)
2022-08-18 15:02:36,083 INFO [restartedMain] c.n.c.CommunityApplication [SpringApplication.java:634] No active profile set, falling back to 1 default profile: "default"
2022-08-18 15:02:36,112 INFO [restartedMain] o.s.b.d.e.DevToolsPropertyDefaultsPostProcessor [DeferredLog.java:255] Devtools property defaults active! Set 'spring.devtools.add-properties' to 'false' to disable
2022-08-18 15:02:36,112 INFO [restartedMain] o.s.b.d.e.DevToolsPropertyDefaultsPostProcessor [DeferredLog.java:255] For additional web related logging consider setting the 'logging.level.web' property to 'DEBUG'
2022-08-18 15:02:36,616 INFO [restartedMain] o.s.b.w.e.t.TomcatWebServer [TomcatWebServer.java:108] Tomcat initialized with port(s): 8080 (http)
2022-08-18 15:02:36,622 INFO [restartedMain] o.a.c.h.Http11NioProtocol [DirectJDKLog.java:173] Initializing ProtocolHandler ["http-nio-8080"]
2022-08-18 15:02:36,622 INFO [restartedMain] o.a.c.c.StandardService [DirectJDKLog.java:173] Starting service [Tomcat]
2022-08-18 15:02:36,622 INFO [restartedMain] o.a.c.c.StandardEngine [DirectJDKLog.java:173] Starting Servlet engine: [Apache Tomcat/9.0.65]
2022-08-18 15:02:36,653 INFO [restartedMain] o.a.c.c.C.[.[.[/community] [DirectJDKLog.java:173] Initializing Spring embedded WebApplicationContext
2022-08-18 15:02:36,653 INFO [restartedMain] o.s.b.w.s.c.ServletWebServerApplicationContext [ServletWebServerApplicationContext.java:292] Root WebApplicationContext: initialization completed in 541 ms
2022-08-18 15:02:36,913 INFO [restartedMain] o.s.b.a.w.s.WelcomePageHandlerMapping [WelcomePageHandlerMapping.java:57] Adding welcome page template: index
2022-08-18 15:02:37,032 INFO [restartedMain] o.s.b.d.a.OptionalLiveReloadServer [OptionalLiveReloadServer.java:58] LiveReload server is running on port 35729
2022-08-18 15:02:37,041 INFO [restartedMain] o.a.c.h.Http11NioProtocol [DirectJDKLog.java:173] Starting ProtocolHandler ["http-nio-8080"]
2022-08-18 15:02:37,050 INFO [restartedMain] o.s.b.w.e.t.TomcatWebServer [TomcatWebServer.java:220] Tomcat started on port(s): 8080 (http) with context path '/community'
2022-08-18 15:02:37,057 INFO [restartedMain] c.n.c.CommunityApplication [StartupInfoLogger.java:61] Started CommunityApplication in 1.486 seconds (JVM running for 1.679)
2022-08-18 15:04:14,922 INFO [http-nio-8080-exec-1] o.a.c.c.C.[.[.[/community] [DirectJDKLog.java:173] Initializing Spring DispatcherServlet 'dispatcherServlet'
2022-08-18 15:04:14,922 INFO [http-nio-8080-exec-1] o.s.w.s.DispatcherServlet [FrameworkServlet.java:525] Initializing Servlet 'dispatcherServlet'
2022-08-18 15:04:14,922 INFO [http-nio-8080-exec-1] o.s.w.s.DispatcherServlet [FrameworkServlet.java:547] Completed initialization in 0 ms
2022-08-18 15:04:14,965 INFO [http-nio-8080-exec-1] c.z.h.HikariDataSource [HikariDataSource.java:110] HikariPool-1 - Starting...
2022-08-18 15:04:15,044 INFO [http-nio-8080-exec-1] c.z.h.HikariDataSource [HikariDataSource.java:123] HikariPool-1 - Start completed.
2022-08-18 15:08:43,065 INFO [SpringApplicationShutdownHook] c.z.h.HikariDataSource [HikariDataSource.java:350] HikariPool-1 - Shutdown initiated...
2022-08-18 15:08:43,071 INFO [SpringApplicationShutdownHook] c.z.h.HikariDataSource [HikariDataSource.java:352] HikariPool-1 - Shutdown completed.
2022-08-18 15:09:49,541 INFO [main] c.n.c.CommunityApplicationTests [StartupInfoLogger.java:55] Starting CommunityApplicationTests using Java 18.0.2 on wukaiwendeMacBook-Air.local with PID 54957 (started by wukaiwen in /Users/wukaiwen/code/java/community)
2022-08-18 15:09:49,541 INFO [main] c.n.c.CommunityApplicationTests [SpringApplication.java:634] No active profile set, falling back to 1 default profile: "default"
2022-08-18 15:09:50,204 INFO [main] o.s.b.a.w.s.WelcomePageHandlerMapping [WelcomePageHandlerMapping.java:57] Adding welcome page template: index
2022-08-18 15:09:50,317 INFO [main] c.n.c.CommunityApplicationTests [StartupInfoLogger.java:61] Started CommunityApplicationTests in 1.265 seconds (JVM running for 1.605)
2022-08-18 15:17:02,679 INFO [main] c.n.c.CommunityApplicationTests [StartupInfoLogger.java:55] Starting CommunityApplicationTests using Java 18.0.2 on wukaiwendeMacBook-Air.local with PID 55174 (started by wukaiwen in /Users/wukaiwen/code/java/community)
2022-08-18 15:17:02,679 INFO [main] c.n.c.CommunityApplicationTests [SpringApplication.java:634] No active profile set, falling back to 1 default profile: "default"
2022-08-18 15:17:03,285 INFO [main] o.s.b.a.w.s.WelcomePageHandlerMapping [WelcomePageHandlerMapping.java:57] Adding welcome page template: index
2022-08-18 15:17:03,378 INFO [main] c.n.c.CommunityApplicationTests [StartupInfoLogger.java:61] Started CommunityApplicationTests in 1.1 seconds (JVM running for 1.433)
2022-08-18 15:17:03,542 INFO [main] c.z.h.HikariDataSource [HikariDataSource.java:110] HikariPool-1 - Starting...
2022-08-18 15:17:03,612 INFO [main] c.z.h.HikariDataSource [HikariDataSource.java:123] HikariPool-1 - Start completed.
2022-08-18 15:17:03,654 INFO [SpringApplicationShutdownHook] c.z.h.HikariDataSource [HikariDataSource.java:350] HikariPool-1 - Shutdown initiated...
2022-08-18 15:17:03,657 INFO [SpringApplicationShutdownHook] c.z.h.HikariDataSource [HikariDataSource.java:352] HikariPool-1 - Shutdown completed.
2022-08-18 15:17:54,336 INFO [main] c.n.c.CommunityApplicationTests [StartupInfoLogger.java:55] Starting CommunityApplicationTests using Java 18.0.2 on wukaiwendeMacBook-Air.local with PID 55205 (started by wukaiwen in /Users/wukaiwen/code/java/community)
2022-08-18 15:17:54,337 INFO [main] c.n.c.CommunityApplicationTests [SpringApplication.java:634] No active profile set, falling back to 1 default profile: "default"
2022-08-18 15:17:54,945 INFO [main] o.s.b.a.w.s.WelcomePageHandlerMapping [WelcomePageHandlerMapping.java:57] Adding welcome page template: index
2022-08-18 15:17:55,034 INFO [main] c.n.c.CommunityApplicationTests [StartupInfoLogger.java:61] Started CommunityApplicationTests in 0.824 seconds (JVM running for 1.142)
2022-08-18 15:17:55,185 INFO [main] c.z.h.HikariDataSource [HikariDataSource.java:110] HikariPool-1 - Starting...
2022-08-18 15:17:55,258 INFO [main] c.z.h.HikariDataSource [HikariDataSource.java:123] HikariPool-1 - Start completed.
2022-08-18 15:17:55,298 INFO [SpringApplicationShutdownHook] c.z.h.HikariDataSource [HikariDataSource.java:350] HikariPool-1 - Shutdown initiated...
2022-08-18 15:17:55,301 INFO [SpringApplicationShutdownHook] c.z.h.HikariDataSource [HikariDataSource.java:352] HikariPool-1 - Shutdown completed.
2022-08-18 15:18:22,721 INFO [restartedMain] c.n.c.CommunityApplication [StartupInfoLogger.java:55] Starting CommunityApplication using Java 18.0.2 on wukaiwendeMacBook-Air.local with PID 55234 (/Users/wukaiwen/code/java/community/target/classes started by wukaiwen in /Users/wukaiwen/code/java/community)
2022-08-18 15:18:22,722 INFO [restartedMain] c.n.c.CommunityApplication [SpringApplication.java:634] No active profile set, falling back to 1 default profile: "default"
2022-08-18 15:18:22,747 INFO [restartedMain] o.s.b.d.e.DevToolsPropertyDefaultsPostProcessor [DeferredLog.java:255] Devtools property defaults active! Set 'spring.devtools.add-properties' to 'false' to disable
2022-08-18 15:18:22,747 INFO [restartedMain] o.s.b.d.e.DevToolsPropertyDefaultsPostProcessor [DeferredLog.java:255] For additional web related logging consider setting the 'logging.level.web' property to 'DEBUG'
2022-08-18 15:18:23,178 INFO [restartedMain] o.s.b.w.e.t.TomcatWebServer [TomcatWebServer.java:108] Tomcat initialized with port(s): 8080 (http)
2022-08-18 15:18:23,182 INFO [restartedMain] o.a.c.h.Http11NioProtocol [DirectJDKLog.java:173] Initializing ProtocolHandler ["http-nio-8080"]
2022-08-18 15:18:23,182 INFO [restartedMain] o.a.c.c.StandardService [DirectJDKLog.java:173] Starting service [Tomcat]
2022-08-18 15:18:23,183 INFO [restartedMain] o.a.c.c.StandardEngine [DirectJDKLog.java:173] Starting Servlet engine: [Apache Tomcat/9.0.65]
2022-08-18 15:18:23,210 INFO [restartedMain] o.a.c.c.C.[.[.[/community] [DirectJDKLog.java:173] Initializing Spring embedded WebApplicationContext
2022-08-18 15:18:23,210 INFO [restartedMain] o.s.b.w.s.c.ServletWebServerApplicationContext [ServletWebServerApplicationContext.java:292] Root WebApplicationContext: initialization completed in 463 ms
2022-08-18 15:18:23,449 INFO [restartedMain] o.s.b.a.w.s.WelcomePageHandlerMapping [WelcomePageHandlerMapping.java:57] Adding welcome page template: index
2022-08-18 15:18:23,542 INFO [restartedMain] o.s.b.d.a.OptionalLiveReloadServer [OptionalLiveReloadServer.java:58] LiveReload server is running on port 35729
2022-08-18 15:18:23,549 INFO [restartedMain] o.a.c.h.Http11NioProtocol [DirectJDKLog.java:173] Starting ProtocolHandler ["http-nio-8080"]
2022-08-18 15:18:23,557 INFO [restartedMain] o.s.b.w.e.t.TomcatWebServer [TomcatWebServer.java:220] Tomcat started on port(s): 8080 (http) with context path '/community'
2022-08-18 15:18:23,564 INFO [restartedMain] c.n.c.CommunityApplication [StartupInfoLogger.java:61] Started CommunityApplication in 1.03 seconds (JVM running for 1.206)
2022-08-18 15:18:27,342 INFO [http-nio-8080-exec-1] o.a.c.c.C.[.[.[/community] [DirectJDKLog.java:173] Initializing Spring DispatcherServlet 'dispatcherServlet'
2022-08-18 15:18:27,342 INFO [http-nio-8080-exec-1] o.s.w.s.DispatcherServlet [FrameworkServlet.java:525] Initializing Servlet 'dispatcherServlet'
2022-08-18 15:18:27,343 INFO [http-nio-8080-exec-1] o.s.w.s.DispatcherServlet [FrameworkServlet.java:547] Completed initialization in 0 ms
2022-08-18 15:18:35,851 INFO [http-nio-8080-exec-5] c.z.h.HikariDataSource [HikariDataSource.java:110] HikariPool-1 - Starting...
2022-08-18 15:18:35,957 INFO [http-nio-8080-exec-5] c.z.h.HikariDataSource [HikariDataSource.java:123] HikariPool-1 - Start completed.
2022-08-18 15:19:06,476 INFO [SpringApplicationShutdownHook] c.z.h.HikariDataSource [HikariDataSource.java:350] HikariPool-1 - Shutdown initiated...
2022-08-18 15:19:06,481 INFO [SpringApplicationShutdownHook] c.z.h.HikariDataSource [HikariDataSource.java:352] HikariPool-1 - Shutdown completed.
2022-08-18 15:35:35,043 INFO [restartedMain] c.n.c.CommunityApplication [StartupInfoLogger.java:55] Starting CommunityApplication using Java 18.0.2 on wukaiwendeMacBook-Air.local with PID 55623 (/Users/wukaiwen/code/java/community/target/classes started by wukaiwen in /Users/wukaiwen/code/java/community)
2022-08-18 15:35:35,045 INFO [restartedMain] c.n.c.CommunityApplication [SpringApplication.java:634] No active profile set, falling back to 1 default profile: "default"
2022-08-18 15:35:35,078 INFO [restartedMain] o.s.b.d.e.DevToolsPropertyDefaultsPostProcessor [DeferredLog.java:255] Devtools property defaults active! Set 'spring.devtools.add-properties' to 'false' to disable
2022-08-18 15:35:35,078 INFO [restartedMain] o.s.b.d.e.DevToolsPropertyDefaultsPostProcessor [DeferredLog.java:255] For additional web related logging consider setting the 'logging.level.web' property to 'DEBUG'
2022-08-18 15:35:35,547 INFO [restartedMain] o.s.b.w.e.t.TomcatWebServer [TomcatWebServer.java:108] Tomcat initialized with port(s): 8080 (http)
2022-08-18 15:35:35,552 INFO [restartedMain] o.a.c.h.Http11NioProtocol [DirectJDKLog.java:173] Initializing ProtocolHandler ["http-nio-8080"]
2022-08-18 15:35:35,552 INFO [restartedMain] o.a.c.c.StandardService [DirectJDKLog.java:173] Starting service [Tomcat]
2022-08-18 15:35:35,552 INFO [restartedMain] o.a.c.c.StandardEngine [DirectJDKLog.java:173] Starting Servlet engine: [Apache Tomcat/9.0.65]
2022-08-18 15:35:35,579 INFO [restartedMain] o.a.c.c.C.[.[.[/community] [DirectJDKLog.java:173] Initializing Spring embedded WebApplicationContext
2022-08-18 15:35:35,579 INFO [restartedMain] o.s.b.w.s.c.ServletWebServerApplicationContext [ServletWebServerApplicationContext.java:292] Root WebApplicationContext: initialization completed in 500 ms
2022-08-18 15:35:35,814 INFO [restartedMain] o.s.b.a.w.s.WelcomePageHandlerMapping [WelcomePageHandlerMapping.java:57] Adding welcome page template: index
2022-08-18 15:35:35,916 INFO [restartedMain] o.s.b.d.a.OptionalLiveReloadServer [OptionalLiveReloadServer.java:58] LiveReload server is running on port 35729
2022-08-18 15:35:35,921 INFO [restartedMain] o.a.c.h.Http11NioProtocol [DirectJDKLog.java:173] Starting ProtocolHandler ["http-nio-8080"]
2022-08-18 15:35:35,930 INFO [restartedMain] o.s.b.w.e.t.TomcatWebServer [TomcatWebServer.java:220] Tomcat started on port(s): 8080 (http) with context path '/community'
2022-08-18 15:35:35,936 INFO [restartedMain] c.n.c.CommunityApplication [StartupInfoLogger.java:61] Started CommunityApplication in 1.404 seconds (JVM running for 1.624)
2022-08-18 15:35:40,992 INFO [http-nio-8080-exec-1] o.a.c.c.C.[.[.[/community] [DirectJDKLog.java:173] Initializing Spring DispatcherServlet 'dispatcherServlet'
2022-08-18 15:35:40,992 INFO [http-nio-8080-exec-1] o.s.w.s.DispatcherServlet [FrameworkServlet.java:525] Initializing Servlet 'dispatcherServlet'
2022-08-18 15:35:40,992 INFO [http-nio-8080-exec-1] o.s.w.s.DispatcherServlet [FrameworkServlet.java:547] Completed initialization in 0 ms
2022-08-18 15:35:53,608 INFO [http-nio-8080-exec-6] c.z.h.HikariDataSource [HikariDataSource.java:110] HikariPool-1 - Starting...
2022-08-18 15:35:53,705 INFO [http-nio-8080-exec-6] c.z.h.HikariDataSource [HikariDataSource.java:123] HikariPool-1 - Start completed.
2022-08-18 15:38:27,002 INFO [SpringApplicationShutdownHook] c.z.h.HikariDataSource [HikariDataSource.java:350] HikariPool-1 - Shutdown initiated...
2022-08-18 15:38:27,008 INFO [SpringApplicationShutdownHook] c.z.h.HikariDataSource [HikariDataSource.java:352] HikariPool-1 - Shutdown completed.
2022-08-18 15:42:40,789 INFO [main] c.n.c.CommunityApplicationTests [StartupInfoLogger.java:55] Starting CommunityApplicationTests using Java 18.0.2 on wukaiwendeMacBook-Air.local with PID 55809 (started by wukaiwen in /Users/wukaiwen/code/java/community)
2022-08-18 15:42:40,790 INFO [main] c.n.c.CommunityApplicationTests [SpringApplication.java:634] No active profile set, falling back to 1 default profile: "default"
2022-08-18 15:42:41,404 INFO [main] o.s.b.a.w.s.WelcomePageHandlerMapping [WelcomePageHandlerMapping.java:57] Adding welcome page template: index
2022-08-18 15:42:41,503 INFO [main] c.n.c.CommunityApplicationTests [StartupInfoLogger.java:61] Started CommunityApplicationTests in 1.156 seconds (JVM running for 1.507)
2022-08-18 15:42:41,689 INFO [main] c.z.h.HikariDataSource [HikariDataSource.java:110] HikariPool-1 - Starting...
2022-08-18 15:42:41,764 INFO [main] c.z.h.HikariDataSource [HikariDataSource.java:123] HikariPool-1 - Start completed.
2022-08-18 15:42:41,800 INFO [SpringApplicationShutdownHook] c.z.h.HikariDataSource [HikariDataSource.java:350] HikariPool-1 - Shutdown initiated...
2022-08-18 15:42:41,803 INFO [SpringApplicationShutdownHook] c.z.h.HikariDataSource [HikariDataSource.java:352] HikariPool-1 - Shutdown completed.
2022-08-18 15:50:16,416 INFO [main] c.n.c.CommunityApplicationTests [StartupInfoLogger.java:55] Starting CommunityApplicationTests using Java 18.0.2 on wukaiwendeMacBook-Air.local with PID 56126 (started by wukaiwen in /Users/wukaiwen/code/java/community)
2022-08-18 15:50:16,417 INFO [main] c.n.c.CommunityApplicationTests [SpringApplication.java:634] No active profile set, falling back to 1 default profile: "default"
2022-08-18 15:50:17,059 INFO [main] o.s.b.a.w.s.WelcomePageHandlerMapping [WelcomePageHandlerMapping.java:57] Adding welcome page template: index
2022-08-18 15:50:17,157 INFO [main] c.n.c.CommunityApplicationTests [StartupInfoLogger.java:61] Started CommunityApplicationTests in 1.169 seconds (JVM running for 1.526)
2022-08-18 15:50:17,342 INFO [main] c.z.h.HikariDataSource [HikariDataSource.java:110] HikariPool-1 - Starting...
2022-08-18 15:50:17,411 INFO [main] c.z.h.HikariDataSource [HikariDataSource.java:123] HikariPool-1 - Start completed.
2022-08-18 15:50:17,446 INFO [SpringApplicationShutdownHook] c.z.h.HikariDataSource [HikariDataSource.java:350] HikariPool-1 - Shutdown initiated...
2022-08-18 15:50:17,449 INFO [SpringApplicationShutdownHook] c.z.h.HikariDataSource [HikariDataSource.java:352] HikariPool-1 - Shutdown completed.
2022-08-18 15:51:05,795 INFO [restartedMain] c.n.c.CommunityApplication [StartupInfoLogger.java:55] Starting CommunityApplication using Java 18.0.2 on wukaiwendeMacBook-Air.local with PID 56157 (/Users/wukaiwen/code/java/community/target/classes started by wukaiwen in /Users/wukaiwen/code/java/community)
2022-08-18 15:51:05,796 INFO [restartedMain] c.n.c.CommunityApplication [SpringApplication.java:634] No active profile set, falling back to 1 default profile: "default"
2022-08-18 15:51:05,822 INFO [restartedMain] o.s.b.d.e.DevToolsPropertyDefaultsPostProcessor [DeferredLog.java:255] Devtools property defaults active! Set 'spring.devtools.add-properties' to 'false' to disable
2022-08-18 15:51:05,828 INFO [restartedMain] o.s.b.d.e.DevToolsPropertyDefaultsPostProcessor [DeferredLog.java:255] For additional web related logging consider setting the 'logging.level.web' property to 'DEBUG'
2022-08-18 15:51:06,296 INFO [restartedMain] o.s.b.w.e.t.TomcatWebServer [TomcatWebServer.java:108] Tomcat initialized with port(s): 8080 (http)
2022-08-18 15:51:06,301 INFO [restartedMain] o.a.c.h.Http11NioProtocol [DirectJDKLog.java:173] Initializing ProtocolHandler ["http-nio-8080"]
2022-08-18 15:51:06,301 INFO [restartedMain] o.a.c.c.StandardService [DirectJDKLog.java:173] Starting service [Tomcat]
2022-08-18 15:51:06,301 INFO [restartedMain] o.a.c.c.StandardEngine [DirectJDKLog.java:173] Starting Servlet engine: [Apache Tomcat/9.0.65]
2022-08-18 15:51:06,328 INFO [restartedMain] o.a.c.c.C.[.[.[/community] [DirectJDKLog.java:173] Initializing Spring embedded WebApplicationContext
2022-08-18 15:51:06,328 INFO [restartedMain] o.s.b.w.s.c.ServletWebServerApplicationContext [ServletWebServerApplicationContext.java:292] Root WebApplicationContext: initialization completed in 500 ms
2022-08-18 15:51:06,566 INFO [restartedMain] o.s.b.a.w.s.WelcomePageHandlerMapping [WelcomePageHandlerMapping.java:57] Adding welcome page template: index
2022-08-18 15:51:06,663 INFO [restartedMain] o.s.b.d.a.OptionalLiveReloadServer [OptionalLiveReloadServer.java:58] LiveReload server is running on port 35729
2022-08-18 15:51:06,670 INFO [restartedMain] o.a.c.h.Http11NioProtocol [DirectJDKLog.java:173] Starting ProtocolHandler ["http-nio-8080"]
2022-08-18 15:51:06,676 INFO [restartedMain] o.s.b.w.e.t.TomcatWebServer [TomcatWebServer.java:220] Tomcat started on port(s): 8080 (http) with context path '/community'
2022-08-18 15:51:06,681 INFO [restartedMain] c.n.c.CommunityApplication [StartupInfoLogger.java:61] Started CommunityApplication in 1.103 seconds (JVM running for 1.286)
2022-08-18 15:51:14,383 INFO [http-nio-8080-exec-1] o.a.c.c.C.[.[.[/community] [DirectJDKLog.java:173] Initializing Spring DispatcherServlet 'dispatcherServlet'
2022-08-18 15:51:14,383 INFO [http-nio-8080-exec-1] o.s.w.s.DispatcherServlet [FrameworkServlet.java:525] Initializing Servlet 'dispatcherServlet'
2022-08-18 15:51:14,384 INFO [http-nio-8080-exec-1] o.s.w.s.DispatcherServlet [FrameworkServlet.java:547] Completed initialization in 1 ms
2022-08-18 15:51:14,422 INFO [http-nio-8080-exec-1] c.z.h.HikariDataSource [HikariDataSource.java:110] HikariPool-1 - Starting...
2022-08-18 15:51:14,502 INFO [http-nio-8080-exec-1] c.z.h.HikariDataSource [HikariDataSource.java:123] HikariPool-1 - Start completed.
2022-08-18 15:51:23,461 INFO [SpringApplicationShutdownHook] c.z.h.HikariDataSource [HikariDataSource.java:350] HikariPool-1 - Shutdown initiated...
2022-08-18 15:51:23,466 INFO [SpringApplicationShutdownHook] c.z.h.HikariDataSource [HikariDataSource.java:352] HikariPool-1 - Shutdown completed.
2022-08-18 17:30:19,414 INFO [main] c.n.c.MailTests [StartupInfoLogger.java:55] Starting MailTests using Java 18.0.2 on wukaiwendeMacBook-Air.local with PID 58546 (started by wukaiwen in /Users/wukaiwen/code/java/community)
2022-08-18 17:30:19,415 INFO [main] c.n.c.MailTests [SpringApplication.java:634] No active profile set, falling back to 1 default profile: "default"
2022-08-18 17:30:20,052 INFO [main] o.s.b.a.w.s.WelcomePageHandlerMapping [WelcomePageHandlerMapping.java:57] Adding welcome page template: index
2022-08-18 17:30:20,152 INFO [main] c.n.c.MailTests [StartupInfoLogger.java:61] Started MailTests in 0.882 seconds (JVM running for 1.234)
2022-08-18 17:30:20,329 INFO [main] c.z.h.HikariDataSource [HikariDataSource.java:110] HikariPool-1 - Starting...
2022-08-18 17:30:20,406 INFO [main] c.z.h.HikariDataSource [HikariDataSource.java:123] HikariPool-1 - Start completed.
2022-08-18 17:31:21,896 INFO [SpringApplicationShutdownHook] c.z.h.HikariDataSource [HikariDataSource.java:350] HikariPool-1 - Shutdown initiated...
2022-08-18 17:31:21,899 INFO [SpringApplicationShutdownHook] c.z.h.HikariDataSource [HikariDataSource.java:352] HikariPool-1 - Shutdown completed.
2022-08-18 17:35:38,925 INFO [main] c.n.c.MailTests [StartupInfoLogger.java:55] Starting MailTests using Java 18.0.2 on wukaiwendeMacBook-Air.local with PID 58708 (started by wukaiwen in /Users/wukaiwen/code/java/community)
2022-08-18 17:35:38,926 INFO [main] c.n.c.MailTests [SpringApplication.java:634] No active profile set, falling back to 1 default profile: "default"
2022-08-18 17:35:39,538 INFO [main] o.s.b.a.w.s.WelcomePageHandlerMapping [WelcomePageHandlerMapping.java:57] Adding welcome page template: index
2022-08-18 17:35:39,631 INFO [main] c.n.c.MailTests [StartupInfoLogger.java:61] Started MailTests in 1.168 seconds (JVM running for 1.498)
2022-08-18 17:35:39,787 INFO [main] c.z.h.HikariDataSource [HikariDataSource.java:110] HikariPool-1 - Starting...
2022-08-18 17:35:39,859 INFO [main] c.z.h.HikariDataSource [HikariDataSource.java:123] HikariPool-1 - Start completed.
2022-08-18 17:35:41,075 INFO [SpringApplicationShutdownHook] c.z.h.HikariDataSource [HikariDataSource.java:350] HikariPool-1 - Shutdown initiated...
2022-08-18 17:35:41,080 INFO [SpringApplicationShutdownHook] c.z.h.HikariDataSource [HikariDataSource.java:352] HikariPool-1 - Shutdown completed.
2022-08-18 17:39:56,027 INFO [main] c.n.c.MailTests [StartupInfoLogger.java:55] Starting MailTests using Java 18.0.2 on wukaiwendeMacBook-Air.local with PID 58825 (started by wukaiwen in /Users/wukaiwen/code/java/community)
2022-08-18 17:39:56,028 INFO [main] c.n.c.MailTests [SpringApplication.java:634] No active profile set, falling back to 1 default profile: "default"
2022-08-18 17:39:56,653 INFO [main] o.s.b.a.w.s.WelcomePageHandlerMapping [WelcomePageHandlerMapping.java:57] Adding welcome page template: index
2022-08-18 17:39:56,755 INFO [main] c.n.c.MailTests [StartupInfoLogger.java:61] Started MailTests in 1.151 seconds (JVM running for 1.467)
2022-08-18 17:39:56,915 INFO [main] c.z.h.HikariDataSource [HikariDataSource.java:110] HikariPool-1 - Starting...
2022-08-18 17:39:56,989 INFO [main] c.z.h.HikariDataSource [HikariDataSource.java:123] HikariPool-1 - Start completed.
2022-08-18 17:39:58,185 INFO [SpringApplicationShutdownHook] c.z.h.HikariDataSource [HikariDataSource.java:350] HikariPool-1 - Shutdown initiated...
2022-08-18 17:39:58,189 INFO [SpringApplicationShutdownHook] c.z.h.HikariDataSource [HikariDataSource.java:352] HikariPool-1 - Shutdown completed.
2022-08-18 17:40:46,023 INFO [main] c.n.c.MailTests [StartupInfoLogger.java:55] Starting MailTests using Java 18.0.2 on wukaiwendeMacBook-Air.local with PID 58855 (started by wukaiwen in /Users/wukaiwen/code/java/community)
2022-08-18 17:40:46,024 INFO [main] c.n.c.MailTests [SpringApplication.java:634] No active profile set, falling back to 1 default profile: "default"
2022-08-18 17:40:46,634 INFO [main] o.s.b.a.w.s.WelcomePageHandlerMapping [WelcomePageHandlerMapping.java:57] Adding welcome page template: index
2022-08-18 17:40:46,731 INFO [main] c.n.c.MailTests [StartupInfoLogger.java:61] Started MailTests in 0.843 seconds (JVM running for 1.169)
2022-08-18 17:40:46,895 INFO [main] c.z.h.HikariDataSource [HikariDataSource.java:110] HikariPool-1 - Starting...
2022-08-18 17:40:46,969 INFO [main] c.z.h.HikariDataSource [HikariDataSource.java:123] HikariPool-1 - Start completed.
2022-08-18 17:40:47,003 INFO [SpringApplicationShutdownHook] c.z.h.HikariDataSource [HikariDataSource.java:350] HikariPool-1 - Shutdown initiated...
2022-08-18 17:40:47,006 INFO [SpringApplicationShutdownHook] c.z.h.HikariDataSource [HikariDataSource.java:352] HikariPool-1 - Shutdown completed.
2022-08-18 17:41:01,755 INFO [main] c.n.c.MailTests [StartupInfoLogger.java:55] Starting MailTests using Java 18.0.2 on wukaiwendeMacBook-Air.local with PID 58874 (started by wukaiwen in /Users/wukaiwen/code/java/community)
2022-08-18 17:41:01,756 INFO [main] c.n.c.MailTests [SpringApplication.java:634] No active profile set, falling back to 1 default profile: "default"
2022-08-18 17:41:02,399 INFO [main] o.s.b.a.w.s.WelcomePageHandlerMapping [WelcomePageHandlerMapping.java:57] Adding welcome page template: index
2022-08-18 17:41:02,492 INFO [main] c.n.c.MailTests [StartupInfoLogger.java:61] Started MailTests in 0.878 seconds (JVM running for 1.204)
2022-08-18 17:41:02,638 INFO [main] c.z.h.HikariDataSource [HikariDataSource.java:110] HikariPool-1 - Starting...
2022-08-18 17:41:02,716 INFO [main] c.z.h.HikariDataSource [HikariDataSource.java:123] HikariPool-1 - Start completed.
2022-08-18 17:41:04,109 INFO [SpringApplicationShutdownHook] c.z.h.HikariDataSource [HikariDataSource.java:350] HikariPool-1 - Shutdown initiated...
2022-08-18 17:41:04,120 INFO [SpringApplicationShutdownHook] c.z.h.HikariDataSource [HikariDataSource.java:352] HikariPool-1 - Shutdown completed.
2022-08-18 17:45:11,977 INFO [main] c.n.c.MailTests [StartupInfoLogger.java:55] Starting MailTests using Java 18.0.2 on wukaiwendeMacBook-Air.local with PID 58982 (started by wukaiwen in /Users/wukaiwen/code/java/community)
2022-08-18 17:45:11,978 INFO [main] c.n.c.MailTests [SpringApplication.java:634] No active profile set, falling back to 1 default profile: "default"
2022-08-18 17:45:12,602 INFO [main] o.s.b.a.w.s.WelcomePageHandlerMapping [WelcomePageHandlerMapping.java:57] Adding welcome page template: index
2022-08-18 17:45:12,703 INFO [main] c.n.c.MailTests [StartupInfoLogger.java:61] Started MailTests in 1.132 seconds (JVM running for 1.466)
2022-08-18 17:45:12,868 INFO [main] c.z.h.HikariDataSource [HikariDataSource.java:110] HikariPool-1 - Starting...
2022-08-18 17:45:12,946 INFO [main] c.z.h.HikariDataSource [HikariDataSource.java:123] HikariPool-1 - Start completed.
2022-08-18 17:45:14,269 INFO [SpringApplicationShutdownHook] c.z.h.HikariDataSource [HikariDataSource.java:350] HikariPool-1 - Shutdown initiated...
2022-08-18 17:45:14,273 INFO [SpringApplicationShutdownHook] c.z.h.HikariDataSource [HikariDataSource.java:352] HikariPool-1 - Shutdown completed.
2022-08-18 17:46:12,402 INFO [main] c.n.c.MailTests [StartupInfoLogger.java:55] Starting MailTests using Java 18.0.2 on wukaiwendeMacBook-Air.local with PID 59009 (started by wukaiwen in /Users/wukaiwen/code/java/community)
2022-08-18 17:46:12,403 INFO [main] c.n.c.MailTests [SpringApplication.java:634] No active profile set, falling back to 1 default profile: "default"
2022-08-18 17:46:13,010 INFO [main] o.s.b.a.w.s.WelcomePageHandlerMapping [WelcomePageHandlerMapping.java:57] Adding welcome page template: index
2022-08-18 17:46:13,102 INFO [main] c.n.c.MailTests [StartupInfoLogger.java:61] Started MailTests in 0.842 seconds (JVM running for 1.157)
2022-08-18 17:46:13,247 INFO [main] c.z.h.HikariDataSource [HikariDataSource.java:110] HikariPool-1 - Starting...
2022-08-18 17:46:13,314 INFO [main] c.z.h.HikariDataSource [HikariDataSource.java:123] HikariPool-1 - Start completed.
2022-08-18 17:46:13,349 INFO [SpringApplicationShutdownHook] c.z.h.HikariDataSource [HikariDataSource.java:350] HikariPool-1 - Shutdown initiated...
2022-08-18 17:46:13,352 INFO [SpringApplicationShutdownHook] c.z.h.HikariDataSource [HikariDataSource.java:352] HikariPool-1 - Shutdown completed.
2022-08-18 18:01:08,423 INFO [main] c.n.c.MailTests [StartupInfoLogger.java:55] Starting MailTests using Java 18.0.2 on wukaiwendeMacBook-Air.local with PID 59377 (started by wukaiwen in /Users/wukaiwen/code/java/community)
2022-08-18 18:01:08,424 INFO [main] c.n.c.MailTests [SpringApplication.java:634] No active profile set, falling back to 1 default profile: "default"
2022-08-18 18:01:09,099 INFO [main] o.s.b.a.w.s.WelcomePageHandlerMapping [WelcomePageHandlerMapping.java:57] Adding welcome page template: index
2022-08-18 18:01:09,192 INFO [main] c.n.c.MailTests [StartupInfoLogger.java:61] Started MailTests in 1.199 seconds (JVM running for 1.562)
2022-08-18 18:01:09,357 INFO [main] c.z.h.HikariDataSource [HikariDataSource.java:110] HikariPool-1 - Starting...
2022-08-18 18:01:09,430 INFO [main] c.z.h.HikariDataSource [HikariDataSource.java:123] HikariPool-1 - Start completed.
2022-08-18 18:01:09,468 INFO [SpringApplicationShutdownHook] c.z.h.HikariDataSource [HikariDataSource.java:350] HikariPool-1 - Shutdown initiated...
2022-08-18 18:01:09,471 INFO [SpringApplicationShutdownHook] c.z.h.HikariDataSource [HikariDataSource.java:352] HikariPool-1 - Shutdown completed.
2022-08-18 19:31:10,141 INFO [main] c.n.c.MailTests [StartupInfoLogger.java:55] Starting MailTests using Java 18.0.2 on wukaiwendeMacBook-Air.local with PID 61263 (started by wukaiwen in /Users/wukaiwen/code/java/community)
2022-08-18 19:31:10,143 INFO [main] c.n.c.MailTests [SpringApplication.java:634] No active profile set, falling back to 1 default profile: "default"
2022-08-18 19:31:10,825 INFO [main] o.s.b.a.w.s.WelcomePageHandlerMapping [WelcomePageHandlerMapping.java:57] Adding welcome page template: index
2022-08-18 19:31:10,930 INFO [main] c.n.c.MailTests [StartupInfoLogger.java:61] Started MailTests in 1.231 seconds (JVM running for 1.597)
2022-08-18 19:33:30,231 INFO [main] c.n.c.MailTests [StartupInfoLogger.java:55] Starting MailTests using Java 18.0.2 on wukaiwendeMacBook-Air.local with PID 61337 (started by wukaiwen in /Users/wukaiwen/code/java/community)
2022-08-18 19:33:30,231 INFO [main] c.n.c.MailTests [SpringApplication.java:634] No active profile set, falling back to 1 default profile: "default"
2022-08-18 19:33:30,890 INFO [main] o.s.b.a.w.s.WelcomePageHandlerMapping [WelcomePageHandlerMapping.java:57] Adding welcome page template: index
2022-08-18 19:33:31,004 INFO [main] c.n.c.MailTests [StartupInfoLogger.java:61] Started MailTests in 1.182 seconds (JVM running for 1.497)
2022-08-18 19:33:31,176 INFO [main] c.z.h.HikariDataSource [HikariDataSource.java:110] HikariPool-1 - Starting...
2022-08-18 19:33:31,258 INFO [main] c.z.h.HikariDataSource [HikariDataSource.java:123] HikariPool-1 - Start completed.
2022-08-18 19:33:32,697 INFO [SpringApplicationShutdownHook] c.z.h.HikariDataSource [HikariDataSource.java:350] HikariPool-1 - Shutdown initiated...
2022-08-18 19:33:32,702 INFO [SpringApplicationShutdownHook] c.z.h.HikariDataSource [HikariDataSource.java:352] HikariPool-1 - Shutdown completed.
2022-08-18 19:35:02,475 INFO [main] c.n.c.MailTests [StartupInfoLogger.java:55] Starting MailTests using Java 18.0.2 on wukaiwendeMacBook-Air.local with PID 61388 (started by wukaiwen in /Users/wukaiwen/code/java/community)
2022-08-18 19:35:02,476 INFO [main] c.n.c.MailTests [SpringApplication.java:634] No active profile set, falling back to 1 default profile: "default"
2022-08-18 19:35:03,078 INFO [main] o.s.b.a.w.s.WelcomePageHandlerMapping [WelcomePageHandlerMapping.java:57] Adding welcome page template: index
2022-08-18 19:35:03,179 INFO [main] c.n.c.MailTests [StartupInfoLogger.java:61] Started MailTests in 0.837 seconds (JVM running for 1.149)
2022-08-18 19:35:03,333 INFO [main] c.z.h.HikariDataSource [HikariDataSource.java:110] HikariPool-1 - Starting...
2022-08-18 19:35:03,407 INFO [main] c.z.h.HikariDataSource [HikariDataSource.java:123] HikariPool-1 - Start completed.
2022-08-18 19:35:04,712 INFO [SpringApplicationShutdownHook] c.z.h.HikariDataSource [HikariDataSource.java:350] HikariPool-1 - Shutdown initiated...
2022-08-18 19:35:04,717 INFO [SpringApplicationShutdownHook] c.z.h.HikariDataSource [HikariDataSource.java:352] HikariPool-1 - Shutdown completed.
2022-08-18 19:39:31,713 INFO [restartedMain] c.n.c.CommunityApplication [StartupInfoLogger.java:55] Starting CommunityApplication using Java 18.0.2 on wukaiwendeMacBook-Air.local with PID 61491 (/Users/wukaiwen/code/java/community/target/classes started by wukaiwen in /Users/wukaiwen/code/java/community)
2022-08-18 19:39:31,713 INFO [restartedMain] c.n.c.CommunityApplication [SpringApplication.java:634] No active profile set, falling back to 1 default profile: "default"
2022-08-18 19:39:31,743 INFO [restartedMain] o.s.b.d.e.DevToolsPropertyDefaultsPostProcessor [DeferredLog.java:255] Devtools property defaults active! Set 'spring.devtools.add-properties' to 'false' to disable
2022-08-18 19:39:31,743 INFO [restartedMain] o.s.b.d.e.DevToolsPropertyDefaultsPostProcessor [DeferredLog.java:255] For additional web related logging consider setting the 'logging.level.web' property to 'DEBUG'
2022-08-18 19:39:32,151 INFO [restartedMain] o.s.b.w.e.t.TomcatWebServer [TomcatWebServer.java:108] Tomcat initialized with port(s): 8080 (http)
2022-08-18 19:39:32,156 INFO [restartedMain] o.a.c.h.Http11NioProtocol [DirectJDKLog.java:173] Initializing ProtocolHandler ["http-nio-8080"]
2022-08-18 19:39:32,156 INFO [restartedMain] o.a.c.c.StandardService [DirectJDKLog.java:173] Starting service [Tomcat]
2022-08-18 19:39:32,157 INFO [restartedMain] o.a.c.c.StandardEngine [DirectJDKLog.java:173] Starting Servlet engine: [Apache Tomcat/9.0.65]
2022-08-18 19:39:32,185 INFO [restartedMain] o.a.c.c.C.[.[.[/community] [DirectJDKLog.java:173] Initializing Spring embedded WebApplicationContext
2022-08-18 19:39:32,186 INFO [restartedMain] o.s.b.w.s.c.ServletWebServerApplicationContext [ServletWebServerApplicationContext.java:292] Root WebApplicationContext: initialization completed in 443 ms
2022-08-18 19:39:32,434 INFO [restartedMain] o.s.b.a.w.s.WelcomePageHandlerMapping [WelcomePageHandlerMapping.java:57] Adding welcome page template: index
2022-08-18 19:39:32,539 INFO [restartedMain] o.s.b.d.a.OptionalLiveReloadServer [OptionalLiveReloadServer.java:58] LiveReload server is running on port 35729
2022-08-18 19:39:32,545 INFO [restartedMain] o.a.c.h.Http11NioProtocol [DirectJDKLog.java:173] Starting ProtocolHandler ["http-nio-8080"]
2022-08-18 19:39:32,552 INFO [restartedMain] o.s.b.w.e.t.TomcatWebServer [TomcatWebServer.java:220] Tomcat started on port(s): 8080 (http) with context path '/community'
2022-08-18 19:39:32,558 INFO [restartedMain] c.n.c.CommunityApplication [StartupInfoLogger.java:61] Started CommunityApplication in 1.054 seconds (JVM running for 1.225)
2022-08-18 19:39:42,913 INFO [restartedMain] c.n.c.CommunityApplication [StartupInfoLogger.java:55] Starting CommunityApplication using Java 18.0.2 on wukaiwendeMacBook-Air.local with PID 61515 (/Users/wukaiwen/code/java/community/target/classes started by wukaiwen in /Users/wukaiwen/code/java/community)
2022-08-18 19:39:42,915 INFO [restartedMain] c.n.c.CommunityApplication [SpringApplication.java:634] No active profile set, falling back to 1 default profile: "default"
2022-08-18 19:39:42,948 INFO [restartedMain] o.s.b.d.e.DevToolsPropertyDefaultsPostProcessor [DeferredLog.java:255] Devtools property defaults active! Set 'spring.devtools.add-properties' to 'false' to disable
2022-08-18 19:39:42,948 INFO [restartedMain] o.s.b.d.e.DevToolsPropertyDefaultsPostProcessor [DeferredLog.java:255] For additional web related logging consider setting the 'logging.level.web' property to 'DEBUG'
2022-08-18 19:39:43,404 INFO [restartedMain] o.s.b.w.e.t.TomcatWebServer [TomcatWebServer.java:108] Tomcat initialized with port(s): 8080 (http)
2022-08-18 19:39:43,409 INFO [restartedMain] o.a.c.h.Http11NioProtocol [DirectJDKLog.java:173] Initializing ProtocolHandler ["http-nio-8080"]
2022-08-18 19:39:43,409 INFO [restartedMain] o.a.c.c.StandardService [DirectJDKLog.java:173] Starting service [Tomcat]
2022-08-18 19:39:43,409 INFO [restartedMain] o.a.c.c.StandardEngine [DirectJDKLog.java:173] Starting Servlet engine: [Apache Tomcat/9.0.65]
2022-08-18 19:39:43,432 INFO [restartedMain] o.a.c.c.C.[.[.[/community] [DirectJDKLog.java:173] Initializing Spring embedded WebApplicationContext
2022-08-18 19:39:43,432 INFO [restartedMain] o.s.b.w.s.c.ServletWebServerApplicationContext [ServletWebServerApplicationContext.java:292] Root WebApplicationContext: initialization completed in 483 ms
2022-08-18 19:39:43,670 INFO [restartedMain] o.s.b.a.w.s.WelcomePageHandlerMapping [WelcomePageHandlerMapping.java:57] Adding welcome page template: index
2022-08-18 19:39:43,772 INFO [restartedMain] o.s.b.d.a.OptionalLiveReloadServer [OptionalLiveReloadServer.java:58] LiveReload server is running on port 35729
2022-08-18 19:39:43,778 INFO [restartedMain] o.a.c.h.Http11NioProtocol [DirectJDKLog.java:173] Starting ProtocolHandler ["http-nio-8080"]
2022-08-18 19:39:43,786 INFO [restartedMain] o.s.b.w.e.t.TomcatWebServer [TomcatWebServer.java:220] Tomcat started on port(s): 8080 (http) with context path '/community'
2022-08-18 19:39:43,791 INFO [restartedMain] c.n.c.CommunityApplication [StartupInfoLogger.java:61] Started CommunityApplication in 1.09 seconds (JVM running for 1.281)
2022-08-18 19:39:50,838 INFO [http-nio-8080-exec-2] o.a.c.c.C.[.[.[/community] [DirectJDKLog.java:173] Initializing Spring DispatcherServlet 'dispatcherServlet'
2022-08-18 19:39:50,838 INFO [http-nio-8080-exec-2] o.s.w.s.DispatcherServlet [FrameworkServlet.java:525] Initializing Servlet 'dispatcherServlet'
2022-08-18 19:39:50,839 INFO [http-nio-8080-exec-2] o.s.w.s.DispatcherServlet [FrameworkServlet.java:547] Completed initialization in 1 ms
2022-08-18 19:39:50,886 INFO [http-nio-8080-exec-2] c.z.h.HikariDataSource [HikariDataSource.java:110] HikariPool-1 - Starting...
2022-08-18 19:39:50,950 INFO [http-nio-8080-exec-2] c.z.h.HikariDataSource [HikariDataSource.java:123] HikariPool-1 - Start completed.
2022-08-18 19:40:03,280 INFO [SpringApplicationShutdownHook] c.z.h.HikariDataSource [HikariDataSource.java:350] HikariPool-1 - Shutdown initiated...
2022-08-18 19:40:03,286 INFO [SpringApplicationShutdownHook] c.z.h.HikariDataSource [HikariDataSource.java:352] HikariPool-1 - Shutdown completed.
2022-08-18 19:40:39,636 INFO [restartedMain] c.n.c.CommunityApplication [StartupInfoLogger.java:55] Starting CommunityApplication using Java 18.0.2 on wukaiwendeMacBook-Air.local with PID 61581 (/Users/wukaiwen/code/java/community/target/classes started by wukaiwen in /Users/wukaiwen/code/java/community)
2022-08-18 19:40:39,637 INFO [restartedMain] c.n.c.CommunityApplication [SpringApplication.java:634] No active profile set, falling back to 1 default profile: "default"
2022-08-18 19:40:39,663 INFO [restartedMain] o.s.b.d.e.DevToolsPropertyDefaultsPostProcessor [DeferredLog.java:255] Devtools property defaults active! Set 'spring.devtools.add-properties' to 'false' to disable
2022-08-18 19:40:39,664 INFO [restartedMain] o.s.b.d.e.DevToolsPropertyDefaultsPostProcessor [DeferredLog.java:255] For additional web related logging consider setting the 'logging.level.web' property to 'DEBUG'
2022-08-18 19:40:40,089 INFO [restartedMain] o.s.b.w.e.t.TomcatWebServer [TomcatWebServer.java:108] Tomcat initialized with port(s): 8080 (http)
2022-08-18 19:40:40,094 INFO [restartedMain] o.a.c.h.Http11NioProtocol [DirectJDKLog.java:173] Initializing ProtocolHandler ["http-nio-8080"]
2022-08-18 19:40:40,094 INFO [restartedMain] o.a.c.c.StandardService [DirectJDKLog.java:173] Starting service [Tomcat]
2022-08-18 19:40:40,094 INFO [restartedMain] o.a.c.c.StandardEngine [DirectJDKLog.java:173] Starting Servlet engine: [Apache Tomcat/9.0.65]
2022-08-18 19:40:40,121 INFO [restartedMain] o.a.c.c.C.[.[.[/community] [DirectJDKLog.java:173] Initializing Spring embedded WebApplicationContext
2022-08-18 19:40:40,121 INFO [restartedMain] o.s.b.w.s.c.ServletWebServerApplicationContext [ServletWebServerApplicationContext.java:292] Root WebApplicationContext: initialization completed in 457 ms
2022-08-18 19:40:40,371 INFO [restartedMain] o.s.b.a.w.s.WelcomePageHandlerMapping [WelcomePageHandlerMapping.java:57] Adding welcome page template: index
2022-08-18 19:40:40,468 INFO [restartedMain] o.s.b.d.a.OptionalLiveReloadServer [OptionalLiveReloadServer.java:58] LiveReload server is running on port 35729
2022-08-18 19:40:40,473 INFO [restartedMain] o.a.c.h.Http11NioProtocol [DirectJDKLog.java:173] Starting ProtocolHandler ["http-nio-8080"]
2022-08-18 19:40:40,484 INFO [restartedMain] o.s.b.w.e.t.TomcatWebServer [TomcatWebServer.java:220] Tomcat started on port(s): 8080 (http) with context path '/community'
2022-08-18 19:40:40,490 INFO [restartedMain] c.n.c.CommunityApplication [StartupInfoLogger.java:61] Started CommunityApplication in 1.043 seconds (JVM running for 1.228)
2022-08-18 19:40:44,407 INFO [http-nio-8080-exec-1] o.a.c.c.C.[.[.[/community] [DirectJDKLog.java:173] Initializing Spring DispatcherServlet 'dispatcherServlet'
2022-08-18 19:40:44,407 INFO [http-nio-8080-exec-1] o.s.w.s.DispatcherServlet [FrameworkServlet.java:525] Initializing Servlet 'dispatcherServlet'
2022-08-18 19:40:44,408 INFO [http-nio-8080-exec-1] o.s.w.s.DispatcherServlet [FrameworkServlet.java:547] Completed initialization in 1 ms
2022-08-18 19:40:44,466 INFO [http-nio-8080-exec-1] c.z.h.HikariDataSource [HikariDataSource.java:110] HikariPool-1 - Starting...
2022-08-18 19:40:44,536 INFO [http-nio-8080-exec-1] c.z.h.HikariDataSource [HikariDataSource.java:123] HikariPool-1 - Start completed.
2022-08-18 19:40:51,740 INFO [SpringApplicationShutdownHook] c.z.h.HikariDataSource [HikariDataSource.java:350] HikariPool-1 - Shutdown initiated...
2022-08-18 19:40:51,745 INFO [SpringApplicationShutdownHook] c.z.h.HikariDataSource [HikariDataSource.java:352] HikariPool-1 - Shutdown completed.
2022-08-18 20:30:39,503 INFO [restartedMain] c.n.c.CommunityApplication [StartupInfoLogger.java:55] Starting CommunityApplication using Java 18.0.2 on wukaiwendeMacBook-Air.local with PID 62792 (/Users/wukaiwen/code/java/community/target/classes started by wukaiwen in /Users/wukaiwen/code/java/community)
2022-08-18 20:30:39,504 INFO [restartedMain] c.n.c.CommunityApplication [SpringApplication.java:634] No active profile set, falling back to 1 default profile: "default"
2022-08-18 20:30:39,548 INFO [restartedMain] o.s.b.d.e.DevToolsPropertyDefaultsPostProcessor [DeferredLog.java:255] Devtools property defaults active! Set 'spring.devtools.add-properties' to 'false' to disable
2022-08-18 20:30:39,549 INFO [restartedMain] o.s.b.d.e.DevToolsPropertyDefaultsPostProcessor [DeferredLog.java:255] For additional web related logging consider setting the 'logging.level.web' property to 'DEBUG'
2022-08-18 20:30:40,052 INFO [restartedMain] o.s.b.w.e.t.TomcatWebServer [TomcatWebServer.java:108] Tomcat initialized with port(s): 8080 (http)
2022-08-18 20:30:40,057 INFO [restartedMain] o.a.c.h.Http11NioProtocol [DirectJDKLog.java:173] Initializing ProtocolHandler ["http-nio-8080"]
2022-08-18 20:30:40,057 INFO [restartedMain] o.a.c.c.StandardService [DirectJDKLog.java:173] Starting service [Tomcat]
2022-08-18 20:30:40,058 INFO [restartedMain] o.a.c.c.StandardEngine [DirectJDKLog.java:173] Starting Servlet engine: [Apache Tomcat/9.0.65]
2022-08-18 20:30:40,091 INFO [restartedMain] o.a.c.c.C.[.[.[/community] [DirectJDKLog.java:173] Initializing Spring embedded WebApplicationContext
2022-08-18 20:30:40,091 INFO [restartedMain] o.s.b.w.s.c.ServletWebServerApplicationContext [ServletWebServerApplicationContext.java:292] Root WebApplicationContext: initialization completed in 542 ms
2022-08-18 20:30:40,365 INFO [restartedMain] o.s.b.a.w.s.WelcomePageHandlerMapping [WelcomePageHandlerMapping.java:57] Adding welcome page template: index
2022-08-18 20:30:40,462 INFO [restartedMain] o.s.b.d.a.OptionalLiveReloadServer [OptionalLiveReloadServer.java:58] LiveReload server is running on port 35729
2022-08-18 20:30:40,468 INFO [restartedMain] o.a.c.h.Http11NioProtocol [DirectJDKLog.java:173] Starting ProtocolHandler ["http-nio-8080"]
2022-08-18 20:30:40,474 INFO [restartedMain] o.s.b.w.e.t.TomcatWebServer [TomcatWebServer.java:220] Tomcat started on port(s): 8080 (http) with context path '/community'
2022-08-18 20:30:40,479 INFO [restartedMain] c.n.c.CommunityApplication [StartupInfoLogger.java:61] Started CommunityApplication in 1.547 seconds (JVM running for 1.734)
2022-08-18 20:30:45,738 INFO [http-nio-8080-exec-2] o.a.c.c.C.[.[.[/community] [DirectJDKLog.java:173] Initializing Spring DispatcherServlet 'dispatcherServlet'
2022-08-18 20:30:45,738 INFO [http-nio-8080-exec-2] o.s.w.s.DispatcherServlet [FrameworkServlet.java:525] Initializing Servlet 'dispatcherServlet'
2022-08-18 20:30:45,739 INFO [http-nio-8080-exec-2] o.s.w.s.DispatcherServlet [FrameworkServlet.java:547] Completed initialization in 0 ms
2022-08-18 20:34:28,318 INFO [restartedMain] c.n.c.CommunityApplication [StartupInfoLogger.java:55] Starting CommunityApplication using Java 18.0.2 on wukaiwendeMacBook-Air.local with PID 62956 (/Users/wukaiwen/code/java/community/target/classes started by wukaiwen in /Users/wukaiwen/code/java/community)
2022-08-18 20:34:28,318 INFO [restartedMain] c.n.c.CommunityApplication [SpringApplication.java:634] No active profile set, falling back to 1 default profile: "default"
2022-08-18 20:34:28,346 INFO [restartedMain] o.s.b.d.e.DevToolsPropertyDefaultsPostProcessor [DeferredLog.java:255] Devtools property defaults active! Set 'spring.devtools.add-properties' to 'false' to disable
2022-08-18 20:34:28,346 INFO [restartedMain] o.s.b.d.e.DevToolsPropertyDefaultsPostProcessor [DeferredLog.java:255] For additional web related logging consider setting the 'logging.level.web' property to 'DEBUG'
2022-08-18 20:34:28,803 INFO [restartedMain] o.s.b.w.e.t.TomcatWebServer [TomcatWebServer.java:108] Tomcat initialized with port(s): 8080 (http)
2022-08-18 20:34:28,807 INFO [restartedMain] o.a.c.h.Http11NioProtocol [DirectJDKLog.java:173] Initializing ProtocolHandler ["http-nio-8080"]
2022-08-18 20:34:28,808 INFO [restartedMain] o.a.c.c.StandardService [DirectJDKLog.java:173] Starting service [Tomcat]
2022-08-18 20:34:28,808 INFO [restartedMain] o.a.c.c.StandardEngine [DirectJDKLog.java:173] Starting Servlet engine: [Apache Tomcat/9.0.65]
2022-08-18 20:34:28,857 INFO [restartedMain] o.a.c.c.C.[.[.[/community] [DirectJDKLog.java:173] Initializing Spring embedded WebApplicationContext
2022-08-18 20:34:28,857 INFO [restartedMain] o.s.b.w.s.c.ServletWebServerApplicationContext [ServletWebServerApplicationContext.java:292] Root WebApplicationContext: initialization completed in 511 ms
2022-08-18 20:34:29,115 INFO [restartedMain] o.s.b.a.w.s.WelcomePageHandlerMapping [WelcomePageHandlerMapping.java:57] Adding welcome page template: index
2022-08-18 20:34:29,212 INFO [restartedMain] o.s.b.d.a.OptionalLiveReloadServer [OptionalLiveReloadServer.java:58] LiveReload server is running on port 35729
2022-08-18 20:34:29,219 INFO [restartedMain] o.a.c.h.Http11NioProtocol [DirectJDKLog.java:173] Starting ProtocolHandler ["http-nio-8080"]
2022-08-18 20:34:29,226 INFO [restartedMain] o.s.b.w.e.t.TomcatWebServer [TomcatWebServer.java:220] Tomcat started on port(s): 8080 (http) with context path '/community'
2022-08-18 20:34:29,231 INFO [restartedMain] c.n.c.CommunityApplication [StartupInfoLogger.java:61] Started CommunityApplication in 1.434 seconds (JVM running for 1.666)
2022-08-18 20:34:29,903 INFO [http-nio-8080-exec-1] o.a.c.c.C.[.[.[/community] [DirectJDKLog.java:173] Initializing Spring DispatcherServlet 'dispatcherServlet'
2022-08-18 20:34:29,903 INFO [http-nio-8080-exec-1] o.s.w.s.DispatcherServlet [FrameworkServlet.java:525] Initializing Servlet 'dispatcherServlet'
2022-08-18 20:34:29,903 INFO [http-nio-8080-exec-1] o.s.w.s.DispatcherServlet [FrameworkServlet.java:547] Completed initialization in 0 ms
